To honour the JVM settings for this build a single-use Daemon process will be forked. For more on this, please refer to https://docs.gradle.org/9.2.0/userguide/gradle_daemon.html#sec:disabling_the_daemon in the Gradle documentation.
Daemon will be stopped at the end of the build
> Task :anchors:plugins:base:checkKotlinGradlePluginConfigurationErrors SKIPPED
> Task :did:did-core:checkKotlinGradlePluginConfigurationErrors SKIPPED
> Task :common:checkKotlinGradlePluginConfigurationErrors SKIPPED
> Task :anchors:anchor-core:checkKotlinGradlePluginConfigurationErrors SKIPPED
> Task :credentials:credential-core:checkKotlinGradlePluginConfigurationErrors SKIPPED
> Task :credentials:credential-core:processResources NO-SOURCE
> Task :anchors:anchor-core:processResources NO-SOURCE
> Task :did:did-core:processResources UP-TO-DATE
> Task :common:compileKotlin UP-TO-DATE
> Task :common:compileJava NO-SOURCE
> Task :common:processResources NO-SOURCE
> Task :common:classes UP-TO-DATE
> Task :common:jar UP-TO-DATE
> Task :anchors:anchor-core:compileKotlin UP-TO-DATE
> Task :anchors:anchor-core:compileJava NO-SOURCE
> Task :anchors:anchor-core:classes UP-TO-DATE
> Task :did:did-core:compileKotlin UP-TO-DATE
> Task :anchors:anchor-core:jar UP-TO-DATE
> Task :did:did-core:compileJava NO-SOURCE
> Task :did:did-core:classes UP-TO-DATE
> Task :did:did-core:jar UP-TO-DATE
> Task :credentials:credential-core:compileKotlin UP-TO-DATE
> Task :credentials:credential-core:compileJava NO-SOURCE
> Task :credentials:credential-core:classes UP-TO-DATE
> Task :credentials:credential-core:jar UP-TO-DATE

> Task :anchors:plugins:base:compileKotlin FAILED
./gradlew : e: file:///C:/Users/steph/work/trustweave/anchors/plugins/base/src/
main/kotlin/com/trustweave/anchor/base/BaseBlockchainAnchorClient.kt:8:35
Unresolved reference 'parseToJsonElement'.
At line:1 char:1
+ ./gradlew :anchors:plugins:base:compileKotlin --no-daemon 2>&1 > base ...
+ ~~~~~~~~~~~~~~~~~~~~~~~~~~~~~~~~~~~~~~~~~~~~~~~~~~~~~~~~~~~~~~~~~~~~~
    + CategoryInfo          : NotSpecified: (e: file:///C:/U...ToJsonElement'.
   :String) [], RemoteException
    + FullyQualifiedErrorId : NativeCommandError


[Incubating] Problems report is available at: file:///C:/Users/steph/work/trustweave/build/reports/problems/problems-report.html

FAILURE: Build failed with an exception.

* What went wrong:
Execution failed for task ':anchors:plugins:base:compileKotlin'.
> A failure occurred while executing org.jetbrains.kotlin.compilerRunner.Gradle
CompilerRunnerWithWorkers$GradleKotlinCompilerWorkAction
   > Compilation error. See log for more details

* Try:
> Run with --stacktrace option to get the stack trace.
> Run with --info or --debug option to get more log output.
> Run with --scan to generate a Build Scan (powered by Develocity).
> Get more help at https://help.gradle.org.

Deprecated Gradle features were used in this build, making it incompatible with Gradle 10.

You can use '--warning-mode all' to show the individual deprecation warnings and determine if they come from your own scripts or plugins.

For more on this, please refer to https://docs.gradle.org/9.2.0/userguide/command_line_interface.html#sec:command_line_warnings in the Gradle documentation.

BUILD FAILED in 48s
10 actionable tasks: 1 executed, 9 up-to-date
