To honour the JVM settings for this build a single-use Daemon process will be forked. For more on this, please refer to https://docs.gradle.org/9.2.0/userguide/gradle_daemon.html#sec:disabling_the_daemon in the Gradle documentation.
Daemon will be stopped at the end of the build
> Task :common:checkKotlinGradlePluginConfigurationErrors SKIPPED
> Task :common:compileKotlin UP-TO-DATE
> Task :common:compileJava NO-SOURCE
> Task :common:processResources NO-SOURCE
> Task :common:classes UP-TO-DATE

> Task :common:compileTestKotlin
./gradlew : e: file:///C:/Users/steph/work/trustweave/common/src/test/kotlin/co
m/trustweave/core/plugin/PluginRegistryErrorTest.kt:3:38 Unresolved reference
'TrustWeaveError'.
At line:1 char:1
+ ./gradlew :common:compileTestKotlin --no-daemon 2>&1 > common-test-er ...
+ ~~~~~~~~~~~~~~~~~~~~~~~~~~~~~~~~~~~~~~~~~~~~~~~~~~~~~~~~~~~~~~~~~~~~~
    + CategoryInfo          : NotSpecified: (e: file:///C:/U...ustWeaveError'.
   :String) [], RemoteException
    + FullyQualifiedErrorId : NativeCommandError

e: file:///C:/Users/steph/work/trustweave/common/src/test/kotlin/com/trustweave
/core/plugin/PluginRegistryErrorTest.kt:32:41 Unresolved reference
'TrustWeaveError'.
e: file:///C:/Users/steph/work/trustweave/common/src/test/kotlin/com/trustweave
/core/plugin/PluginRegistryErrorTest.kt:32:72 Argument type mismatch: actual
type is 'Function0<Unit>', but 'Function0<Unit>' was expected.
e: file:///C:/Users/steph/work/trustweave/common/src/test/kotlin/com/trustweave
/core/plugin/PluginRegistryErrorTest.kt:36:9 Type inference failed. The value
of the type parameter 'T' must be mentioned in input types (argument types,
receiver type, or expected type). Try to specify it explicitly.
e: file:///C:/Users/steph/work/trustweave/common/src/test/kotlin/com/trustweave
/core/plugin/PluginRegistryErrorTest.kt:49:41 Unresolved reference
'TrustWeaveError'.
e: file:///C:/Users/steph/work/trustweave/common/src/test/kotlin/com/trustweave
/core/plugin/PluginRegistryErrorTest.kt:49:72 Argument type mismatch: actual
type is 'Function0<Unit>', but 'Function0<Unit>' was expected.
e: file:///C:/Users/steph/work/trustweave/common/src/test/kotlin/com/trustweave
/core/plugin/PluginRegistryErrorTest.kt:53:9 Type inference failed. The value
of the type parameter 'T' must be mentioned in input types (argument types,
receiver type, or expected type). Try to specify it explicitly.
e: file:///C:/Users/steph/work/trustweave/common/src/test/kotlin/com/trustweave
/core/plugin/PluginRegistryErrorTest.kt:68:41 Unresolved reference
'TrustWeaveError'.
e: file:///C:/Users/steph/work/trustweave/common/src/test/kotlin/com/trustweave
/core/plugin/PluginRegistryErrorTest.kt:68:82 Argument type mismatch: actual
type is 'Function0<Unit>', but 'Function0<Unit>' was expected.
e: file:///C:/Users/steph/work/trustweave/common/src/test/kotlin/com/trustweave
/core/plugin/PluginRegistryErrorTest.kt:72:9 Type inference failed. The value
of the type parameter 'T' must be mentioned in input types (argument types,
receiver type, or expected type). Try to specify it explicitly.
e: file:///C:/Users/steph/work/trustweave/common/src/test/kotlin/com/trustweave
/core/plugin/PluginRegistryErrorTest.kt:73:47 Unresolved reference 'pluginId'.
e: file:///C:/Users/steph/work/trustweave/common/src/test/kotlin/com/trustweave
/core/plugin/PluginRegistryErrorTest.kt:74:47 Unresolved reference
'existingPlugin'.
e: file:///C:/Users/steph/work/trustweave/common/src/test/kotlin/com/trustweave
/core/plugin/ProviderChainErrorTest.kt:3:38 Unresolved reference
'TrustWeaveError'.
e: file:///C:/Users/steph/work/trustweave/common/src/test/kotlin/com/trustweave
/core/plugin/ProviderChainErrorTest.kt:54:41 Unresolved reference
'TrustWeaveError'.
e: file:///C:/Users/steph/work/trustweave/common/src/test/kotlin/com/trustweave
/core/plugin/ProviderChainErrorTest.kt:54:77 Argument type mismatch: actual
type is 'Function0<Unit>', but 'Function0<Unit>' was expected.
e: file:///C:/Users/steph/work/trustweave/common/src/test/kotlin/com/trustweave
/core/plugin/ProviderChainErrorTest.kt:58:9 Type inference failed. The value
of the type parameter 'T' must be mentioned in input types (argument types,
receiver type, or expected type). Try to specify it explicitly.
e: file:///C:/Users/steph/work/trustweave/common/src/test/kotlin/com/trustweave
/core/plugin/ProviderChainErrorTest.kt:59:35 Unresolved reference
'attemptedProviders'.
e: file:///C:/Users/steph/work/trustweave/common/src/test/kotlin/com/trustweave
/core/plugin/ProviderChainErrorTest.kt:61:30 Unresolved reference
'attemptedProviders'.
e: file:///C:/Users/steph/work/trustweave/common/src/test/kotlin/com/trustweave
/core/plugin/ProviderChainErrorTest.kt:61:55 Unresolved reference 'it'.
e: file:///C:/Users/steph/work/trustweave/common/src/test/kotlin/com/trustweave
/core/plugin/ProviderChainErrorTest.kt:62:9 Cannot infer type for type
parameter 'T'. Specify it explicitly.
e: file:///C:/Users/steph/work/trustweave/common/src/test/kotlin/com/trustweave
/core/plugin/ProviderChainErrorTest.kt:62:33 Unresolved reference
'lastException'.
e: file:///C:/Users/steph/work/trustweave/common/src/test/kotlin/com/trustweave
/core/plugin/ProviderChainErrorTest.kt:63:30 Unresolved reference
'providerErrors'.
e: file:///C:/Users/steph/work/trustweave/common/src/test/kotlin/com/trustweave
/core/plugin/ProviderChainErrorTest.kt:74:41 Unresolved reference
'TrustWeaveError'.
e: file:///C:/Users/steph/work/trustweave/common/src/test/kotlin/com/trustweave
/core/plugin/ProviderChainErrorTest.kt:74:77 Argument type mismatch: actual
type is 'Function0<Unit>', but 'Function0<Unit>' was expected.
e: file:///C:/Users/steph/work/trustweave/common/src/test/kotlin/com/trustweave
/core/plugin/ProviderChainErrorTest.kt:78:35 Unresolved reference
'providerErrors'.
e: file:///C:/Users/steph/work/trustweave/common/src/test/kotlin/com/trustweave
/core/plugin/ProviderChainErrorTest.kt:80:30 Unresolved reference
'providerErrors'.
e: file:///C:/Users/steph/work/trustweave/common/src/test/kotlin/com/trustweave
/core/plugin/ProviderChainErrorTest.kt:80:58 Unresolved reference 'it'.
e: file:///C:/Users/steph/work/trustweave/common/src/test/kotlin/com/trustweave
/core/plugin/ProviderChainErrorTest.kt:82:30 Unresolved reference
'providerErrors'.
e: file:///C:/Users/steph/work/trustweave/common/src/test/kotlin/com/trustweave
/core/plugin/ProviderChainErrorTest.kt:82:58 Unresolved reference 'it'.
e: file:///C:/Users/steph/work/trustweave/common/src/test/kotlin/com/trustweave
/core/plugin/ProviderChainErrorTest.kt:101:41 Unresolved reference
'TrustWeaveError'.
e: file:///C:/Users/steph/work/trustweave/common/src/test/kotlin/com/trustweave
/core/plugin/ProviderChainErrorTest.kt:101:75 Argument type mismatch: actual
type is 'Function0<Unit>', but 'Function0<Unit>' was expected.
e: file:///C:/Users/steph/work/trustweave/common/src/test/kotlin/com/trustweave
/core/plugin/ProviderChainErrorTest.kt:105:9 Type inference failed. The value
of the type parameter 'T' must be mentioned in input types (argument types,
receiver type, or expected type). Try to specify it explicitly.
e: file:///C:/Users/steph/work/trustweave/common/src/test/kotlin/com/trustweave
/core/plugin/ProviderChainErrorTest.kt:106:35 Unresolved reference 'pluginIds'.
e: file:///C:/Users/steph/work/trustweave/common/src/test/kotlin/com/trustweave
/core/plugin/ProviderChainErrorTest.kt:107:30 Unresolved reference 'pluginIds'.
e: file:///C:/Users/steph/work/trustweave/common/src/test/kotlin/com/trustweave
/core/plugin/ProviderChainErrorTest.kt:108:30 Unresolved reference 'pluginIds'.
e: file:///C:/Users/steph/work/trustweave/common/src/test/kotlin/com/trustweave
/core/plugin/ProviderChainErrorTest.kt:122:41 Unresolved reference
'TrustWeaveError'.
e: file:///C:/Users/steph/work/trustweave/common/src/test/kotlin/com/trustweave
/core/plugin/ProviderChainErrorTest.kt:122:80 Argument type mismatch: actual
type is 'Function0<Unit>', but 'Function0<Unit>' was expected.
e: file:///C:/Users/steph/work/trustweave/common/src/test/kotlin/com/trustweave
/core/plugin/ProviderChainErrorTest.kt:126:9 Type inference failed. The value
of the type parameter 'T' must be mentioned in input types (argument types,
receiver type, or expected type). Try to specify it explicitly.
e: file:///C:/Users/steph/work/trustweave/common/src/test/kotlin/com/trustweave
/core/plugin/ProviderChainErrorTest.kt:127:35 Unresolved reference
'requestedIds'.
e: file:///C:/Users/steph/work/trustweave/common/src/test/kotlin/com/trustweave
/core/plugin/ProviderChainErrorTest.kt:128:35 Unresolved reference 'foundIds'.
e: file:///C:/Users/steph/work/trustweave/common/src/test/kotlin/com/trustweave
/core/plugin/ProviderChainErrorTest.kt:129:35 Unresolved reference
'missingIds'.
e: file:///C:/Users/steph/work/trustweave/common/src/test/kotlin/com/trustweave
/core/plugin/ProviderChainErrorTest.kt:130:30 Unresolved reference 'foundIds'.
e: file:///C:/Users/steph/work/trustweave/common/src/test/kotlin/com/trustweave
/core/plugin/ProviderChainErrorTest.kt:131:30 Unresolved reference
'missingIds'.
e: file:///C:/Users/steph/work/trustweave/common/src/test/kotlin/com/trustweave
/core/plugin/ProviderChainErrorTest.kt:132:30 Unresolved reference
'missingIds'.
e: file:///C:/Users/steph/work/trustweave/common/src/test/kotlin/com/trustweave
/core/plugin/ProviderChainTest.kt:3:38 Unresolved reference 'TrustWeaveError'.
e: file:///C:/Users/steph/work/trustweave/common/src/test/kotlin/com/trustweave
/core/plugin/ProviderChainTest.kt:56:68 Cannot infer type for type parameter
'T'. Specify it explicitly.
e: file:///C:/Users/steph/work/trustweave/common/src/test/kotlin/com/trustweave
/core/plugin/ProviderChainTest.kt:64:25 Unresolved reference 'TrustWeaveError'.
e: file:///C:/Users/steph/work/trustweave/common/src/test/kotlin/com/trustweave
/core/plugin/ProviderChainTest.kt:64:61 Argument type mismatch: actual type is
'Function0<Unit>', but 'Function0<Unit>' was expected.
e: file:///C:/Users/steph/work/trustweave/common/src/test/kotlin/com/trustweave
/core/util/DigestUtilsErrorTest.kt:3:38 Unresolved reference 'TrustWeaveError'.
e: file:///C:/Users/steph/work/trustweave/common/src/test/kotlin/com/trustweave
/core/util/DigestUtilsErrorTest.kt:17:41 Unresolved reference
'TrustWeaveError'.
e: file:///C:/Users/steph/work/trustweave/common/src/test/kotlin/com/trustweave
/core/util/DigestUtilsErrorTest.kt:17:70 Argument type mismatch: actual type
is 'Function0<Unit>', but 'Function0<Unit>' was expected.
e: file:///C:/Users/steph/work/trustweave/common/src/test/kotlin/com/trustweave
/core/util/DigestUtilsErrorTest.kt:21:9 Type inference failed. The value of
the type parameter 'T' must be mentioned in input types (argument types,
receiver type, or expected type). Try to specify it explicitly.
e: file:///C:/Users/steph/work/trustweave/common/src/test/kotlin/com/trustweave
/core/util/DigestUtilsErrorTest.kt:22:9 Cannot infer type for type parameter
'T'. Specify it explicitly.
e: file:///C:/Users/steph/work/trustweave/common/src/test/kotlin/com/trustweave
/core/util/DigestUtilsErrorTest.kt:22:33 Unresolved reference 'parseError'.
e: file:///C:/Users/steph/work/trustweave/common/src/test/kotlin/com/trustweave
/core/util/DigestUtilsErrorTest.kt:23:45 Unresolved reference 'jsonString'.
e: file:///C:/Users/steph/work/trustweave/common/src/test/kotlin/com/trustweave
/core/util/DigestUtilsErrorTest.kt:39:41 Unresolved reference
'TrustWeaveError'.
e: file:///C:/Users/steph/work/trustweave/common/src/test/kotlin/com/trustweave
/core/util/DigestUtilsErrorTest.kt:39:70 Argument type mismatch: actual type
is 'Function0<Unit>', but 'Function0<Unit>' was expected.
e: file:///C:/Users/steph/work/trustweave/common/src/test/kotlin/com/trustweave
/core/util/DigestUtilsErrorTest.kt:43:9 Type inference failed. The value of
the type parameter 'T' must be mentioned in input types (argument types,
receiver type, or expected type). Try to specify it explicitly.

> Task :common:compileTestKotlin FAILED

[Incubating] Problems report is available at: file:///C:/Users/steph/work/trustweave/build/reports/problems/problems-report.html

FAILURE: Build failed with an exception.

* What went wrong:
Execution failed for task ':common:compileTestKotlin'.
> A failure occurred while executing org.jetbrains.kotlin.compilerRunner.Gradle
CompilerRunnerWithWorkers$GradleKotlinCompilerWorkAction
   > Compilation error. See log for more details

* Try:
> Run with --stacktrace option to get the stack trace.
> Run with --info or --debug option to get more log output.
> Run with --scan to generate a Build Scan (powered by Develocity).
> Get more help at https://help.gradle.org.

Deprecated Gradle features were used in this build, making it incompatible with Gradle 10.


BUILD FAILED in 55s
You can use '--warning-mode all' to show the individual deprecation warnings and determine if they come from your own scripts or plugins.

For more on this, please refer to https://docs.gradle.org/9.2.0/userguide/command_line_interface.html#sec:command_line_warnings in the Gradle documentation.
2 actionable tasks: 1 executed, 1 up-to-date
