To honour the JVM settings for this build a single-use Daemon process will be forked. For more on this, please refer to https://docs.gradle.org/9.2.0/userguide/gradle_daemon.html#sec:disabling_the_daemon in the Gradle documentation.
Daemon will be stopped at the end of the build
> Task :credentials:plugins:didcomm:checkKotlinGradlePluginConfigurationErrors SKIPPED
> Task :kms:kms-core:checkKotlinGradlePluginConfigurationErrors SKIPPED
> Task :did:did-core:checkKotlinGradlePluginConfigurationErrors SKIPPED
> Task :common:checkKotlinGradlePluginConfigurationErrors SKIPPED
> Task :credentials:credential-core:checkKotlinGradlePluginConfigurationErrors SKIPPED
> Task :credentials:credential-core:processResources NO-SOURCE
> Task :kms:kms-core:processResources NO-SOURCE
> Task :did:did-core:processResources UP-TO-DATE
> Task :common:compileKotlin UP-TO-DATE
> Task :common:compileJava NO-SOURCE
> Task :common:processResources NO-SOURCE
> Task :common:classes UP-TO-DATE
> Task :common:jar UP-TO-DATE
> Task :kms:kms-core:compileKotlin UP-TO-DATE
> Task :kms:kms-core:compileJava NO-SOURCE
> Task :kms:kms-core:classes UP-TO-DATE
> Task :kms:kms-core:jar UP-TO-DATE
> Task :did:did-core:compileKotlin UP-TO-DATE
> Task :did:did-core:compileJava NO-SOURCE
> Task :did:did-core:classes UP-TO-DATE
> Task :did:did-core:jar UP-TO-DATE
> Task :credentials:credential-core:compileKotlin UP-TO-DATE
> Task :credentials:credential-core:compileJava NO-SOURCE
> Task :credentials:credential-core:classes UP-TO-DATE
> Task :credentials:credential-core:jar UP-TO-DATE

> Task :credentials:plugins:didcomm:compileKotlin
./gradlew : e: file:///C:/Users/steph/work/trustweave/credentials/plugins/didco
mm/src/main/kotlin/com/trustweave/credential/didcomm/crypto/secret/EncryptedFil
eLocalKeyStore.kt:176:32 Inapplicable candidate(s): fun getConstructor(vararg
p0: Class<*>!): Constructor<Secret!>!
At line:1 char:1
+ ./gradlew :credentials:plugins:didcomm:compileKotlin --no-daemon 2>&1 ...
+ ~~~~~~~~~~~~~~~~~~~~~~~~~~~~~~~~~~~~~~~~~~~~~~~~~~~~~~~~~~~~~~~~~~~~~
    + CategoryInfo          : NotSpecified: (e: file:///C:/U...uctor<Secret!>!
   :String) [], RemoteException
    + FullyQualifiedErrorId : NativeCommandError

e: file:///C:/Users/steph/work/trustweave/credentials/plugins/didcomm/src/main/
kotlin/com/trustweave/credential/didcomm/crypto/secret/EncryptedFileLocalKeySto
re.kt:178:52 Unresolved reference 'Type'.
e: file:///C:/Users/steph/work/trustweave/credentials/plugins/didcomm/src/main/
kotlin/com/trustweave/credential/didcomm/crypto/secret/EncryptedFileLocalKeySto
re.kt:178:64 Cannot infer type for type parameter 'T'. Specify it explicitly.
e: file:///C:/Users/steph/work/trustweave/credentials/plugins/didcomm/src/main/
kotlin/com/trustweave/credential/didcomm/crypto/secret/EncryptedFileLocalKeySto
re.kt:178:64 Unresolved reference. None of the following candidates is
applicable because of a receiver type mismatch:
val <T> KClass<T>.java: Class<T>
e: file:///C:/Users/steph/work/trustweave/credentials/plugins/didcomm/src/main/
kotlin/com/trustweave/credential/didcomm/crypto/secret/EncryptedFileLocalKeySto
re.kt:182:52 Unresolved reference 'Type'.
e: file:///C:/Users/steph/work/trustweave/credentials/plugins/didcomm/src/main/
kotlin/com/trustweave/credential/didcomm/crypto/secret/HybridKmsSecretResolver.
kt:36:1 Class 'HybridKmsSecretResolver' is not abstract and does not implement
abstract members:
fun findKey(kid: String): Optional<Secret>
fun findKeys(kids: List<String>): Set<String>
e: file:///C:/Users/steph/work/trustweave/credentials/plugins/didcomm/src/main/
kotlin/com/trustweave/credential/didcomm/crypto/secret/HybridKmsSecretResolver.
kt:52:5 'resolve' overrides nothing.
e: file:///C:/Users/steph/work/trustweave/credentials/plugins/didcomm/src/main/
kotlin/com/trustweave/credential/didcomm/crypto/secret/KmsSecretResolver.kt:26:
1 Class 'KmsSecretResolver' is not abstract and does not implement abstract
members:
fun findKey(kid: String): Optional<Secret>
fun findKeys(kids: List<String>): Set<String>
e: file:///C:/Users/steph/work/trustweave/credentials/plugins/didcomm/src/main/
kotlin/com/trustweave/credential/didcomm/crypto/secret/KmsSecretResolver.kt:42:
5 'resolve' overrides nothing.
e: file:///C:/Users/steph/work/trustweave/credentials/plugins/didcomm/src/main/
kotlin/com/trustweave/credential/didcomm/crypto/secret/KmsSecretResolver.kt:75:
21 No parameter with name 'id' found.
e: file:///C:/Users/steph/work/trustweave/credentials/plugins/didcomm/src/main/
kotlin/com/trustweave/credential/didcomm/crypto/secret/KmsSecretResolver.kt:76:
35 Unresolved reference 'Type'.
e: file:///C:/Users/steph/work/trustweave/credentials/plugins/didcomm/src/main/
kotlin/com/trustweave/credential/didcomm/crypto/secret/KmsSecretResolver.kt:77:
21 No parameter with name 'privateKeyJwk' found.
e: file:///C:/Users/steph/work/trustweave/credentials/plugins/didcomm/src/main/
kotlin/com/trustweave/credential/didcomm/crypto/secret/KmsSecretResolver.kt:77:
21 No value passed for parameter 'kid'.
e: file:///C:/Users/steph/work/trustweave/credentials/plugins/didcomm/src/main/
kotlin/com/trustweave/credential/didcomm/crypto/secret/KmsSecretResolver.kt:77:
21 No value passed for parameter 'verificationMaterial'.
e: file:///C:/Users/steph/work/trustweave/credentials/plugins/didcomm/src/main/
kotlin/com/trustweave/credential/didcomm/examples/DidCommExamples.kt:9:23
Unresolved reference 'testkit'.
e: file:///C:/Users/steph/work/trustweave/credentials/plugins/didcomm/src/main/
kotlin/com/trustweave/credential/didcomm/examples/DidCommExamples.kt:22:19
Unresolved reference 'InMemoryKeyManagementService'.
e: file:///C:/Users/steph/work/trustweave/credentials/plugins/didcomm/src/main/
kotlin/com/trustweave/credential/didcomm/examples/DidCommExamples.kt:99:19
Unresolved reference 'InMemoryKeyManagementService'.
e: file:///C:/Users/steph/work/trustweave/credentials/plugins/didcomm/src/main/
kotlin/com/trustweave/credential/didcomm/exchange/DidCommExchangeProtocol.kt:16
7:49 Unresolved reference 'ProofRequest'.
e: file:///C:/Users/steph/work/trustweave/credentials/plugins/didcomm/src/main/
kotlin/com/trustweave/credential/didcomm/exchange/DidCommExchangeProtocol.kt:17
0:63 Cannot infer type for type parameter 'R'. Specify it explicitly.
e: file:///C:/Users/steph/work/trustweave/credentials/plugins/didcomm/src/main/
kotlin/com/trustweave/credential/didcomm/exchange/DidCommExchangeProtocol.kt:17
1:31 Unresolved reference 'RequestedAttribute'.
e: file:///C:/Users/steph/work/trustweave/credentials/plugins/didcomm/src/main/
kotlin/com/trustweave/credential/didcomm/exchange/DidCommExchangeProtocol.kt:17
3:54 Cannot infer type for type parameter 'R'. Specify it explicitly.
e: file:///C:/Users/steph/work/trustweave/credentials/plugins/didcomm/src/main/
kotlin/com/trustweave/credential/didcomm/exchange/DidCommExchangeProtocol.kt:17
4:39 Unresolved reference 'AttributeRestriction'.
e: file:///C:/Users/steph/work/trustweave/credentials/plugins/didcomm/src/main/
kotlin/com/trustweave/credential/didcomm/exchange/DidCommExchangeProtocol.kt:18
2:63 Cannot infer type for type parameter 'R'. Specify it explicitly.
e: file:///C:/Users/steph/work/trustweave/credentials/plugins/didcomm/src/main/
kotlin/com/trustweave/credential/didcomm/exchange/DidCommExchangeProtocol.kt:18
3:31 Unresolved reference 'RequestedPredicate'.
e: file:///C:/Users/steph/work/trustweave/credentials/plugins/didcomm/src/main/
kotlin/com/trustweave/credential/didcomm/exchange/DidCommExchangeProtocol.kt:18
7:54 Cannot infer type for type parameter 'R'. Specify it explicitly.
e: file:///C:/Users/steph/work/trustweave/credentials/plugins/didcomm/src/main/
kotlin/com/trustweave/credential/didcomm/exchange/DidCommExchangeProtocol.kt:18
8:39 Unresolved reference 'AttributeRestriction'.
e: file:///C:/Users/steph/work/trustweave/credentials/plugins/didcomm/src/main/
kotlin/com/trustweave/credential/didcomm/models/DidCommMessage.kt:34:9 'from'
hides member of supertype 'ProtocolMessage' and needs an 'override' modifier.
e: file:///C:/Users/steph/work/trustweave/credentials/plugins/didcomm/src/main/
kotlin/com/trustweave/credential/didcomm/models/DidCommMessage.kt:35:9 'to'
hides member of supertype 'ProtocolMessage' and needs an 'override' modifier.
e: file:///C:/Users/steph/work/trustweave/credentials/plugins/didcomm/src/main/
kotlin/com/trustweave/credential/didcomm/models/DidCommMessage.kt:37:9
'created' hides member of supertype 'ProtocolMessage' and needs an 'override'
modifier.
e: file:///C:/Users/steph/work/trustweave/credentials/plugins/didcomm/src/main/
kotlin/com/trustweave/credential/didcomm/models/DidCommMessage.kt:38:9
'expiresTime' hides member of supertype 'ProtocolMessage' and needs an
'override' modifier.
e: file:///C:/Users/steph/work/trustweave/credentials/plugins/didcomm/src/main/
kotlin/com/trustweave/credential/didcomm/models/DidCommMessage.kt:59:27
Argument type mismatch: actual type is 'List<String>', but 'JsonElement' was
expected.
e: file:///C:/Users/steph/work/trustweave/credentials/plugins/didcomm/src/main/
kotlin/com/trustweave/credential/didcomm/models/DidCommMessage.kt:65:36
Argument type mismatch: actual type is 'List<JsonObject>', but 'JsonElement'
was expected.
e: file:///C:/Users/steph/work/trustweave/credentials/plugins/didcomm/src/main/
kotlin/com/trustweave/credential/didcomm/models/DidCommMessage.kt:69:35
Argument type mismatch: actual type is 'List<String>', but 'JsonElement' was
expected.
e: file:///C:/Users/steph/work/trustweave/credentials/plugins/didcomm/src/main/
kotlin/com/trustweave/credential/didcomm/models/DidCommMessage.kt:105:39
Argument type mismatch: actual type is 'List<String>', but 'JsonElement' was
expected.
e: file:///C:/Users/steph/work/trustweave/credentials/plugins/didcomm/src/main/
kotlin/com/trustweave/credential/didcomm/packing/DidCommPacker.kt:272:13
Unresolved reference 'putAll'.
e: file:///C:/Users/steph/work/trustweave/credentials/plugins/didcomm/src/main/
kotlin/com/trustweave/credential/didcomm/protocol/ProofProtocol.kt:38:54
Unresolved reference 'associate'.
e: file:///C:/Users/steph/work/trustweave/credentials/plugins/didcomm/src/main/
kotlin/com/trustweave/credential/didcomm/protocol/ProofProtocol.kt:38:66
Cannot infer type for implicit value parameter 'it'. Specify it explicitly.
e: file:///C:/Users/steph/work/trustweave/credentials/plugins/didcomm/src/main/
kotlin/com/trustweave/credential/didcomm/protocol/ProofProtocol.kt:38:66
Operator call 'component1()' is ambiguous for destructuring of type 'ERROR
CLASS: Cannot infer type for parameter <destruct>'. Applicable candidates:
fun <T> Array<out T>.component1(): T
fun ByteArray.component1(): Byte
fun ShortArray.component1(): Short
fun IntArray.component1(): Int
fun LongArray.component1(): Long
fun FloatArray.component1(): Float
fun DoubleArray.component1(): Double
fun BooleanArray.component1(): Boolean
fun CharArray.component1(): Char
fun <T> List<T>.component1(): T
fun <K, V> Map.Entry<K, V>.component1(): K
fun UIntArray.component1(): UInt
fun ULongArray.component1(): ULong
fun UByteArray.component1(): UByte
fun UShortArray.component1(): UShort
e: file:///C:/Users/steph/work/trustweave/credentials/plugins/didcomm/src/main/
kotlin/com/trustweave/credential/didcomm/protocol/ProofProtocol.kt:38:66
Operator call 'component2()' is ambiguous for destructuring of type 'ERROR
CLASS: Cannot infer type for parameter <destruct>'. Applicable candidates:
fun <T> Array<out T>.component2(): T
fun ByteArray.component2(): Byte
fun ShortArray.component2(): Short
fun IntArray.component2(): Int
fun LongArray.component2(): Long
fun FloatArray.component2(): Float
fun DoubleArray.component2(): Double
fun BooleanArray.component2(): Boolean
fun CharArray.component2(): Char
fun <T> List<T>.component2(): T
fun <K, V> Map.Entry<K, V>.component2(): V
fun UIntArray.component2(): UInt
fun ULongArray.component2(): ULong
fun UByteArray.component2(): UByte
fun UShortArray.component2(): UShort
e: file:///C:/Users/steph/work/trustweave/credentials/plugins/didcomm/src/main/
kotlin/com/trustweave/credential/didcomm/protocol/ProofProtocol.kt:39:29
Cannot infer type for type parameter 'A'. Specify it explicitly.
e: file:///C:/Users/steph/work/trustweave/credentials/plugins/didcomm/src/main/
kotlin/com/trustweave/credential/didcomm/protocol/ProofProtocol.kt:39:29
Cannot infer type for type parameter 'B'. Specify it explicitly.
e: file:///C:/Users/steph/work/trustweave/credentials/plugins/didcomm/src/main/
kotlin/com/trustweave/credential/didcomm/protocol/ProofProtocol.kt:39:29
Unresolved reference. None of the following candidates is applicable because
of a receiver type mismatch:
fun <A, B> A.to(that: B): Pair<A, B>
e: file:///C:/Users/steph/work/trustweave/credentials/plugins/didcomm/src/main/
kotlin/com/trustweave/credential/didcomm/protocol/ProofProtocol.kt:40:46
Unresolved reference 'name'.
e: file:///C:/Users/steph/work/trustweave/credentials/plugins/didcomm/src/main/
kotlin/com/trustweave/credential/didcomm/protocol/ProofProtocol.kt:42:38
Unresolved reference 'restrictions'.
e: file:///C:/Users/steph/work/trustweave/credentials/plugins/didcomm/src/main/
kotlin/com/trustweave/credential/didcomm/protocol/ProofProtocol.kt:42:57
Cannot infer type for value parameter 'restriction'. Specify it explicitly.
e: file:///C:/Users/steph/work/trustweave/credentials/plugins/didcomm/src/main/
kotlin/com/trustweave/credential/didcomm/protocol/ProofProtocol.kt:44:53
Unresolved reference 'issuerDid'.
e: file:///C:/Users/steph/work/trustweave/credentials/plugins/didcomm/src/main/
kotlin/com/trustweave/credential/didcomm/protocol/ProofProtocol.kt:44:64
Cannot infer type for type parameter 'T'. Specify it explicitly.
e: file:///C:/Users/steph/work/trustweave/credentials/plugins/didcomm/src/main/
kotlin/com/trustweave/credential/didcomm/protocol/ProofProtocol.kt:44:64
Cannot infer type for type parameter 'R'. Specify it explicitly.
e: file:///C:/Users/steph/work/trustweave/credentials/plugins/didcomm/src/main/
kotlin/com/trustweave/credential/didcomm/protocol/ProofProtocol.kt:44:68
Cannot infer type for type parameter 'T'. Specify it explicitly.
e: file:///C:/Users/steph/work/trustweave/credentials/plugins/didcomm/src/main/
kotlin/com/trustweave/credential/didcomm/protocol/ProofProtocol.kt:45:53
Unresolved reference 'schemaId'.
e: file:///C:/Users/steph/work/trustweave/credentials/plugins/didcomm/src/main/
kotlin/com/trustweave/credential/didcomm/protocol/ProofProtocol.kt:45:63
Cannot infer type for type parameter 'T'. Specify it explicitly.
e: file:///C:/Users/steph/work/trustweave/credentials/plugins/didcomm/src/main/
kotlin/com/trustweave/credential/didcomm/protocol/ProofProtocol.kt:45:63
Cannot infer type for type parameter 'R'. Specify it explicitly.
e: file:///C:/Users/steph/work/trustweave/credentials/plugins/didcomm/src/main/
kotlin/com/trustweave/credential/didcomm/protocol/ProofProtocol.kt:45:67
Cannot infer type for type parameter 'T'. Specify it explicitly.
e: file:///C:/Users/steph/work/trustweave/credentials/plugins/didcomm/src/main/
kotlin/com/trustweave/credential/didcomm/protocol/ProofProtocol.kt:46:53
Unresolved reference 'credentialDefinitionId'.
e: file:///C:/Users/steph/work/trustweave/credentials/plugins/didcomm/src/main/
kotlin/com/trustweave/credential/didcomm/protocol/ProofProtocol.kt:46:77
Cannot infer type for type parameter 'T'. Specify it explicitly.
e: file:///C:/Users/steph/work/trustweave/credentials/plugins/didcomm/src/main/
kotlin/com/trustweave/credential/didcomm/protocol/ProofProtocol.kt:46:77
Cannot infer type for type parameter 'R'. Specify it explicitly.
e: file:///C:/Users/steph/work/trustweave/credentials/plugins/didcomm/src/main/
kotlin/com/trustweave/credential/didcomm/protocol/ProofProtocol.kt:46:81
Cannot infer type for type parameter 'T'. Specify it explicitly.
e: file:///C:/Users/steph/work/trustweave/credentials/plugins/didcomm/src/main/
kotlin/com/trustweave/credential/didcomm/protocol/ProofProtocol.kt:54:54
Unresolved reference 'associate'.
e: file:///C:/Users/steph/work/trustweave/credentials/plugins/didcomm/src/main/
kotlin/com/trustweave/credential/didcomm/protocol/ProofProtocol.kt:54:66
Cannot infer type for implicit value parameter 'it'. Specify it explicitly.
e: file:///C:/Users/steph/work/trustweave/credentials/plugins/didcomm/src/main/
kotlin/com/trustweave/credential/didcomm/protocol/ProofProtocol.kt:54:66
Operator call 'component1()' is ambiguous for destructuring of type 'ERROR
CLASS: Cannot infer type for parameter <destruct>'. Applicable candidates:
fun <T> Array<out T>.component1(): T
fun ByteArray.component1(): Byte
fun ShortArray.component1(): Short
fun IntArray.component1(): Int
fun LongArray.component1(): Long
fun FloatArray.component1(): Float
fun DoubleArray.component1(): Double
fun BooleanArray.component1(): Boolean
fun CharArray.component1(): Char
fun <T> List<T>.component1(): T
fun <K, V> Map.Entry<K, V>.component1(): K
fun UIntArray.component1(): UInt
fun ULongArray.component1(): ULong
fun UByteArray.component1(): UByte
fun UShortArray.component1(): UShort
e: file:///C:/Users/steph/work/trustweave/credentials/plugins/didcomm/src/main/
kotlin/com/trustweave/credential/didcomm/protocol/ProofProtocol.kt:54:66
Operator call 'component2()' is ambiguous for destructuring of type 'ERROR
CLASS: Cannot infer type for parameter <destruct>'. Applicable candidates:
fun <T> Array<out T>.component2(): T
fun ByteArray.component2(): Byte
fun ShortArray.component2(): Short
fun IntArray.component2(): Int
fun LongArray.component2(): Long
fun FloatArray.component2(): Float
fun DoubleArray.component2(): Double
fun BooleanArray.component2(): Boolean
fun CharArray.component2(): Char
fun <T> List<T>.component2(): T
fun <K, V> Map.Entry<K, V>.component2(): V
fun UIntArray.component2(): UInt
fun ULongArray.component2(): ULong
fun UByteArray.component2(): UByte
fun UShortArray.component2(): UShort
e: file:///C:/Users/steph/work/trustweave/credentials/plugins/didcomm/src/main/
kotlin/com/trustweave/credential/didcomm/protocol/ProofProtocol.kt:55:29
Cannot infer type for type parameter 'A'. Specify it explicitly.
e: file:///C:/Users/steph/work/trustweave/credentials/plugins/didcomm/src/main/
kotlin/com/trustweave/credential/didcomm/protocol/ProofProtocol.kt:55:29
Cannot infer type for type parameter 'B'. Specify it explicitly.
e: file:///C:/Users/steph/work/trustweave/credentials/plugins/didcomm/src/main/
kotlin/com/trustweave/credential/didcomm/protocol/ProofProtocol.kt:55:29
Unresolved reference. None of the following candidates is applicable because
of a receiver type mismatch:
fun <A, B> A.to(that: B): Pair<A, B>
e: file:///C:/Users/steph/work/trustweave/credentials/plugins/didcomm/src/main/
kotlin/com/trustweave/credential/didcomm/protocol/ProofProtocol.kt:56:46
Unresolved reference 'name'.
e: file:///C:/Users/steph/work/trustweave/credentials/plugins/didcomm/src/main/
kotlin/com/trustweave/credential/didcomm/protocol/ProofProtocol.kt:57:48
Unresolved reference 'pType'.
e: file:///C:/Users/steph/work/trustweave/credentials/plugins/didcomm/src/main/
kotlin/com/trustweave/credential/didcomm/protocol/ProofProtocol.kt:58:49
Unresolved reference 'pValue'.
e: file:///C:/Users/steph/work/trustweave/credentials/plugins/didcomm/src/main/
kotlin/com/trustweave/credential/didcomm/protocol/ProofProtocol.kt:60:38
Unresolved reference 'restrictions'.
e: file:///C:/Users/steph/work/trustweave/credentials/plugins/didcomm/src/main/
kotlin/com/trustweave/credential/didcomm/protocol/ProofProtocol.kt:60:57
Cannot infer type for value parameter 'restriction'. Specify it explicitly.
e: file:///C:/Users/steph/work/trustweave/credentials/plugins/didcomm/src/main/
kotlin/com/trustweave/credential/didcomm/protocol/ProofProtocol.kt:62:53
Unresolved reference 'issuerDid'.
e: file:///C:/Users/steph/work/trustweave/credentials/plugins/didcomm/src/main/
kotlin/com/trustweave/credential/didcomm/protocol/ProofProtocol.kt:62:64
Cannot infer type for type parameter 'T'. Specify it explicitly.
e: file:///C:/Users/steph/work/trustweave/credentials/plugins/didcomm/src/main/
kotlin/com/trustweave/credential/didcomm/protocol/ProofProtocol.kt:62:64
Cannot infer type for type parameter 'R'. Specify it explicitly.
e: file:///C:/Users/steph/work/trustweave/credentials/plugins/didcomm/src/main/
kotlin/com/trustweave/credential/didcomm/protocol/ProofProtocol.kt:62:68
Cannot infer type for type parameter 'T'. Specify it explicitly.
e: file:///C:/Users/steph/work/trustweave/credentials/plugins/didcomm/src/main/
kotlin/com/trustweave/credential/didcomm/protocol/ProofProtocol.kt:63:53
Unresolved reference 'schemaId'.
e: file:///C:/Users/steph/work/trustweave/credentials/plugins/didcomm/src/main/
kotlin/com/trustweave/credential/didcomm/protocol/ProofProtocol.kt:63:63
Cannot infer type for type parameter 'T'. Specify it explicitly.
e: file:///C:/Users/steph/work/trustweave/credentials/plugins/didcomm/src/main/
kotlin/com/trustweave/credential/didcomm/protocol/ProofProtocol.kt:63:63
Cannot infer type for type parameter 'R'. Specify it explicitly.
e: file:///C:/Users/steph/work/trustweave/credentials/plugins/didcomm/src/main/
kotlin/com/trustweave/credential/didcomm/protocol/ProofProtocol.kt:63:67
Cannot infer type for type parameter 'T'. Specify it explicitly.
e: file:///C:/Users/steph/work/trustweave/credentials/plugins/didcomm/src/main/
kotlin/com/trustweave/credential/didcomm/protocol/ProofProtocol.kt:64:53
Unresolved reference 'credentialDefinitionId'.
e: file:///C:/Users/steph/work/trustweave/credentials/plugins/didcomm/src/main/
kotlin/com/trustweave/credential/didcomm/protocol/ProofProtocol.kt:64:77
Cannot infer type for type parameter 'T'. Specify it explicitly.
e: file:///C:/Users/steph/work/trustweave/credentials/plugins/didcomm/src/main/
kotlin/com/trustweave/credential/didcomm/protocol/ProofProtocol.kt:64:77
Cannot infer type for type parameter 'R'. Specify it explicitly.
e: file:///C:/Users/steph/work/trustweave/credentials/plugins/didcomm/src/main/
kotlin/com/trustweave/credential/didcomm/protocol/ProofProtocol.kt:64:81
Cannot infer type for type parameter 'T'. Specify it explicitly.
e: file:///C:/Users/steph/work/trustweave/credentials/plugins/didcomm/src/main/
kotlin/com/trustweave/credential/didcomm/storage/analytics/PostgresMessageAnaly
tics.kt:264:5 Missing return statement.
e: file:///C:/Users/steph/work/trustweave/credentials/plugins/didcomm/src/main/
kotlin/com/trustweave/credential/didcomm/storage/database/MongoDidCommMessageSt
orage.kt:383:26 Return type of 'markAsArchived' is not a subtype of the return
type of the overridden member 'suspend fun markAsArchived(messageIds:
List<String>, archiveId: String): Unit' defined in
'com.trustweave.credential.didcomm.storage.DidCommMessageStorage'.
e: file:///C:/Users/steph/work/trustweave/credentials/plugins/didcomm/src/main/
kotlin/com/trustweave/credential/didcomm/storage/database/PostgresDidCommMessag
eStorage.kt:50:26 Return type of 'markAsArchived' is not a subtype of the
return type of the overridden member 'suspend fun markAsArchived(messageIds:
List<String>, archiveId: String): Unit' defined in
'com.trustweave.credential.didcomm.storage.DidCommMessageStorage'.
e: file:///C:/Users/steph/work/trustweave/credentials/plugins/didcomm/src/main/
kotlin/com/trustweave/credential/didcomm/storage/replication/ReplicationManager
.kt:53:40 Unresolved reference 'launch'.
e: file:///C:/Users/steph/work/trustweave/credentials/plugins/didcomm/src/main/
kotlin/com/trustweave/credential/didcomm/storage/replication/ReplicationManager
.kt:55:37 Suspension functions can only be called within coroutine body.
e: file:///C:/Users/steph/work/trustweave/credentials/plugins/didcomm/src/main/
kotlin/com/trustweave/credential/didcomm/storage/replication/ReplicationManager
.kt:99:36 Unresolved reference 'launch'.
e: file:///C:/Users/steph/work/trustweave/credentials/plugins/didcomm/src/main/
kotlin/com/trustweave/credential/didcomm/storage/replication/ReplicationManager
.kt:101:33 Suspension functions can only be called within coroutine body.
e: file:///C:/Users/steph/work/trustweave/credentials/plugins/didcomm/src/main/
kotlin/com/trustweave/credential/didcomm/storage/replication/ReplicationManager
.kt:115:36 Unresolved reference 'launch'.
e: file:///C:/Users/steph/work/trustweave/credentials/plugins/didcomm/src/main/
kotlin/com/trustweave/credential/didcomm/storage/replication/ReplicationManager
.kt:117:33 Suspension functions can only be called within coroutine body.
e: file:///C:/Users/steph/work/trustweave/credentials/plugins/didcomm/src/main/
kotlin/com/trustweave/credential/didcomm/storage/replication/ReplicationManager
.kt:131:36 Unresolved reference 'launch'.
e: file:///C:/Users/steph/work/trustweave/credentials/plugins/didcomm/src/main/
kotlin/com/trustweave/credential/didcomm/storage/replication/ReplicationManager
.kt:133:33 Suspension functions can only be called within coroutine body.
e: file:///C:/Users/steph/work/trustweave/credentials/plugins/didcomm/src/main/
kotlin/com/trustweave/credential/didcomm/storage/replication/ReplicationManager
.kt:163:32 Unresolved reference 'launch'.
e: file:///C:/Users/steph/work/trustweave/credentials/plugins/didcomm/src/main/
kotlin/com/trustweave/credential/didcomm/storage/replication/ReplicationManager
.kt:165:29 Suspension functions can only be called within coroutine body.

> Task :credentials:plugins:didcomm:compileKotlin FAILED

[Incubating] Problems report is available at: file:///C:/Users/steph/work/trustweave/build/reports/problems/problems-report.html

FAILURE: Build failed with an exception.

* What went wrong:
Execution failed for task ':credentials:plugins:didcomm:compileKotlin'.
> A failure occurred while executing org.jetbrains.kotlin.compilerRunner.Gradle
CompilerRunnerWithWorkers$GradleKotlinCompilerWorkAction
   > Compilation error. See log for more details

* Try:
> Run with --stacktrace option to get the stack trace.
> Run with --info or --debug option to get more log output.
> Run with --scan to generate a Build Scan (powered by Develocity).
> Get more help at https://help.gradle.org.

Deprecated Gradle features were used in this build, making it incompatible with Gradle 10.

You can use '--warning-mode all' to show the individual deprecation warnings and determine if they come from your own scripts or plugins.

For more on this, please refer to https://docs.gradle.org/9.2.0/userguide/command_line_interface.html#sec:command_line_warnings in the Gradle documentation.

BUILD FAILED in 54s
10 actionable tasks: 1 executed, 9 up-to-date
