<?xml version="1.0" encoding="UTF-8"?>
<testsuite name="org.trustweave.credential.oidc4vci.server.Oidc4VciServerTest" tests="14" skipped="0" failures="0" errors="0" timestamp="2026-09-10T04:20:08.777Z" hostname="THEMATRIX" time="2.935">
  <properties/>
  <testcase name="POST api-offer returns spec-format offer with a single credential_offer parameter()" classname="org.trustweave.credential.oidc4vci.server.Oidc4VciServerTest" time="2.455"/>
  <testcase name="credential request with wrong nonce returns invalid_proof with a fresh c_nonce()" classname="org.trustweave.credential.oidc4vci.server.Oidc4VciServerTest" time="0.1"/>
  <testcase name="injection attempt in credentialTypes produces valid escaped JSON()" classname="org.trustweave.credential.oidc4vci.server.Oidc4VciServerTest" time="0.03"/>
  <testcase name="credential request signed by a different key than the jwk header is rejected()" classname="org.trustweave.credential.oidc4vci.server.Oidc4VciServerTest" time="0.036"/>
  <testcase name="credential request without proof returns invalid_proof()" classname="org.trustweave.credential.oidc4vci.server.Oidc4VciServerTest" time="0.021"/>
  <testcase name="POST api-offer embeds tx_code requirement in the pre-authorized grant()" classname="org.trustweave.credential.oidc4vci.server.Oidc4VciServerTest" time="0.031"/>
  <testcase name="expired access token returns invalid_token()" classname="org.trustweave.credential.oidc4vci.server.Oidc4VciServerTest" time="0.019"/>
  <testcase name="POST token with invalid pre-auth code returns 400()" classname="org.trustweave.credential.oidc4vci.server.Oidc4VciServerTest" time="0.013"/>
  <testcase name="credential request with wrong aud is rejected()" classname="org.trustweave.credential.oidc4vci.server.Oidc4VciServerTest" time="0.029"/>
  <testcase name="POST token with correct tx_code succeeds()" classname="org.trustweave.credential.oidc4vci.server.Oidc4VciServerTest" time="0.014"/>
  <testcase name="POST token with valid pre-auth code returns access_token and c_nonce()" classname="org.trustweave.credential.oidc4vci.server.Oidc4VciServerTest" time="0.017"/>
  <testcase name="full pre-auth flow with valid proof returns credential bound to the proven key()" classname="org.trustweave.credential.oidc4vci.server.Oidc4VciServerTest" time="0.026"/>
  <testcase name="GET well-known returns metadata with credential_endpoint()" classname="org.trustweave.credential.oidc4vci.server.Oidc4VciServerTest" time="0.024"/>
  <testcase name="POST token with wrong tx_code is rejected()" classname="org.trustweave.credential.oidc4vci.server.Oidc4VciServerTest" time="0.01"/>
  <system-out><![CDATA[]]></system-out>
  <system-err><![CDATA[SLF4J(W): No SLF4J providers were found.
SLF4J(W): Defaulting to no-operation (NOP) logger implementation
SLF4J(W): See https://www.slf4j.org/codes.html#noProviders for further details.
]]></system-err>
</testsuite>
