<?xml version="1.0" encoding="UTF-8"?>
<testsuite name="com.geoknoesis.trustweave.saas.server.observability.RequestContextFilterTest" tests="1" skipped="0" failures="0" errors="0" timestamp="2026-09-11T04:18:08.727Z" hostname="THEMATRIX" time="0.003">
  <properties/>
  <testcase name="capability paths never enter MDC and failures clean up context()" classname="com.geoknoesis.trustweave.saas.server.observability.RequestContextFilterTest" time="0.002"/>
  <system-out><![CDATA[]]></system-out>
  <system-err><![CDATA[]]></system-err>
</testsuite>
