<?xml version="1.0" encoding="UTF-8"?>
<testsuite name="com.geoknoesis.trustweave.saas.server.billing.accountly.PaymentDataBoundaryTest" tests="4" skipped="0" failures="0" errors="0" timestamp="2026-09-11T04:15:47.459Z" hostname="THEMATRIX" time="0.31">
  <properties/>
  <testcase name="no card-data field is declared anywhere in the server source()" classname="com.geoknoesis.trustweave.saas.server.billing.accountly.PaymentDataBoundaryTest" time="0.306"/>
  <testcase name="the detector fires on a declaration()" classname="com.geoknoesis.trustweave.saas.server.billing.accountly.PaymentDataBoundaryTest" time="0.002"/>
  <testcase name="the detector ignores prose about cardholders()" classname="com.geoknoesis.trustweave.saas.server.billing.accountly.PaymentDataBoundaryTest" time="0.0"/>
  <testcase name="allows the payment-method metadata a compliant integration has to store()" classname="com.geoknoesis.trustweave.saas.server.billing.accountly.PaymentDataBoundaryTest" time="0.001"/>
  <system-out><![CDATA[]]></system-out>
  <system-err><![CDATA[]]></system-err>
</testsuite>
