<?xml version="1.0" encoding="UTF-8"?>
<testsuite name="com.geoknoesis.trustweave.saas.server.services.credentialtype.CredentialTypeMigrationServiceTest" tests="2" skipped="0" failures="0" errors="0" timestamp="2026-09-11T04:18:27.220Z" hostname="THEMATRIX" time="0.004">
  <properties/>
  <testcase name="inferFields handles the licenseNumber exclusion and other number-ish names()" classname="com.geoknoesis.trustweave.saas.server.services.credentialtype.CredentialTypeMigrationServiceTest" time="0.001"/>
  <testcase name="inferFields maps names to builder fields with inferred types()" classname="com.geoknoesis.trustweave.saas.server.services.credentialtype.CredentialTypeMigrationServiceTest" time="0.002"/>
  <system-out><![CDATA[]]></system-out>
  <system-err><![CDATA[]]></system-err>
</testsuite>
