<?xml version="1.0" encoding="UTF-8"?>
<testsuite name="com.geoknoesis.trustweave.saas.server.billing.accountly.PlanFeatureFormatterTest" tests="3" skipped="0" failures="0" errors="0" timestamp="2026-09-11T04:15:47.804Z" hostname="THEMATRIX" time="0.004">
  <properties/>
  <testcase name="formats wallet seats()" classname="com.geoknoesis.trustweave.saas.server.billing.accountly.PlanFeatureFormatterTest" time="0.003"/>
  <testcase name="formats known event types with thousands separators and period()" classname="com.geoknoesis.trustweave.saas.server.billing.accountly.PlanFeatureFormatterTest" time="0.001"/>
  <testcase name="falls back to the raw event type for unknown events()" classname="com.geoknoesis.trustweave.saas.server.billing.accountly.PlanFeatureFormatterTest" time="0.0"/>
  <system-out><![CDATA[]]></system-out>
  <system-err><![CDATA[]]></system-err>
</testsuite>
