<?xml version="1.0" encoding="UTF-8"?>
<testsuite name="com.geoknoesis.trustweave.saas.server.trustweave.TransactionCostServiceTest" tests="2" skipped="0" failures="0" errors="0" timestamp="2026-09-11T04:18:29.578Z" hostname="THEMATRIX" time="0.141">
  <properties/>
  <testcase name="getTotalCostsForPeriod should return total costs for billing period()" classname="com.geoknoesis.trustweave.saas.server.trustweave.TransactionCostServiceTest" time="0.137"/>
  <testcase name="recordTransactionCost should create cost allocation with USD conversion()" classname="com.geoknoesis.trustweave.saas.server.trustweave.TransactionCostServiceTest" time="0.003"/>
  <system-out><![CDATA[]]></system-out>
  <system-err><![CDATA[]]></system-err>
</testsuite>
