<?xml version="1.0" encoding="UTF-8"?>
<testsuite name="com.geoknoesis.trustweave.saas.server.config.JdbcPasswordAuthenticationTest" tests="7" skipped="0" failures="0" errors="0" timestamp="2026-09-11T04:15:53.606Z" hostname="THEMATRIX" time="2.387">
  <properties/>
  <testcase name="should verify connection properties()" classname="com.geoknoesis.trustweave.saas.server.config.JdbcPasswordAuthenticationTest" time="0.024"/>
  <testcase name="should verify password authentication is required()" classname="com.geoknoesis.trustweave.saas.server.config.JdbcPasswordAuthenticationTest" time="0.033"/>
  <testcase name="should fail to connect with empty password()" classname="com.geoknoesis.trustweave.saas.server.config.JdbcPasswordAuthenticationTest" time="0.007"/>
  <testcase name="should execute SQL queries after successful authentication()" classname="com.geoknoesis.trustweave.saas.server.config.JdbcPasswordAuthenticationTest" time="0.025"/>
  <testcase name="should connect to PostgreSQL with correct password()" classname="com.geoknoesis.trustweave.saas.server.config.JdbcPasswordAuthenticationTest" time="0.017"/>
  <testcase name="should verify multiple connections work with password authentication()" classname="com.geoknoesis.trustweave.saas.server.config.JdbcPasswordAuthenticationTest" time="0.039"/>
  <testcase name="should fail to connect with incorrect password()" classname="com.geoknoesis.trustweave.saas.server.config.JdbcPasswordAuthenticationTest" time="0.045"/>
  <system-out><![CDATA[00:15:53.612 INFO  [] tc.postgres:15 - Creating container for image: postgres:15
00:15:53.829 INFO  [] tc.postgres:15 - Container postgres:15 is starting: 90d50dfe6e1fe63ab51fb0b4a85d65dd706de608c07fcac74e1703094acabdcf
00:15:55.795 INFO  [] tc.postgres:15 - Container postgres:15 started in PT2.1830619S
00:15:55.795 INFO  [] tc.postgres:15 - Container is started (JDBC URL: jdbc:postgresql://localhost:51282/test_db?loggerLevel=OFF)
]]></system-out>
  <system-err><![CDATA[]]></system-err>
</testsuite>
