<?xml version="1.0" encoding="UTF-8"?>
<testsuite name="com.geoknoesis.trustweave.saas.server.controller.TrustSpaceControllerIntegrationTest$GetNetwork" tests="4" skipped="0" failures="0" errors="0" timestamp="2026-09-11T04:17:25.626Z" hostname="THEMATRIX" time="2.002">
  <properties/>
  <testcase name="returns 200 with full network details()" classname="com.geoknoesis.trustweave.saas.server.controller.TrustSpaceControllerIntegrationTest$GetNetwork" time="0.481"/>
  <testcase name="returns 404 when network does not exist()" classname="com.geoknoesis.trustweave.saas.server.controller.TrustSpaceControllerIntegrationTest$GetNetwork" time="0.481"/>
  <testcase name="returns 404 when network belongs to another org()" classname="com.geoknoesis.trustweave.saas.server.controller.TrustSpaceControllerIntegrationTest$GetNetwork" time="0.52"/>
  <testcase name="returns 401 when no token is provided()" classname="com.geoknoesis.trustweave.saas.server.controller.TrustSpaceControllerIntegrationTest$GetNetwork" time="0.502"/>
  <system-out><![CDATA[00:17:25.628 DEBUG [] o.s.b.t.c.SpringBootTestContextBootstrapper - Using ContextCustomizerFactory implementations for test class [GetNetwork]: [WebDriverContextCustomizerFactory, OnFailureConditionReportContextCustomizerFactory, OverrideAutoConfigurationContextCustomizerFactory, ImportsContextCustomizerFactory, PropertyMappingContextCustomizerFactory, ExcludeFilterContextCustomizerFactory, TypeExcludeFiltersContextCustomizerFactory, DisableReactorResourceFactoryGlobalResourcesContextCustomizerFactory, DuplicateJsonObjectContextCustomizerFactory, SpringBootTestRandomPortContextCustomizerFactory, BeanOverrideContextCustomizerFactory, MockServerContainerContextCustomizerFactory, DynamicPropertiesContextCustomizerFactory]
00:17:25.630 DEBUG [] o.s.b.t.c.SpringBootTestContextBootstrapper - Using ContextCustomizers for test class [GetNetwork]: [WebDriverContextCustomizer, OnFailureConditionReportContextCustomizer, ImportsContextCustomizer, PropertyMappingContextCustomizer, ExcludeFilterContextCustomizer, DuplicateJsonObjectContextCustomizer, SpringBootTestRandomPortContextCustomizer, DynamicPropertiesContextCustomizer]
00:17:25.630 INFO  [] o.s.b.t.c.SpringBootTestContextBootstrapper - Found @SpringBootConfiguration com.geoknoesis.trustweave.saas.server.Application for test class com.geoknoesis.trustweave.saas.server.controller.TrustSpaceControllerIntegrationTest$GetNetwork
00:17:25.632 DEBUG [] o.s.b.t.c.SpringBootTestContextBootstrapper - Using ContextCustomizerFactory implementations for test class [GetNetwork]: [WebDriverContextCustomizerFactory, OnFailureConditionReportContextCustomizerFactory, OverrideAutoConfigurationContextCustomizerFactory, ImportsContextCustomizerFactory, PropertyMappingContextCustomizerFactory, ExcludeFilterContextCustomizerFactory, TypeExcludeFiltersContextCustomizerFactory, DisableReactorResourceFactoryGlobalResourcesContextCustomizerFactory, DuplicateJsonObjectContextCustomizerFactory, SpringBootTestRandomPortContextCustomizerFactory, BeanOverrideContextCustomizerFactory, MockServerContainerContextCustomizerFactory, DynamicPropertiesContextCustomizerFactory]
00:17:25.633 DEBUG [] o.s.b.t.c.SpringBootTestContextBootstrapper - Using ContextCustomizers for test class [GetNetwork]: [WebDriverContextCustomizer, OnFailureConditionReportContextCustomizer, ImportsContextCustomizer, PropertyMappingContextCustomizer, ExcludeFilterContextCustomizer, DuplicateJsonObjectContextCustomizer, SpringBootTestRandomPortContextCustomizer, DynamicPropertiesContextCustomizer]
00:17:25.633 INFO  [] o.s.b.t.c.SpringBootTestContextBootstrapper - Found @SpringBootConfiguration com.geoknoesis.trustweave.saas.server.Application for test class com.geoknoesis.trustweave.saas.server.controller.TrustSpaceControllerIntegrationTest$GetNetwork
00:17:25.633 DEBUG [] o.s.b.t.c.SpringBootTestContextBootstrapper - Neither @ContextConfiguration nor @ContextHierarchy found for test class [GetNetwork]: using SpringBootContextLoader
00:17:25.633 DEBUG [] o.s.b.t.c.SpringBootTestContextBootstrapper - Using TestExecutionListeners for test class [GetNetwork]: [ServletTestExecutionListener, DirtiesContextBeforeModesTestExecutionListener, ApplicationEventsTestExecutionListener, BeanOverrideTestExecutionListener, DependencyInjectionTestExecutionListener, MicrometerObservationRegistryTestExecutionListener, DirtiesContextTestExecutionListener, CommonCachesTestExecutionListener, TransactionalTestExecutionListener, SqlScriptsTestExecutionListener, WithSecurityContextTestExecutionListener, EventPublishingTestExecutionListener, ReactorContextTestExecutionListener, MockMvcPrintOnlyOnFailureTestExecutionListener, WebDriverTestExecutionListener, MockitoResetTestExecutionListener]
00:17:26.098 DEBUG [] org.hibernate.SQL - select u1_0.id,u1_0.created_at,u1_0.email,u1_0.keycloak_user_id,u1_0.name from users u1_0 where u1_0.keycloak_user_id=?
00:17:26.099 DEBUG [] org.hibernate.SQL - insert into users (created_at,email,keycloak_user_id,name) values (?,?,?,?)
00:17:26.101 DEBUG [] org.hibernate.SQL - select o1_0.id,o1_0.accountly_subscriber_id,o1_0.accountly_subscription_id,o1_0.blockchain_network_settings,o1_0.created_at,o1_0.entitlement_snapshot,o1_0.accountly_killbill_account_id,o1_0.name,o1_0.owner_id,o1_0.preferred_blockchain_network_id,o1_0.settings,o1_0.snapshot_refreshed_at,o1_0.stripe_customer_id,o1_0.stripe_subscription_id,o1_0.tier,o1_0.transaction_cost_tracking_enabled,o1_0.version from organizations o1_0 where o1_0.owner_id=?
00:17:26.102 DEBUG [] org.hibernate.SQL - insert into organizations (accountly_subscriber_id,accountly_subscription_id,blockchain_network_settings,created_at,entitlement_snapshot,accountly_killbill_account_id,name,owner_id,preferred_blockchain_network_id,settings,snapshot_refreshed_at,stripe_customer_id,stripe_subscription_id,tier,transaction_cost_tracking_enabled,version) values (?,?,?,?,?,?,?,?,?,?,?,?,?,?,?,?)
00:17:26.103 DEBUG [] org.hibernate.SQL - insert into trust_spaces (blockchain_network_id,created_at,description,environment,name,organization_id,settings,trust_model,verification_level) values (?,?,?,?,?,?,?,?,?)
00:17:26.105 DEBUG [b3dfb00f-b98d-4fe5-8962-c965e98ad5c6] o.s.security.web.FilterChainProxy - Securing GET /api/trust-spaces/22
00:17:26.106 DEBUG [b3dfb00f-b98d-4fe5-8962-c965e98ad5c6] o.s.s.o.s.r.a.JwtAuthenticationProvider - Authenticated token
00:17:26.107 DEBUG [b3dfb00f-b98d-4fe5-8962-c965e98ad5c6] o.s.s.o.s.r.w.a.BearerTokenAuthenticationFilter - Set SecurityContextHolder to JwtAuthenticationToken [Principal=org.springframework.security.oauth2.server.resource.authentication.JwtAuthenticationConverter$JwtAuthenticatedPrincipal@32729c4a, Credentials=[PROTECTED], Authenticated=true, Details=WebAuthenticationDetails [RemoteIpAddress=127.0.0.1, SessionId=null], Granted Authorities=[ROLE_offline_access, ROLE_default-roles-test-realm, ROLE_uma_authorization, FactorGrantedAuthority [authority=FACTOR_BEARER, issuedAt=2026-09-11T04:17:26.106963500Z]]]
00:17:26.107 DEBUG [b3dfb00f-b98d-4fe5-8962-c965e98ad5c6] o.s.security.web.FilterChainProxy - Secured GET /api/trust-spaces/22
00:17:26.108 DEBUG [b3dfb00f-b98d-4fe5-8962-c965e98ad5c6] o.s.w.s.m.m.a.RequestMappingHandlerMapping - Mapped to com.geoknoesis.trustweave.saas.server.controller.TrustSpaceController#getDomain(long)
00:17:26.109 DEBUG [b3dfb00f-b98d-4fe5-8962-c965e98ad5c6] org.hibernate.SQL - select u1_0.id,u1_0.created_at,u1_0.email,u1_0.keycloak_user_id,u1_0.name from users u1_0 where u1_0.keycloak_user_id=?
00:17:26.111 DEBUG [b3dfb00f-b98d-4fe5-8962-c965e98ad5c6] org.hibernate.SQL - select o1_0.id,o1_0.accountly_subscriber_id,o1_0.accountly_subscription_id,o1_0.blockchain_network_settings,o1_0.created_at,o1_0.entitlement_snapshot,o1_0.accountly_killbill_account_id,o1_0.name,o1_0.owner_id,o1_0.preferred_blockchain_network_id,o1_0.settings,o1_0.snapshot_refreshed_at,o1_0.stripe_customer_id,o1_0.stripe_subscription_id,o1_0.tier,o1_0.transaction_cost_tracking_enabled,o1_0.version from organizations o1_0 where o1_0.owner_id=?
00:17:26.112 DEBUG [b3dfb00f-b98d-4fe5-8962-c965e98ad5c6] org.hibernate.SQL - select ugm1_0.id,ugm1_0.group_id,ugm1_0.user_id from user_group_memberships ugm1_0 where ugm1_0.user_id=?
00:17:26.114 DEBUG [b3dfb00f-b98d-4fe5-8962-c965e98ad5c6] org.hibernate.SQL - select ts1_0.id,ts1_0.blockchain_network_id,ts1_0.created_at,ts1_0.description,ts1_0.environment,ts1_0.name,ts1_0.organization_id,ts1_0.settings,ts1_0.trust_model,ts1_0.verification_level from trust_spaces ts1_0 where ts1_0.organization_id=? and ts1_0.id=?
00:17:26.115 DEBUG [b3dfb00f-b98d-4fe5-8962-c965e98ad5c6] o.s.w.s.m.m.a.HttpEntityMethodProcessor - Using 'application/json', given [*/*] and supported [application/json, application/*+json, application/cbor]
00:17:26.115 DEBUG [b3dfb00f-b98d-4fe5-8962-c965e98ad5c6] o.s.w.s.m.m.a.HttpEntityMethodProcessor - Writing [TrustSpaceResponse(id=22, organizationId=36, name=Detailed Network, description=Full description, en (truncated)...]
00:17:26.216 DEBUG [] o.s.jdbc.core.JdbcTemplate - Executing SQL query [SELECT count(*) FILTER (WHERE attempts < 10) AS pending,
    count(*) FILTER (WHERE attempts >= 10) AS poison,
    count(*) FILTER (WHERE leased_until > statement_timestamp()) AS leased,
    COALESCE(GREATEST(0, EXTRACT(EPOCH FROM statement_timestamp() - min(created_at))), 0)::bigint AS oldest
FROM usage_outbox WHERE status <> 'SENT']
00:17:26.219 DEBUG [] o.s.jdbc.core.JdbcTemplate - Executing prepared SQL update
00:17:26.219 DEBUG [] o.s.jdbc.core.JdbcTemplate - Executing prepared SQL statement [INSERT INTO shedlock(name, lock_until, locked_at, locked_by) VALUES(?, timezone('utc', CURRENT_TIMESTAMP) + cast(? as interval), timezone('utc', CURRENT_TIMESTAMP), ?) ON CONFLICT (name) DO UPDATE SET lock_until = timezone('utc', CURRENT_TIMESTAMP) + cast(? as interval), locked_at = timezone('utc', CURRENT_TIMESTAMP), locked_by = ? WHERE shedlock.name = ? AND shedlock.lock_until <= timezone('utc', CURRENT_TIMESTAMP)]
00:17:26.222 ERROR [] n.j.s.p.j.JdbcTemplateStorageAccessor - Unexpected exception
org.springframework.jdbc.BadSqlGrammarException: PreparedStatementCallback; bad SQL grammar [INSERT INTO shedlock(name, lock_until, locked_at, locked_by) VALUES(?, timezone('utc', CURRENT_TIMESTAMP) + cast(? as interval), timezone('utc', CURRENT_TIMESTAMP), ?) ON CONFLICT (name) DO UPDATE SET lock_until = timezone('utc', CURRENT_TIMESTAMP) + cast(? as interval), locked_at = timezone('utc', CURRENT_TIMESTAMP), locked_by = ? WHERE shedlock.name = ? AND shedlock.lock_until <= timezone('utc', CURRENT_TIMESTAMP)]
	at org.springframework.jdbc.support.SQLStateSQLExceptionTranslator.doTranslate(SQLStateSQLExceptionTranslator.java:134)
	at org.springframework.jdbc.support.AbstractFallbackSQLExceptionTranslator.translate(AbstractFallbackSQLExceptionTranslator.java:102)
	at org.springframework.jdbc.support.AbstractFallbackSQLExceptionTranslator.translate(AbstractFallbackSQLExceptionTranslator.java:111)
	at org.springframework.jdbc.core.JdbcTemplate.translateException(JdbcTemplate.java:1549)
	at org.springframework.jdbc.core.JdbcTemplate.execute(JdbcTemplate.java:689)
	at org.springframework.jdbc.core.JdbcTemplate.update(JdbcTemplate.java:966)
	at org.springframework.jdbc.core.JdbcTemplate.update(JdbcTemplate.java:987)
	at org.springframework.jdbc.core.namedparam.NamedParameterJdbcTemplate.update(NamedParameterJdbcTemplate.java:339)
	at org.springframework.jdbc.core.namedparam.NamedParameterJdbcTemplate.update(NamedParameterJdbcTemplate.java:344)
	at net.javacrumbs.shedlock.provider.jdbctemplate.JdbcTemplateStorageAccessor.lambda$execute$0(JdbcTemplateStorageAccessor.java:122)
	at org.springframework.transaction.support.TransactionTemplate.execute(TransactionTemplate.java:137)
	at net.javacrumbs.shedlock.provider.jdbctemplate.JdbcTemplateStorageAccessor.execute(JdbcTemplateStorageAccessor.java:122)
	at net.javacrumbs.shedlock.provider.jdbctemplate.JdbcTemplateStorageAccessor.insertRecord(JdbcTemplateStorageAccessor.java:64)
	at net.javacrumbs.shedlock.support.StorageBasedLockProvider.doLock(StorageBasedLockProvider.java:72)
	at net.javacrumbs.shedlock.support.StorageBasedLockProvider.lock(StorageBasedLockProvider.java:55)
	at net.javacrumbs.shedlock.core.DefaultLockingTaskExecutor.executeWithLock(DefaultLockingTaskExecutor.java:63)
	at net.javacrumbs.shedlock.spring.aop.MethodProxyScheduledLockAdvisor$LockingInterceptor.invoke(MethodProxyScheduledLockAdvisor.java:84)
	at org.springframework.aop.framework.ReflectiveMethodInvocation.proceed(ReflectiveMethodInvocation.java:179)
	at org.springframework.aop.framework.CglibAopProxy$DynamicAdvisedInterceptor.intercept(CglibAopProxy.java:719)
	at com.geoknoesis.trustweave.saas.server.webhook.WebhookRecoveryMonitor$$SpringCGLIB$$0.poll(<generated>)
	at java.base/jdk.internal.reflect.DirectMethodHandleAccessor.invoke(DirectMethodHandleAccessor.java:103)
	at java.base/java.lang.reflect.Method.invoke(Method.java:580)
	at org.springframework.scheduling.support.ScheduledMethodRunnable.runInternal(ScheduledMethodRunnable.java:128)
	at org.springframework.scheduling.support.ScheduledMethodRunnable.lambda$run$1(ScheduledMethodRunnable.java:122)
	at io.micrometer.observation.Observation.observe(Observation.java:569)
	at org.springframework.scheduling.support.ScheduledMethodRunnable.run(ScheduledMethodRunnable.java:122)
	at org.springframework.scheduling.config.Task$OutcomeTrackingRunnable.run(Task.java:88)
	at org.springframework.scheduling.support.DelegatingErrorHandlingRunnable.run(DelegatingErrorHandlingRunnable.java:54)
	at java.base/java.util.concurrent.Executors$RunnableAdapter.call(Executors.java:572)
	at java.base/java.util.concurrent.FutureTask.runAndReset(FutureTask.java:358)
	at java.base/java.util.concurrent.ScheduledThreadPoolExecutor$ScheduledFutureTask.run(ScheduledThreadPoolExecutor.java:305)
	at java.base/java.util.concurrent.ThreadPoolExecutor.runWorker(ThreadPoolExecutor.java:1144)
	at java.base/java.util.concurrent.ThreadPoolExecutor$Worker.run(ThreadPoolExecutor.java:642)
	at java.base/java.lang.Thread.run(Thread.java:1583)
Caused by: org.postgresql.util.PSQLException: ERROR: relation "shedlock" does not exist
  Position: 13
	at org.postgresql.core.v3.QueryExecutorImpl.receiveErrorResponse(QueryExecutorImpl.java:2993)
	at org.postgresql.core.v3.QueryExecutorImpl.processResults(QueryExecutorImpl.java:2656)
	at org.postgresql.core.v3.QueryExecutorImpl.execute(QueryExecutorImpl.java:446)
	at org.postgresql.jdbc.PgStatement.executeInternal(PgStatement.java:533)
	at org.postgresql.jdbc.PgStatement.execute(PgStatement.java:449)
	at org.postgresql.jdbc.PgPreparedStatement.executeWithFlags(PgPreparedStatement.java:197)
	at org.postgresql.jdbc.PgPreparedStatement.executeUpdate(PgPreparedStatement.java:158)
	at com.zaxxer.hikari.pool.ProxyPreparedStatement.executeUpdate(ProxyPreparedStatement.java:61)
	at com.zaxxer.hikari.pool.HikariProxyPreparedStatement.executeUpdate(HikariProxyPreparedStatement.java)
	at org.springframework.jdbc.core.JdbcTemplate.lambda$update$0(JdbcTemplate.java:971)
	at org.springframework.jdbc.core.JdbcTemplate.execute(JdbcTemplate.java:670)
	... 29 common frames omitted
00:17:26.223 DEBUG [] o.s.jdbc.core.JdbcTemplate - Executing prepared SQL update
00:17:26.223 DEBUG [] o.s.jdbc.core.JdbcTemplate - Executing prepared SQL statement [UPDATE shedlock SET lock_until = timezone('utc', CURRENT_TIMESTAMP) + cast(? as interval), locked_at = timezone('utc', CURRENT_TIMESTAMP), locked_by = ? WHERE shedlock.name = ? AND shedlock.lock_until <= timezone('utc', CURRENT_TIMESTAMP)]
00:17:26.226 ERROR [] o.s.s.s.TaskUtils$LoggingErrorHandler - Unexpected error occurred in scheduled task
org.springframework.jdbc.BadSqlGrammarException: PreparedStatementCallback; bad SQL grammar [UPDATE shedlock SET lock_until = timezone('utc', CURRENT_TIMESTAMP) + cast(? as interval), locked_at = timezone('utc', CURRENT_TIMESTAMP), locked_by = ? WHERE shedlock.name = ? AND shedlock.lock_until <= timezone('utc', CURRENT_TIMESTAMP)]
	at org.springframework.jdbc.support.SQLStateSQLExceptionTranslator.doTranslate(SQLStateSQLExceptionTranslator.java:134)
	at org.springframework.jdbc.support.AbstractFallbackSQLExceptionTranslator.translate(AbstractFallbackSQLExceptionTranslator.java:102)
	at org.springframework.jdbc.support.AbstractFallbackSQLExceptionTranslator.translate(AbstractFallbackSQLExceptionTranslator.java:111)
	at org.springframework.jdbc.core.JdbcTemplate.translateException(JdbcTemplate.java:1549)
	at org.springframework.jdbc.core.JdbcTemplate.execute(JdbcTemplate.java:689)
	at org.springframework.jdbc.core.JdbcTemplate.update(JdbcTemplate.java:966)
	at org.springframework.jdbc.core.JdbcTemplate.update(JdbcTemplate.java:987)
	at org.springframework.jdbc.core.namedparam.NamedParameterJdbcTemplate.update(NamedParameterJdbcTemplate.java:339)
	at org.springframework.jdbc.core.namedparam.NamedParameterJdbcTemplate.update(NamedParameterJdbcTemplate.java:344)
	at net.javacrumbs.shedlock.provider.jdbctemplate.JdbcTemplateStorageAccessor.lambda$execute$0(JdbcTemplateStorageAccessor.java:122)
	at org.springframework.transaction.support.TransactionTemplate.execute(TransactionTemplate.java:137)
	at net.javacrumbs.shedlock.provider.jdbctemplate.JdbcTemplateStorageAccessor.execute(JdbcTemplateStorageAccessor.java:122)
	at net.javacrumbs.shedlock.provider.jdbctemplate.JdbcTemplateStorageAccessor.updateRecord(JdbcTemplateStorageAccessor.java:81)
	at net.javacrumbs.shedlock.support.StorageBasedLockProvider.doLock(StorageBasedLockProvider.java:85)
	at net.javacrumbs.shedlock.support.StorageBasedLockProvider.lock(StorageBasedLockProvider.java:55)
	at net.javacrumbs.shedlock.core.DefaultLockingTaskExecutor.executeWithLock(DefaultLockingTaskExecutor.java:63)
	at net.javacrumbs.shedlock.spring.aop.MethodProxyScheduledLockAdvisor$LockingInterceptor.invoke(MethodProxyScheduledLockAdvisor.java:84)
	at org.springframework.aop.framework.ReflectiveMethodInvocation.proceed(ReflectiveMethodInvocation.java:179)
	at org.springframework.aop.framework.CglibAopProxy$DynamicAdvisedInterceptor.intercept(CglibAopProxy.java:719)
	at com.geoknoesis.trustweave.saas.server.webhook.WebhookRecoveryMonitor$$SpringCGLIB$$0.poll(<generated>)
	at java.base/jdk.internal.reflect.DirectMethodHandleAccessor.invoke(DirectMethodHandleAccessor.java:103)
	at java.base/java.lang.reflect.Method.invoke(Method.java:580)
	at org.springframework.scheduling.support.ScheduledMethodRunnable.runInternal(ScheduledMethodRunnable.java:128)
	at org.springframework.scheduling.support.ScheduledMethodRunnable.lambda$run$1(ScheduledMethodRunnable.java:122)
	at io.micrometer.observation.Observation.observe(Observation.java:569)
	at org.springframework.scheduling.support.ScheduledMethodRunnable.run(ScheduledMethodRunnable.java:122)
	at org.springframework.scheduling.config.Task$OutcomeTrackingRunnable.run(Task.java:88)
	at org.springframework.scheduling.support.DelegatingErrorHandlingRunnable.run(DelegatingErrorHandlingRunnable.java:54)
	at java.base/java.util.concurrent.Executors$RunnableAdapter.call(Executors.java:572)
	at java.base/java.util.concurrent.FutureTask.runAndReset(FutureTask.java:358)
	at java.base/java.util.concurrent.ScheduledThreadPoolExecutor$ScheduledFutureTask.run(ScheduledThreadPoolExecutor.java:305)
	at java.base/java.util.concurrent.ThreadPoolExecutor.runWorker(ThreadPoolExecutor.java:1144)
	at java.base/java.util.concurrent.ThreadPoolExecutor$Worker.run(ThreadPoolExecutor.java:642)
	at java.base/java.lang.Thread.run(Thread.java:1583)
Caused by: org.postgresql.util.PSQLException: ERROR: relation "shedlock" does not exist
  Position: 8
	at org.postgresql.core.v3.QueryExecutorImpl.receiveErrorResponse(QueryExecutorImpl.java:2993)
	at org.postgresql.core.v3.QueryExecutorImpl.processResults(QueryExecutorImpl.java:2656)
	at org.postgresql.core.v3.QueryExecutorImpl.execute(QueryExecutorImpl.java:446)
	at org.postgresql.jdbc.PgStatement.executeInternal(PgStatement.java:533)
	at org.postgresql.jdbc.PgStatement.execute(PgStatement.java:449)
	at org.postgresql.jdbc.PgPreparedStatement.executeWithFlags(PgPreparedStatement.java:197)
	at org.postgresql.jdbc.PgPreparedStatement.executeUpdate(PgPreparedStatement.java:158)
	at com.zaxxer.hikari.pool.ProxyPreparedStatement.executeUpdate(ProxyPreparedStatement.java:61)
	at com.zaxxer.hikari.pool.HikariProxyPreparedStatement.executeUpdate(HikariProxyPreparedStatement.java)
	at org.springframework.jdbc.core.JdbcTemplate.lambda$update$0(JdbcTemplate.java:971)
	at org.springframework.jdbc.core.JdbcTemplate.execute(JdbcTemplate.java:670)
	... 29 common frames omitted
00:17:26.582 DEBUG [] org.hibernate.SQL - select u1_0.id,u1_0.created_at,u1_0.email,u1_0.keycloak_user_id,u1_0.name from users u1_0 where u1_0.keycloak_user_id=?
00:17:26.584 DEBUG [] org.hibernate.SQL - insert into users (created_at,email,keycloak_user_id,name) values (?,?,?,?)
00:17:26.586 DEBUG [] org.hibernate.SQL - select o1_0.id,o1_0.accountly_subscriber_id,o1_0.accountly_subscription_id,o1_0.blockchain_network_settings,o1_0.created_at,o1_0.entitlement_snapshot,o1_0.accountly_killbill_account_id,o1_0.name,o1_0.owner_id,o1_0.preferred_blockchain_network_id,o1_0.settings,o1_0.snapshot_refreshed_at,o1_0.stripe_customer_id,o1_0.stripe_subscription_id,o1_0.tier,o1_0.transaction_cost_tracking_enabled,o1_0.version from organizations o1_0 where o1_0.owner_id=?
00:17:26.588 DEBUG [] org.hibernate.SQL - insert into organizations (accountly_subscriber_id,accountly_subscription_id,blockchain_network_settings,created_at,entitlement_snapshot,accountly_killbill_account_id,name,owner_id,preferred_blockchain_network_id,settings,snapshot_refreshed_at,stripe_customer_id,stripe_subscription_id,tier,transaction_cost_tracking_enabled,version) values (?,?,?,?,?,?,?,?,?,?,?,?,?,?,?,?)
00:17:26.590 DEBUG [1106c2c1-1b42-4aa9-a6ed-de1ef2197e92] o.s.security.web.FilterChainProxy - Securing GET /api/trust-spaces/999999
00:17:26.591 DEBUG [1106c2c1-1b42-4aa9-a6ed-de1ef2197e92] o.s.s.o.s.r.a.JwtAuthenticationProvider - Authenticated token
00:17:26.592 DEBUG [1106c2c1-1b42-4aa9-a6ed-de1ef2197e92] o.s.s.o.s.r.w.a.BearerTokenAuthenticationFilter - Set SecurityContextHolder to JwtAuthenticationToken [Principal=org.springframework.security.oauth2.server.resource.authentication.JwtAuthenticationConverter$JwtAuthenticatedPrincipal@6c603193, Credentials=[PROTECTED], Authenticated=true, Details=WebAuthenticationDetails [RemoteIpAddress=127.0.0.1, SessionId=null], Granted Authorities=[ROLE_offline_access, ROLE_default-roles-test-realm, ROLE_uma_authorization, FactorGrantedAuthority [authority=FACTOR_BEARER, issuedAt=2026-09-11T04:17:26.591786100Z]]]
00:17:26.593 DEBUG [1106c2c1-1b42-4aa9-a6ed-de1ef2197e92] o.s.security.web.FilterChainProxy - Secured GET /api/trust-spaces/999999
00:17:26.593 DEBUG [1106c2c1-1b42-4aa9-a6ed-de1ef2197e92] o.s.w.s.m.m.a.RequestMappingHandlerMapping - Mapped to com.geoknoesis.trustweave.saas.server.controller.TrustSpaceController#getDomain(long)
00:17:26.594 DEBUG [1106c2c1-1b42-4aa9-a6ed-de1ef2197e92] org.hibernate.SQL - select u1_0.id,u1_0.created_at,u1_0.email,u1_0.keycloak_user_id,u1_0.name from users u1_0 where u1_0.keycloak_user_id=?
00:17:26.595 DEBUG [1106c2c1-1b42-4aa9-a6ed-de1ef2197e92] org.hibernate.SQL - select ts1_0.id,ts1_0.blockchain_network_id,ts1_0.created_at,ts1_0.description,ts1_0.environment,ts1_0.name,ts1_0.organization_id,ts1_0.settings,ts1_0.trust_model,ts1_0.verification_level from trust_spaces ts1_0 where ts1_0.id=?
00:17:26.597 DEBUG [1106c2c1-1b42-4aa9-a6ed-de1ef2197e92] o.s.w.s.m.m.a.ExceptionHandlerExceptionResolver - Using @ExceptionHandler com.geoknoesis.trustweave.saas.server.exception.GlobalExceptionHandler#handleResourceNotFound(ResourceNotFoundException)
00:17:26.597 DEBUG [1106c2c1-1b42-4aa9-a6ed-de1ef2197e92] o.s.w.s.m.m.a.HttpEntityMethodProcessor - Using 'application/json', given [*/*] and supported [application/json, application/*+json, application/cbor]
00:17:26.597 DEBUG [1106c2c1-1b42-4aa9-a6ed-de1ef2197e92] o.s.w.s.m.m.a.HttpEntityMethodProcessor - Writing [ErrorResponse(message=TrustSpace not found, status=404, timestamp=2026-09-11T04:17:26.597309100Z)]
00:17:26.597 DEBUG [1106c2c1-1b42-4aa9-a6ed-de1ef2197e92] o.s.w.s.m.m.a.ExceptionHandlerExceptionResolver - Resolved [com.geoknoesis.trustweave.saas.server.exception.ResourceNotFoundException: TrustSpace not found]
00:17:27.095 DEBUG [] org.hibernate.SQL - select u1_0.id,u1_0.created_at,u1_0.email,u1_0.keycloak_user_id,u1_0.name from users u1_0 where u1_0.keycloak_user_id=?
00:17:27.098 DEBUG [] org.hibernate.SQL - insert into users (created_at,email,keycloak_user_id,name) values (?,?,?,?)
00:17:27.100 DEBUG [] org.hibernate.SQL - select o1_0.id,o1_0.accountly_subscriber_id,o1_0.accountly_subscription_id,o1_0.blockchain_network_settings,o1_0.created_at,o1_0.entitlement_snapshot,o1_0.accountly_killbill_account_id,o1_0.name,o1_0.owner_id,o1_0.preferred_blockchain_network_id,o1_0.settings,o1_0.snapshot_refreshed_at,o1_0.stripe_customer_id,o1_0.stripe_subscription_id,o1_0.tier,o1_0.transaction_cost_tracking_enabled,o1_0.version from organizations o1_0 where o1_0.owner_id=?
00:17:27.102 DEBUG [] org.hibernate.SQL - insert into organizations (accountly_subscriber_id,accountly_subscription_id,blockchain_network_settings,created_at,entitlement_snapshot,accountly_killbill_account_id,name,owner_id,preferred_blockchain_network_id,settings,snapshot_refreshed_at,stripe_customer_id,stripe_subscription_id,tier,transaction_cost_tracking_enabled,version) values (?,?,?,?,?,?,?,?,?,?,?,?,?,?,?,?)
00:17:27.105 DEBUG [] org.hibernate.SQL - insert into organizations (accountly_subscriber_id,accountly_subscription_id,blockchain_network_settings,created_at,entitlement_snapshot,accountly_killbill_account_id,name,owner_id,preferred_blockchain_network_id,settings,snapshot_refreshed_at,stripe_customer_id,stripe_subscription_id,tier,transaction_cost_tracking_enabled,version) values (?,?,?,?,?,?,?,?,?,?,?,?,?,?,?,?)
00:17:27.107 DEBUG [] org.hibernate.SQL - insert into trust_spaces (blockchain_network_id,created_at,description,environment,name,organization_id,settings,trust_model,verification_level) values (?,?,?,?,?,?,?,?,?)
00:17:27.110 DEBUG [f11d5abd-bc88-4bba-a9c6-9ac08a75b905] o.s.security.web.FilterChainProxy - Securing GET /api/trust-spaces/23
00:17:27.111 DEBUG [f11d5abd-bc88-4bba-a9c6-9ac08a75b905] o.s.s.o.s.r.a.JwtAuthenticationProvider - Authenticated token
00:17:27.112 DEBUG [f11d5abd-bc88-4bba-a9c6-9ac08a75b905] o.s.s.o.s.r.w.a.BearerTokenAuthenticationFilter - Set SecurityContextHolder to JwtAuthenticationToken [Principal=org.springframework.security.oauth2.server.resource.authentication.JwtAuthenticationConverter$JwtAuthenticatedPrincipal@38b2f40c, Credentials=[PROTECTED], Authenticated=true, Details=WebAuthenticationDetails [RemoteIpAddress=127.0.0.1, SessionId=null], Granted Authorities=[ROLE_offline_access, ROLE_default-roles-test-realm, ROLE_uma_authorization, FactorGrantedAuthority [authority=FACTOR_BEARER, issuedAt=2026-09-11T04:17:27.111571Z]]]
00:17:27.112 DEBUG [f11d5abd-bc88-4bba-a9c6-9ac08a75b905] o.s.security.web.FilterChainProxy - Secured GET /api/trust-spaces/23
00:17:27.112 DEBUG [f11d5abd-bc88-4bba-a9c6-9ac08a75b905] o.s.w.s.m.m.a.RequestMappingHandlerMapping - Mapped to com.geoknoesis.trustweave.saas.server.controller.TrustSpaceController#getDomain(long)
00:17:27.113 DEBUG [f11d5abd-bc88-4bba-a9c6-9ac08a75b905] org.hibernate.SQL - select u1_0.id,u1_0.created_at,u1_0.email,u1_0.keycloak_user_id,u1_0.name from users u1_0 where u1_0.keycloak_user_id=?
00:17:27.115 DEBUG [f11d5abd-bc88-4bba-a9c6-9ac08a75b905] org.hibernate.SQL - select o1_0.id,o1_0.accountly_subscriber_id,o1_0.accountly_subscription_id,o1_0.blockchain_network_settings,o1_0.created_at,o1_0.entitlement_snapshot,o1_0.accountly_killbill_account_id,o1_0.name,o1_0.owner_id,o1_0.preferred_blockchain_network_id,o1_0.settings,o1_0.snapshot_refreshed_at,o1_0.stripe_customer_id,o1_0.stripe_subscription_id,o1_0.tier,o1_0.transaction_cost_tracking_enabled,o1_0.version from organizations o1_0 where o1_0.owner_id=?
00:17:27.117 DEBUG [f11d5abd-bc88-4bba-a9c6-9ac08a75b905] org.hibernate.SQL - select ugm1_0.id,ugm1_0.group_id,ugm1_0.user_id from user_group_memberships ugm1_0 where ugm1_0.user_id=?
00:17:27.118 DEBUG [f11d5abd-bc88-4bba-a9c6-9ac08a75b905] org.hibernate.SQL - select ura1_0.id,ura1_0.created_at,ura1_0.role_id,ura1_0.trust_space_id,ura1_0.user_id from user_role_assignments ura1_0 where ura1_0.user_id=?
00:17:27.120 DEBUG [f11d5abd-bc88-4bba-a9c6-9ac08a75b905] o.s.w.s.m.m.a.ExceptionHandlerExceptionResolver - Using @ExceptionHandler com.geoknoesis.trustweave.saas.server.exception.GlobalExceptionHandler#handleResourceNotFound(ResourceNotFoundException)
00:17:27.120 DEBUG [f11d5abd-bc88-4bba-a9c6-9ac08a75b905] o.s.w.s.m.m.a.HttpEntityMethodProcessor - Using 'application/json', given [*/*] and supported [application/json, application/*+json, application/cbor]
00:17:27.120 DEBUG [f11d5abd-bc88-4bba-a9c6-9ac08a75b905] o.s.w.s.m.m.a.HttpEntityMethodProcessor - Writing [ErrorResponse(message=TrustSpace not found, status=404, timestamp=2026-09-11T04:17:27.120370900Z)]
00:17:27.120 DEBUG [f11d5abd-bc88-4bba-a9c6-9ac08a75b905] o.s.w.s.m.m.a.ExceptionHandlerExceptionResolver - Resolved [com.geoknoesis.trustweave.saas.server.exception.ResourceNotFoundException: TrustSpace not found]
00:17:27.612 DEBUG [] org.hibernate.SQL - select u1_0.id,u1_0.created_at,u1_0.email,u1_0.keycloak_user_id,u1_0.name from users u1_0 where u1_0.keycloak_user_id=?
00:17:27.614 DEBUG [] org.hibernate.SQL - insert into users (created_at,email,keycloak_user_id,name) values (?,?,?,?)
00:17:27.617 DEBUG [] org.hibernate.SQL - select o1_0.id,o1_0.accountly_subscriber_id,o1_0.accountly_subscription_id,o1_0.blockchain_network_settings,o1_0.created_at,o1_0.entitlement_snapshot,o1_0.accountly_killbill_account_id,o1_0.name,o1_0.owner_id,o1_0.preferred_blockchain_network_id,o1_0.settings,o1_0.snapshot_refreshed_at,o1_0.stripe_customer_id,o1_0.stripe_subscription_id,o1_0.tier,o1_0.transaction_cost_tracking_enabled,o1_0.version from organizations o1_0 where o1_0.owner_id=?
00:17:27.619 DEBUG [] org.hibernate.SQL - insert into organizations (accountly_subscriber_id,accountly_subscription_id,blockchain_network_settings,created_at,entitlement_snapshot,accountly_killbill_account_id,name,owner_id,preferred_blockchain_network_id,settings,snapshot_refreshed_at,stripe_customer_id,stripe_subscription_id,tier,transaction_cost_tracking_enabled,version) values (?,?,?,?,?,?,?,?,?,?,?,?,?,?,?,?)
00:17:27.621 DEBUG [] org.hibernate.SQL - insert into trust_spaces (blockchain_network_id,created_at,description,environment,name,organization_id,settings,trust_model,verification_level) values (?,?,?,?,?,?,?,?,?)
00:17:27.623 DEBUG [dc39938e-2896-42e6-9b66-2ebb0b21e4c6] o.s.security.web.FilterChainProxy - Securing GET /api/trust-spaces/24
00:17:27.624 DEBUG [dc39938e-2896-42e6-9b66-2ebb0b21e4c6] o.s.s.w.a.AnonymousAuthenticationFilter - Set SecurityContextHolder to anonymous SecurityContext
]]></system-out>
  <system-err><![CDATA[]]></system-err>
</testsuite>
