<?xml version="1.0" encoding="UTF-8"?>
<testsuite name="org.trustweave.credential.vi.RecurrenceRulesTest" tests="2" skipped="0" failures="0" errors="0" timestamp="2026-09-08T03:41:33.692Z" hostname="THEMATRIX" time="0.008">
  <properties/>
  <testcase name="agent UTC dates inclusive frequencies advisory and malformed bounds rejected()" classname="org.trustweave.credential.vi.RecurrenceRulesTest" time="0.005"/>
  <testcase name="merchant subscription metadata must match bounded signed terms()" classname="org.trustweave.credential.vi.RecurrenceRulesTest" time="0.002"/>
  <system-out><![CDATA[]]></system-out>
  <system-err><![CDATA[]]></system-err>
</testsuite>
