<?xml version="1.0" encoding="UTF-8"?>
<testsuite name="org.trustweave.credential.vi.IssuanceRoundTripTest" tests="10" skipped="0" failures="0" errors="0" timestamp="2026-09-08T03:41:25.536Z" hostname="THEMATRIX" time="3.572">
  <properties/>
  <testcase name="signed L3 without expiration or issued time is rejected()" classname="org.trustweave.credential.vi.IssuanceRoundTripTest" time="0.043"/>
  <testcase name="both fulfilments cannot bypass checkout constraints()" classname="org.trustweave.credential.vi.IssuanceRoundTripTest" time="0.017"/>
  <testcase name="over-budget payment is rejected by constraint enforcement()" classname="org.trustweave.credential.vi.IssuanceRoundTripTest" time="0.018"/>
  <testcase name="every open mandate must bind the complete agent public key()" classname="org.trustweave.credential.vi.IssuanceRoundTripTest" time="0.026"/>
  <testcase name="merchant authenticated autonomous checkout verifies and enforces signed quantities()" classname="org.trustweave.credential.vi.IssuanceRoundTripTest" time="0.057"/>
  <testcase name="payment instrument must be authorized by L2()" classname="org.trustweave.credential.vi.IssuanceRoundTripTest" time="0.016"/>
  <testcase name="L3 payment presented without its L2 payment mandate is rejected (constraint-bypass guard)()" classname="org.trustweave.credential.vi.IssuanceRoundTripTest" time="0.015"/>
  <testcase name="chain budget reservation rejects excess and replay without spending on invalid chains()" classname="org.trustweave.credential.vi.IssuanceRoundTripTest" time="3.332"/>
  <testcase name="issue an immediate chain via KMS and verify it()" classname="org.trustweave.credential.vi.IssuanceRoundTripTest" time="0.016"/>
  <testcase name="issue an autonomous chain via KMS and verify it()" classname="org.trustweave.credential.vi.IssuanceRoundTripTest" time="0.023"/>
  <system-out><![CDATA[]]></system-out>
  <system-err><![CDATA[]]></system-err>
</testsuite>
