<?xml version="1.0" encoding="UTF-8"?>
<testsuite name="org.trustweave.credential.avpauth.engine.AuthorizationEngineTest" tests="3" skipped="0" failures="0" errors="0" timestamp="2026-09-10T04:20:18.724Z" hostname="THEMATRIX" time="0.079">
  <properties/>
  <testcase name="replay of the same nonce is rejected()" classname="org.trustweave.credential.avpauth.engine.AuthorizationEngineTest" time="0.013"/>
  <testcase name="first presentation is allowed()" classname="org.trustweave.credential.avpauth.engine.AuthorizationEngineTest" time="0.007"/>
  <testcase name="concurrent identical requests yield exactly one allow()" classname="org.trustweave.credential.avpauth.engine.AuthorizationEngineTest" time="0.056"/>
  <system-out><![CDATA[]]></system-out>
  <system-err><![CDATA[]]></system-err>
</testsuite>
