<?xml version="1.0" encoding="UTF-8"?>
<testsuite name="org.trustweave.credential.vi.PostgresIntentLedgerTest" tests="1" skipped="0" failures="0" errors="0" timestamp="2026-09-08T04:12:25.654Z" hostname="THEMATRIX" time="4.492">
  <properties/>
  <testcase name="concurrent authorization restart replay and rollback are durable()" classname="org.trustweave.credential.vi.PostgresIntentLedgerTest" time="4.491"/>
  <system-out><![CDATA[]]></system-out>
  <system-err><![CDATA[]]></system-err>
</testsuite>
