{"total": {"lines":{"total":3389,"covered":2003,"skipped":0,"pct":59.1},"statements":{"total":4054,"covered":2319,"skipped":0,"pct":57.2},"functions":{"total":1372,"covered":651,"skipped":0,"pct":47.44},"branches":{"total":3435,"covered":1750,"skipped":0,"pct":50.94},"branchesTrue":{"total":0,"covered":0,"skipped":0,"pct":100}}
,"C:\\Users\\steph\\work\\tw-joint-remediation-20260910\\trustweave-saas\\frontend\\src\\App.tsx": {"lines":{"total":0,"covered":0,"skipped":0,"pct":100},"functions":{"total":0,"covered":0,"skipped":0,"pct":100},"statements":{"total":0,"covered":0,"skipped":0,"pct":100},"branches":{"total":0,"covered":0,"skipped":0,"pct":100}}
,"C:\\Users\\steph\\work\\tw-joint-remediation-20260910\\trustweave-saas\\frontend\\src\\main.tsx": {"lines":{"total":0,"covered":0,"skipped":0,"pct":100},"functions":{"total":0,"covered":0,"skipped":0,"pct":100},"statements":{"total":0,"covered":0,"skipped":0,"pct":100},"branches":{"total":0,"covered":0,"skipped":0,"pct":100}}
,"C:\\Users\\steph\\work\\tw-joint-remediation-20260910\\trustweave-saas\\frontend\\src\\api\\accountlyBilling.ts": {"lines":{"total":7,"covered":7,"skipped":0,"pct":100},"functions":{"total":3,"covered":3,"skipped":0,"pct":100},"statements":{"total":7,"covered":7,"skipped":0,"pct":100},"branches":{"total":0,"covered":0,"skipped":0,"pct":100}}
,"C:\\Users\\steph\\work\\tw-joint-remediation-20260910\\trustweave-saas\\frontend\\src\\api\\anchoring.ts": {"lines":{"total":9,"covered":3,"skipped":0,"pct":33.33},"functions":{"total":7,"covered":1,"skipped":0,"pct":14.28},"statements":{"total":9,"covered":3,"skipped":0,"pct":33.33},"branches":{"total":0,"covered":0,"skipped":0,"pct":100}}
,"C:\\Users\\steph\\work\\tw-joint-remediation-20260910\\trustweave-saas\\frontend\\src\\api\\auditLogs.ts": {"lines":{"total":0,"covered":0,"skipped":0,"pct":100},"functions":{"total":0,"covered":0,"skipped":0,"pct":100},"statements":{"total":0,"covered":0,"skipped":0,"pct":100},"branches":{"total":0,"covered":0,"skipped":0,"pct":100}}
,"C:\\Users\\steph\\work\\tw-joint-remediation-20260910\\trustweave-saas\\frontend\\src\\api\\billing.ts": {"lines":{"total":19,"covered":5,"skipped":0,"pct":26.31},"functions":{"total":8,"covered":2,"skipped":0,"pct":25},"statements":{"total":20,"covered":5,"skipped":0,"pct":25},"branches":{"total":6,"covered":0,"skipped":0,"pct":0}}
,"C:\\Users\\steph\\work\\tw-joint-remediation-20260910\\trustweave-saas\\frontend\\src\\api\\blockchainNetworks.ts": {"lines":{"total":3,"covered":1,"skipped":0,"pct":33.33},"functions":{"total":1,"covered":0,"skipped":0,"pct":0},"statements":{"total":3,"covered":1,"skipped":0,"pct":33.33},"branches":{"total":0,"covered":0,"skipped":0,"pct":100}}
,"C:\\Users\\steph\\work\\tw-joint-remediation-20260910\\trustweave-saas\\frontend\\src\\api\\blockchainTransactions.ts": {"lines":{"total":0,"covered":0,"skipped":0,"pct":100},"functions":{"total":0,"covered":0,"skipped":0,"pct":100},"statements":{"total":0,"covered":0,"skipped":0,"pct":100},"branches":{"total":0,"covered":0,"skipped":0,"pct":100}}
,"C:\\Users\\steph\\work\\tw-joint-remediation-20260910\\trustweave-saas\\frontend\\src\\api\\claim.ts": {"lines":{"total":6,"covered":4,"skipped":0,"pct":66.66},"functions":{"total":3,"covered":1,"skipped":0,"pct":33.33},"statements":{"total":8,"covered":5,"skipped":0,"pct":62.5},"branches":{"total":4,"covered":3,"skipped":0,"pct":75}}
,"C:\\Users\\steph\\work\\tw-joint-remediation-20260910\\trustweave-saas\\frontend\\src\\api\\credentialOffers.ts": {"lines":{"total":9,"covered":2,"skipped":0,"pct":22.22},"functions":{"total":7,"covered":0,"skipped":0,"pct":0},"statements":{"total":10,"covered":2,"skipped":0,"pct":20},"branches":{"total":1,"covered":0,"skipped":0,"pct":0}}
,"C:\\Users\\steph\\work\\tw-joint-remediation-20260910\\trustweave-saas\\frontend\\src\\api\\credentialTypes.ts": {"lines":{"total":12,"covered":5,"skipped":0,"pct":41.66},"functions":{"total":10,"covered":3,"skipped":0,"pct":30},"statements":{"total":12,"covered":5,"skipped":0,"pct":41.66},"branches":{"total":0,"covered":0,"skipped":0,"pct":100}}
,"C:\\Users\\steph\\work\\tw-joint-remediation-20260910\\trustweave-saas\\frontend\\src\\api\\credentials.ts": {"lines":{"total":19,"covered":2,"skipped":0,"pct":10.52},"functions":{"total":20,"covered":0,"skipped":0,"pct":0},"statements":{"total":22,"covered":2,"skipped":0,"pct":9.09},"branches":{"total":0,"covered":0,"skipped":0,"pct":100}}
,"C:\\Users\\steph\\work\\tw-joint-remediation-20260910\\trustweave-saas\\frontend\\src\\api\\demoWalletVerifier.ts": {"lines":{"total":0,"covered":0,"skipped":0,"pct":100},"functions":{"total":0,"covered":0,"skipped":0,"pct":100},"statements":{"total":0,"covered":0,"skipped":0,"pct":100},"branches":{"total":0,"covered":0,"skipped":0,"pct":100}}
,"C:\\Users\\steph\\work\\tw-joint-remediation-20260910\\trustweave-saas\\frontend\\src\\api\\devices.ts": {"lines":{"total":6,"covered":4,"skipped":0,"pct":66.66},"functions":{"total":6,"covered":4,"skipped":0,"pct":66.66},"statements":{"total":7,"covered":5,"skipped":0,"pct":71.42},"branches":{"total":0,"covered":0,"skipped":0,"pct":100}}
,"C:\\Users\\steph\\work\\tw-joint-remediation-20260910\\trustweave-saas\\frontend\\src\\api\\dids.ts": {"lines":{"total":5,"covered":1,"skipped":0,"pct":20},"functions":{"total":2,"covered":0,"skipped":0,"pct":0},"statements":{"total":5,"covered":1,"skipped":0,"pct":20},"branches":{"total":1,"covered":0,"skipped":0,"pct":0}}
,"C:\\Users\\steph\\work\\tw-joint-remediation-20260910\\trustweave-saas\\frontend\\src\\api\\domainAnchoring.ts": {"lines":{"total":3,"covered":2,"skipped":0,"pct":66.66},"functions":{"total":2,"covered":1,"skipped":0,"pct":50},"statements":{"total":3,"covered":2,"skipped":0,"pct":66.66},"branches":{"total":0,"covered":0,"skipped":0,"pct":100}}
,"C:\\Users\\steph\\work\\tw-joint-remediation-20260910\\trustweave-saas\\frontend\\src\\api\\explain.ts": {"lines":{"total":11,"covered":10,"skipped":0,"pct":90.9},"functions":{"total":1,"covered":1,"skipped":0,"pct":100},"statements":{"total":14,"covered":11,"skipped":0,"pct":78.57},"branches":{"total":10,"covered":7,"skipped":0,"pct":70}}
,"C:\\Users\\steph\\work\\tw-joint-remediation-20260910\\trustweave-saas\\frontend\\src\\api\\index.ts": {"lines":{"total":28,"covered":12,"skipped":0,"pct":42.85},"functions":{"total":4,"covered":3,"skipped":0,"pct":75},"statements":{"total":29,"covered":12,"skipped":0,"pct":41.37},"branches":{"total":15,"covered":7,"skipped":0,"pct":46.66}}
,"C:\\Users\\steph\\work\\tw-joint-remediation-20260910\\trustweave-saas\\frontend\\src\\api\\issuers.ts": {"lines":{"total":40,"covered":16,"skipped":0,"pct":40},"functions":{"total":22,"covered":13,"skipped":0,"pct":59.09},"statements":{"total":45,"covered":20,"skipped":0,"pct":44.44},"branches":{"total":0,"covered":0,"skipped":0,"pct":100}}
,"C:\\Users\\steph\\work\\tw-joint-remediation-20260910\\trustweave-saas\\frontend\\src\\api\\organizations.ts": {"lines":{"total":5,"covered":1,"skipped":0,"pct":20},"functions":{"total":2,"covered":0,"skipped":0,"pct":0},"statements":{"total":5,"covered":1,"skipped":0,"pct":20},"branches":{"total":0,"covered":0,"skipped":0,"pct":100}}
,"C:\\Users\\steph\\work\\tw-joint-remediation-20260910\\trustweave-saas\\frontend\\src\\api\\publicVerify.ts": {"lines":{"total":0,"covered":0,"skipped":0,"pct":100},"functions":{"total":0,"covered":0,"skipped":0,"pct":100},"statements":{"total":0,"covered":0,"skipped":0,"pct":100},"branches":{"total":0,"covered":0,"skipped":0,"pct":100}}
,"C:\\Users\\steph\\work\\tw-joint-remediation-20260910\\trustweave-saas\\frontend\\src\\api\\roles.ts": {"lines":{"total":16,"covered":1,"skipped":0,"pct":6.25},"functions":{"total":10,"covered":0,"skipped":0,"pct":0},"statements":{"total":16,"covered":1,"skipped":0,"pct":6.25},"branches":{"total":0,"covered":0,"skipped":0,"pct":100}}
,"C:\\Users\\steph\\work\\tw-joint-remediation-20260910\\trustweave-saas\\frontend\\src\\api\\starterKits.ts": {"lines":{"total":0,"covered":0,"skipped":0,"pct":100},"functions":{"total":0,"covered":0,"skipped":0,"pct":100},"statements":{"total":0,"covered":0,"skipped":0,"pct":100},"branches":{"total":0,"covered":0,"skipped":0,"pct":100}}
,"C:\\Users\\steph\\work\\tw-joint-remediation-20260910\\trustweave-saas\\frontend\\src\\api\\subjects.ts": {"lines":{"total":0,"covered":0,"skipped":0,"pct":100},"functions":{"total":0,"covered":0,"skipped":0,"pct":100},"statements":{"total":0,"covered":0,"skipped":0,"pct":100},"branches":{"total":0,"covered":0,"skipped":0,"pct":100}}
,"C:\\Users\\steph\\work\\tw-joint-remediation-20260910\\trustweave-saas\\frontend\\src\\api\\trustSpaces.ts": {"lines":{"total":12,"covered":11,"skipped":0,"pct":91.66},"functions":{"total":7,"covered":5,"skipped":0,"pct":71.42},"statements":{"total":13,"covered":11,"skipped":0,"pct":84.61},"branches":{"total":0,"covered":0,"skipped":0,"pct":100}}
,"C:\\Users\\steph\\work\\tw-joint-remediation-20260910\\trustweave-saas\\frontend\\src\\api\\userGroups.ts": {"lines":{"total":14,"covered":1,"skipped":0,"pct":7.14},"functions":{"total":8,"covered":0,"skipped":0,"pct":0},"statements":{"total":14,"covered":1,"skipped":0,"pct":7.14},"branches":{"total":0,"covered":0,"skipped":0,"pct":100}}
,"C:\\Users\\steph\\work\\tw-joint-remediation-20260910\\trustweave-saas\\frontend\\src\\api\\users.ts": {"lines":{"total":0,"covered":0,"skipped":0,"pct":100},"functions":{"total":0,"covered":0,"skipped":0,"pct":100},"statements":{"total":0,"covered":0,"skipped":0,"pct":100},"branches":{"total":0,"covered":0,"skipped":0,"pct":100}}
,"C:\\Users\\steph\\work\\tw-joint-remediation-20260910\\trustweave-saas\\frontend\\src\\api\\verificationRequests.ts": {"lines":{"total":5,"covered":3,"skipped":0,"pct":60},"functions":{"total":8,"covered":4,"skipped":0,"pct":50},"statements":{"total":9,"covered":5,"skipped":0,"pct":55.55},"branches":{"total":2,"covered":0,"skipped":0,"pct":0}}
,"C:\\Users\\steph\\work\\tw-joint-remediation-20260910\\trustweave-saas\\frontend\\src\\api\\webhookRecovery.ts": {"lines":{"total":0,"covered":0,"skipped":0,"pct":100},"functions":{"total":0,"covered":0,"skipped":0,"pct":100},"statements":{"total":0,"covered":0,"skipped":0,"pct":100},"branches":{"total":0,"covered":0,"skipped":0,"pct":100}}
,"C:\\Users\\steph\\work\\tw-joint-remediation-20260910\\trustweave-saas\\frontend\\src\\auth\\devAuth.ts": {"lines":{"total":14,"covered":2,"skipped":0,"pct":14.28},"functions":{"total":4,"covered":0,"skipped":0,"pct":0},"statements":{"total":16,"covered":2,"skipped":0,"pct":12.5},"branches":{"total":6,"covered":0,"skipped":0,"pct":0}}
,"C:\\Users\\steph\\work\\tw-joint-remediation-20260910\\trustweave-saas\\frontend\\src\\auth\\keycloak.ts": {"lines":{"total":37,"covered":14,"skipped":0,"pct":37.83},"functions":{"total":15,"covered":1,"skipped":0,"pct":6.66},"statements":{"total":37,"covered":14,"skipped":0,"pct":37.83},"branches":{"total":16,"covered":6,"skipped":0,"pct":37.5}}
,"C:\\Users\\steph\\work\\tw-joint-remediation-20260910\\trustweave-saas\\frontend\\src\\auth\\logout.ts": {"lines":{"total":6,"covered":4,"skipped":0,"pct":66.66},"functions":{"total":2,"covered":1,"skipped":0,"pct":50},"statements":{"total":6,"covered":4,"skipped":0,"pct":66.66},"branches":{"total":3,"covered":1,"skipped":0,"pct":33.33}}
,"C:\\Users\\steph\\work\\tw-joint-remediation-20260910\\trustweave-saas\\frontend\\src\\components\\AddSubjectModal.tsx": {"lines":{"total":0,"covered":0,"skipped":0,"pct":100},"functions":{"total":0,"covered":0,"skipped":0,"pct":100},"statements":{"total":0,"covered":0,"skipped":0,"pct":100},"branches":{"total":0,"covered":0,"skipped":0,"pct":100}}
,"C:\\Users\\steph\\work\\tw-joint-remediation-20260910\\trustweave-saas\\frontend\\src\\components\\AddTrustedIssuerForm.tsx": {"lines":{"total":26,"covered":19,"skipped":0,"pct":73.07},"functions":{"total":8,"covered":4,"skipped":0,"pct":50},"statements":{"total":26,"covered":19,"skipped":0,"pct":73.07},"branches":{"total":16,"covered":11,"skipped":0,"pct":68.75}}
,"C:\\Users\\steph\\work\\tw-joint-remediation-20260910\\trustweave-saas\\frontend\\src\\components\\AnchorBlueprintEditor.tsx": {"lines":{"total":0,"covered":0,"skipped":0,"pct":100},"functions":{"total":0,"covered":0,"skipped":0,"pct":100},"statements":{"total":0,"covered":0,"skipped":0,"pct":100},"branches":{"total":0,"covered":0,"skipped":0,"pct":100}}
,"C:\\Users\\steph\\work\\tw-joint-remediation-20260910\\trustweave-saas\\frontend\\src\\components\\AnchorToBlockchainModal.tsx": {"lines":{"total":22,"covered":0,"skipped":0,"pct":0},"functions":{"total":8,"covered":0,"skipped":0,"pct":0},"statements":{"total":26,"covered":0,"skipped":0,"pct":0},"branches":{"total":19,"covered":0,"skipped":0,"pct":0}}
,"C:\\Users\\steph\\work\\tw-joint-remediation-20260910\\trustweave-saas\\frontend\\src\\components\\AnchoringSelector.tsx": {"lines":{"total":36,"covered":0,"skipped":0,"pct":0},"functions":{"total":13,"covered":0,"skipped":0,"pct":0},"statements":{"total":45,"covered":0,"skipped":0,"pct":0},"branches":{"total":43,"covered":0,"skipped":0,"pct":0}}
,"C:\\Users\\steph\\work\\tw-joint-remediation-20260910\\trustweave-saas\\frontend\\src\\components\\AuthGuard.tsx": {"lines":{"total":0,"covered":0,"skipped":0,"pct":100},"functions":{"total":0,"covered":0,"skipped":0,"pct":100},"statements":{"total":0,"covered":0,"skipped":0,"pct":100},"branches":{"total":0,"covered":0,"skipped":0,"pct":100}}
,"C:\\Users\\steph\\work\\tw-joint-remediation-20260910\\trustweave-saas\\frontend\\src\\components\\BillingDashboard.tsx": {"lines":{"total":0,"covered":0,"skipped":0,"pct":100},"functions":{"total":0,"covered":0,"skipped":0,"pct":100},"statements":{"total":0,"covered":0,"skipped":0,"pct":100},"branches":{"total":0,"covered":0,"skipped":0,"pct":100}}
,"C:\\Users\\steph\\work\\tw-joint-remediation-20260910\\trustweave-saas\\frontend\\src\\components\\BlockchainTransactionHistory.tsx": {"lines":{"total":0,"covered":0,"skipped":0,"pct":100},"functions":{"total":0,"covered":0,"skipped":0,"pct":100},"statements":{"total":0,"covered":0,"skipped":0,"pct":100},"branches":{"total":0,"covered":0,"skipped":0,"pct":100}}
,"C:\\Users\\steph\\work\\tw-joint-remediation-20260910\\trustweave-saas\\frontend\\src\\components\\BulkGiveDocumentsModal.tsx": {"lines":{"total":0,"covered":0,"skipped":0,"pct":100},"functions":{"total":0,"covered":0,"skipped":0,"pct":100},"statements":{"total":0,"covered":0,"skipped":0,"pct":100},"branches":{"total":0,"covered":0,"skipped":0,"pct":100}}
,"C:\\Users\\steph\\work\\tw-joint-remediation-20260910\\trustweave-saas\\frontend\\src\\components\\ChainCapsModal.tsx": {"lines":{"total":0,"covered":0,"skipped":0,"pct":100},"functions":{"total":0,"covered":0,"skipped":0,"pct":100},"statements":{"total":0,"covered":0,"skipped":0,"pct":100},"branches":{"total":0,"covered":0,"skipped":0,"pct":100}}
,"C:\\Users\\steph\\work\\tw-joint-remediation-20260910\\trustweave-saas\\frontend\\src\\components\\ChainLogo.tsx": {"lines":{"total":8,"covered":8,"skipped":0,"pct":100},"functions":{"total":3,"covered":2,"skipped":0,"pct":66.66},"statements":{"total":9,"covered":8,"skipped":0,"pct":88.88},"branches":{"total":10,"covered":9,"skipped":0,"pct":90}}
,"C:\\Users\\steph\\work\\tw-joint-remediation-20260910\\trustweave-saas\\frontend\\src\\components\\ClaimsDisplay.tsx": {"lines":{"total":0,"covered":0,"skipped":0,"pct":100},"functions":{"total":0,"covered":0,"skipped":0,"pct":100},"statements":{"total":0,"covered":0,"skipped":0,"pct":100},"branches":{"total":0,"covered":0,"skipped":0,"pct":100}}
,"C:\\Users\\steph\\work\\tw-joint-remediation-20260910\\trustweave-saas\\frontend\\src\\components\\CredentialDetailPanel.tsx": {"lines":{"total":0,"covered":0,"skipped":0,"pct":100},"functions":{"total":0,"covered":0,"skipped":0,"pct":100},"statements":{"total":0,"covered":0,"skipped":0,"pct":100},"branches":{"total":0,"covered":0,"skipped":0,"pct":100}}
,"C:\\Users\\steph\\work\\tw-joint-remediation-20260910\\trustweave-saas\\frontend\\src\\components\\CredentialOfferQrCode.tsx": {"lines":{"total":0,"covered":0,"skipped":0,"pct":100},"functions":{"total":0,"covered":0,"skipped":0,"pct":100},"statements":{"total":0,"covered":0,"skipped":0,"pct":100},"branches":{"total":0,"covered":0,"skipped":0,"pct":100}}
,"C:\\Users\\steph\\work\\tw-joint-remediation-20260910\\trustweave-saas\\frontend\\src\\components\\CredentialQrCode.tsx": {"lines":{"total":0,"covered":0,"skipped":0,"pct":100},"functions":{"total":0,"covered":0,"skipped":0,"pct":100},"statements":{"total":0,"covered":0,"skipped":0,"pct":100},"branches":{"total":0,"covered":0,"skipped":0,"pct":100}}
,"C:\\Users\\steph\\work\\tw-joint-remediation-20260910\\trustweave-saas\\frontend\\src\\components\\CredentialTypeCatalogFilters.tsx": {"lines":{"total":9,"covered":8,"skipped":0,"pct":88.88},"functions":{"total":8,"covered":7,"skipped":0,"pct":87.5},"statements":{"total":9,"covered":8,"skipped":0,"pct":88.88},"branches":{"total":12,"covered":12,"skipped":0,"pct":100}}
,"C:\\Users\\steph\\work\\tw-joint-remediation-20260910\\trustweave-saas\\frontend\\src\\components\\CredentialTypePicker.tsx": {"lines":{"total":28,"covered":26,"skipped":0,"pct":92.85},"functions":{"total":20,"covered":17,"skipped":0,"pct":85},"statements":{"total":43,"covered":38,"skipped":0,"pct":88.37},"branches":{"total":47,"covered":41,"skipped":0,"pct":87.23}}
,"C:\\Users\\steph\\work\\tw-joint-remediation-20260910\\trustweave-saas\\frontend\\src\\components\\CredentialWorkflowSteps.tsx": {"lines":{"total":4,"covered":4,"skipped":0,"pct":100},"functions":{"total":2,"covered":2,"skipped":0,"pct":100},"statements":{"total":4,"covered":4,"skipped":0,"pct":100},"branches":{"total":9,"covered":4,"skipped":0,"pct":44.44}}
,"C:\\Users\\steph\\work\\tw-joint-remediation-20260910\\trustweave-saas\\frontend\\src\\components\\CurrentPlanCard.tsx": {"lines":{"total":30,"covered":28,"skipped":0,"pct":93.33},"functions":{"total":10,"covered":9,"skipped":0,"pct":90},"statements":{"total":36,"covered":33,"skipped":0,"pct":91.66},"branches":{"total":12,"covered":6,"skipped":0,"pct":50}}
,"C:\\Users\\steph\\work\\tw-joint-remediation-20260910\\trustweave-saas\\frontend\\src\\components\\DevUserSwitcher.tsx": {"lines":{"total":0,"covered":0,"skipped":0,"pct":100},"functions":{"total":0,"covered":0,"skipped":0,"pct":100},"statements":{"total":0,"covered":0,"skipped":0,"pct":100},"branches":{"total":0,"covered":0,"skipped":0,"pct":100}}
,"C:\\Users\\steph\\work\\tw-joint-remediation-20260910\\trustweave-saas\\frontend\\src\\components\\DevicesPanel.tsx": {"lines":{"total":25,"covered":24,"skipped":0,"pct":96},"functions":{"total":10,"covered":9,"skipped":0,"pct":90},"statements":{"total":26,"covered":25,"skipped":0,"pct":96.15},"branches":{"total":34,"covered":31,"skipped":0,"pct":91.17}}
,"C:\\Users\\steph\\work\\tw-joint-remediation-20260910\\trustweave-saas\\frontend\\src\\components\\DidField.tsx": {"lines":{"total":42,"covered":14,"skipped":0,"pct":33.33},"functions":{"total":13,"covered":2,"skipped":0,"pct":15.38},"statements":{"total":48,"covered":15,"skipped":0,"pct":31.25},"branches":{"total":46,"covered":14,"skipped":0,"pct":30.43}}
,"C:\\Users\\steph\\work\\tw-joint-remediation-20260910\\trustweave-saas\\frontend\\src\\components\\DidScannerModal.tsx": {"lines":{"total":29,"covered":0,"skipped":0,"pct":0},"functions":{"total":9,"covered":0,"skipped":0,"pct":0},"statements":{"total":33,"covered":0,"skipped":0,"pct":0},"branches":{"total":16,"covered":0,"skipped":0,"pct":0}}
,"C:\\Users\\steph\\work\\tw-joint-remediation-20260910\\trustweave-saas\\frontend\\src\\components\\DomainSubnav.tsx": {"lines":{"total":10,"covered":10,"skipped":0,"pct":100},"functions":{"total":5,"covered":4,"skipped":0,"pct":80},"statements":{"total":11,"covered":10,"skipped":0,"pct":90.9},"branches":{"total":12,"covered":12,"skipped":0,"pct":100}}
,"C:\\Users\\steph\\work\\tw-joint-remediation-20260910\\trustweave-saas\\frontend\\src\\components\\EnableChainModal.tsx": {"lines":{"total":0,"covered":0,"skipped":0,"pct":100},"functions":{"total":0,"covered":0,"skipped":0,"pct":100},"statements":{"total":0,"covered":0,"skipped":0,"pct":100},"branches":{"total":0,"covered":0,"skipped":0,"pct":100}}
,"C:\\Users\\steph\\work\\tw-joint-remediation-20260910\\trustweave-saas\\frontend\\src\\components\\ErrorBoundary.tsx": {"lines":{"total":0,"covered":0,"skipped":0,"pct":100},"functions":{"total":0,"covered":0,"skipped":0,"pct":100},"statements":{"total":0,"covered":0,"skipped":0,"pct":100},"branches":{"total":0,"covered":0,"skipped":0,"pct":100}}
,"C:\\Users\\steph\\work\\tw-joint-remediation-20260910\\trustweave-saas\\frontend\\src\\components\\Explain.tsx": {"lines":{"total":17,"covered":16,"skipped":0,"pct":94.11},"functions":{"total":8,"covered":7,"skipped":0,"pct":87.5},"statements":{"total":21,"covered":19,"skipped":0,"pct":90.47},"branches":{"total":14,"covered":10,"skipped":0,"pct":71.42}}
,"C:\\Users\\steph\\work\\tw-joint-remediation-20260910\\trustweave-saas\\frontend\\src\\components\\GiveDocumentModal.tsx": {"lines":{"total":0,"covered":0,"skipped":0,"pct":100},"functions":{"total":0,"covered":0,"skipped":0,"pct":100},"statements":{"total":0,"covered":0,"skipped":0,"pct":100},"branches":{"total":0,"covered":0,"skipped":0,"pct":100}}
,"C:\\Users\\steph\\work\\tw-joint-remediation-20260910\\trustweave-saas\\frontend\\src\\components\\HolderDidScannerModal.tsx": {"lines":{"total":1,"covered":0,"skipped":0,"pct":0},"functions":{"total":1,"covered":0,"skipped":0,"pct":0},"statements":{"total":1,"covered":0,"skipped":0,"pct":0},"branches":{"total":0,"covered":0,"skipped":0,"pct":100}}
,"C:\\Users\\steph\\work\\tw-joint-remediation-20260910\\trustweave-saas\\frontend\\src\\components\\HolderPortrait.tsx": {"lines":{"total":2,"covered":1,"skipped":0,"pct":50},"functions":{"total":1,"covered":0,"skipped":0,"pct":0},"statements":{"total":2,"covered":1,"skipped":0,"pct":50},"branches":{"total":2,"covered":0,"skipped":0,"pct":0}}
,"C:\\Users\\steph\\work\\tw-joint-remediation-20260910\\trustweave-saas\\frontend\\src\\components\\ImportCredentialsModal.tsx": {"lines":{"total":161,"covered":46,"skipped":0,"pct":28.57},"functions":{"total":43,"covered":10,"skipped":0,"pct":23.25},"statements":{"total":187,"covered":52,"skipped":0,"pct":27.8},"branches":{"total":199,"covered":40,"skipped":0,"pct":20.1}}
,"C:\\Users\\steph\\work\\tw-joint-remediation-20260910\\trustweave-saas\\frontend\\src\\components\\ImportIssuersModal.tsx": {"lines":{"total":17,"covered":0,"skipped":0,"pct":0},"functions":{"total":7,"covered":0,"skipped":0,"pct":0},"statements":{"total":21,"covered":0,"skipped":0,"pct":0},"branches":{"total":24,"covered":0,"skipped":0,"pct":0}}
,"C:\\Users\\steph\\work\\tw-joint-remediation-20260910\\trustweave-saas\\frontend\\src\\components\\ImportSubjectsModal.tsx": {"lines":{"total":0,"covered":0,"skipped":0,"pct":100},"functions":{"total":0,"covered":0,"skipped":0,"pct":100},"statements":{"total":0,"covered":0,"skipped":0,"pct":100},"branches":{"total":0,"covered":0,"skipped":0,"pct":100}}
,"C:\\Users\\steph\\work\\tw-joint-remediation-20260910\\trustweave-saas\\frontend\\src\\components\\IssueCredentialModal.tsx": {"lines":{"total":119,"covered":59,"skipped":0,"pct":49.57},"functions":{"total":54,"covered":18,"skipped":0,"pct":33.33},"statements":{"total":151,"covered":68,"skipped":0,"pct":45.03},"branches":{"total":168,"covered":70,"skipped":0,"pct":41.66}}
,"C:\\Users\\steph\\work\\tw-joint-remediation-20260910\\trustweave-saas\\frontend\\src\\components\\IssuerDidSelect.tsx": {"lines":{"total":17,"covered":15,"skipped":0,"pct":88.23},"functions":{"total":9,"covered":7,"skipped":0,"pct":77.77},"statements":{"total":20,"covered":18,"skipped":0,"pct":90},"branches":{"total":23,"covered":20,"skipped":0,"pct":86.95}}
,"C:\\Users\\steph\\work\\tw-joint-remediation-20260910\\trustweave-saas\\frontend\\src\\components\\IssuerModal.tsx": {"lines":{"total":81,"covered":34,"skipped":0,"pct":41.97},"functions":{"total":30,"covered":2,"skipped":0,"pct":6.66},"statements":{"total":97,"covered":36,"skipped":0,"pct":37.11},"branches":{"total":60,"covered":14,"skipped":0,"pct":23.33}}
,"C:\\Users\\steph\\work\\tw-joint-remediation-20260910\\trustweave-saas\\frontend\\src\\components\\Layout.tsx": {"lines":{"total":0,"covered":0,"skipped":0,"pct":100},"functions":{"total":0,"covered":0,"skipped":0,"pct":100},"statements":{"total":0,"covered":0,"skipped":0,"pct":100},"branches":{"total":0,"covered":0,"skipped":0,"pct":100}}
,"C:\\Users\\steph\\work\\tw-joint-remediation-20260910\\trustweave-saas\\frontend\\src\\components\\Login.tsx": {"lines":{"total":0,"covered":0,"skipped":0,"pct":100},"functions":{"total":0,"covered":0,"skipped":0,"pct":100},"statements":{"total":0,"covered":0,"skipped":0,"pct":100},"branches":{"total":0,"covered":0,"skipped":0,"pct":100}}
,"C:\\Users\\steph\\work\\tw-joint-remediation-20260910\\trustweave-saas\\frontend\\src\\components\\NetworkVisualization.tsx": {"lines":{"total":160,"covered":118,"skipped":0,"pct":73.75},"functions":{"total":47,"covered":38,"skipped":0,"pct":80.85},"statements":{"total":184,"covered":128,"skipped":0,"pct":69.56},"branches":{"total":121,"covered":65,"skipped":0,"pct":53.71}}
,"C:\\Users\\steph\\work\\tw-joint-remediation-20260910\\trustweave-saas\\frontend\\src\\components\\PaymentMethodCard.tsx": {"lines":{"total":33,"covered":22,"skipped":0,"pct":66.66},"functions":{"total":8,"covered":4,"skipped":0,"pct":50},"statements":{"total":35,"covered":23,"skipped":0,"pct":65.71},"branches":{"total":29,"covered":20,"skipped":0,"pct":68.96}}
,"C:\\Users\\steph\\work\\tw-joint-remediation-20260910\\trustweave-saas\\frontend\\src\\components\\PendingOffersPanel.tsx": {"lines":{"total":0,"covered":0,"skipped":0,"pct":100},"functions":{"total":0,"covered":0,"skipped":0,"pct":100},"statements":{"total":0,"covered":0,"skipped":0,"pct":100},"branches":{"total":0,"covered":0,"skipped":0,"pct":100}}
,"C:\\Users\\steph\\work\\tw-joint-remediation-20260910\\trustweave-saas\\frontend\\src\\components\\PricingPlans.tsx": {"lines":{"total":14,"covered":13,"skipped":0,"pct":92.85},"functions":{"total":7,"covered":6,"skipped":0,"pct":85.71},"statements":{"total":19,"covered":16,"skipped":0,"pct":84.21},"branches":{"total":12,"covered":8,"skipped":0,"pct":66.66}}
,"C:\\Users\\steph\\work\\tw-joint-remediation-20260910\\trustweave-saas\\frontend\\src\\components\\RootRoute.tsx": {"lines":{"total":32,"covered":19,"skipped":0,"pct":59.37},"functions":{"total":6,"covered":4,"skipped":0,"pct":66.66},"statements":{"total":41,"covered":23,"skipped":0,"pct":56.09},"branches":{"total":34,"covered":13,"skipped":0,"pct":38.23}}
,"C:\\Users\\steph\\work\\tw-joint-remediation-20260910\\trustweave-saas\\frontend\\src\\components\\SchemaClaimFields.tsx": {"lines":{"total":7,"covered":5,"skipped":0,"pct":71.42},"functions":{"total":4,"covered":3,"skipped":0,"pct":75},"statements":{"total":7,"covered":5,"skipped":0,"pct":71.42},"branches":{"total":15,"covered":6,"skipped":0,"pct":40}}
,"C:\\Users\\steph\\work\\tw-joint-remediation-20260910\\trustweave-saas\\frontend\\src\\components\\SchemaClaimInput.tsx": {"lines":{"total":33,"covered":11,"skipped":0,"pct":33.33},"functions":{"total":17,"covered":1,"skipped":0,"pct":5.88},"statements":{"total":36,"covered":11,"skipped":0,"pct":30.55},"branches":{"total":78,"covered":29,"skipped":0,"pct":37.17}}
,"C:\\Users\\steph\\work\\tw-joint-remediation-20260910\\trustweave-saas\\frontend\\src\\components\\SchemaFieldEditor.tsx": {"lines":{"total":78,"covered":34,"skipped":0,"pct":43.58},"functions":{"total":38,"covered":6,"skipped":0,"pct":15.78},"statements":{"total":94,"covered":34,"skipped":0,"pct":36.17},"branches":{"total":118,"covered":42,"skipped":0,"pct":35.59}}
,"C:\\Users\\steph\\work\\tw-joint-remediation-20260910\\trustweave-saas\\frontend\\src\\components\\SchemaImportPanel.tsx": {"lines":{"total":0,"covered":0,"skipped":0,"pct":100},"functions":{"total":0,"covered":0,"skipped":0,"pct":100},"statements":{"total":0,"covered":0,"skipped":0,"pct":100},"branches":{"total":0,"covered":0,"skipped":0,"pct":100}}
,"C:\\Users\\steph\\work\\tw-joint-remediation-20260910\\trustweave-saas\\frontend\\src\\components\\SigningKeyPanel.tsx": {"lines":{"total":33,"covered":2,"skipped":0,"pct":6.06},"functions":{"total":13,"covered":0,"skipped":0,"pct":0},"statements":{"total":33,"covered":2,"skipped":0,"pct":6.06},"branches":{"total":25,"covered":0,"skipped":0,"pct":0}}
,"C:\\Users\\steph\\work\\tw-joint-remediation-20260910\\trustweave-saas\\frontend\\src\\components\\SimulatedVerifierPanel.tsx": {"lines":{"total":0,"covered":0,"skipped":0,"pct":100},"functions":{"total":0,"covered":0,"skipped":0,"pct":100},"statements":{"total":0,"covered":0,"skipped":0,"pct":100},"branches":{"total":0,"covered":0,"skipped":0,"pct":100}}
,"C:\\Users\\steph\\work\\tw-joint-remediation-20260910\\trustweave-saas\\frontend\\src\\components\\StarterKitFormModal.tsx": {"lines":{"total":0,"covered":0,"skipped":0,"pct":100},"functions":{"total":0,"covered":0,"skipped":0,"pct":100},"statements":{"total":0,"covered":0,"skipped":0,"pct":100},"branches":{"total":0,"covered":0,"skipped":0,"pct":100}}
,"C:\\Users\\steph\\work\\tw-joint-remediation-20260910\\trustweave-saas\\frontend\\src\\components\\StarterKitWizard.tsx": {"lines":{"total":0,"covered":0,"skipped":0,"pct":100},"functions":{"total":0,"covered":0,"skipped":0,"pct":100},"statements":{"total":0,"covered":0,"skipped":0,"pct":100},"branches":{"total":0,"covered":0,"skipped":0,"pct":100}}
,"C:\\Users\\steph\\work\\tw-joint-remediation-20260910\\trustweave-saas\\frontend\\src\\components\\TopUpCreditsModal.tsx": {"lines":{"total":0,"covered":0,"skipped":0,"pct":100},"functions":{"total":0,"covered":0,"skipped":0,"pct":100},"statements":{"total":0,"covered":0,"skipped":0,"pct":100},"branches":{"total":0,"covered":0,"skipped":0,"pct":100}}
,"C:\\Users\\steph\\work\\tw-joint-remediation-20260910\\trustweave-saas\\frontend\\src\\components\\TrustIssueDetailModal.tsx": {"lines":{"total":7,"covered":6,"skipped":0,"pct":85.71},"functions":{"total":5,"covered":4,"skipped":0,"pct":80},"statements":{"total":8,"covered":7,"skipped":0,"pct":87.5},"branches":{"total":21,"covered":9,"skipped":0,"pct":42.85}}
,"C:\\Users\\steph\\work\\tw-joint-remediation-20260910\\trustweave-saas\\frontend\\src\\components\\TrustSpaceCreationModal.tsx": {"lines":{"total":71,"covered":30,"skipped":0,"pct":42.25},"functions":{"total":19,"covered":2,"skipped":0,"pct":10.52},"statements":{"total":76,"covered":31,"skipped":0,"pct":40.78},"branches":{"total":56,"covered":6,"skipped":0,"pct":10.71}}
,"C:\\Users\\steph\\work\\tw-joint-remediation-20260910\\trustweave-saas\\frontend\\src\\components\\TrustSpaceSwitcher.tsx": {"lines":{"total":36,"covered":34,"skipped":0,"pct":94.44},"functions":{"total":16,"covered":13,"skipped":0,"pct":81.25},"statements":{"total":45,"covered":41,"skipped":0,"pct":91.11},"branches":{"total":33,"covered":24,"skipped":0,"pct":72.72}}
,"C:\\Users\\steph\\work\\tw-joint-remediation-20260910\\trustweave-saas\\frontend\\src\\components\\TrustWeaveLogo.tsx": {"lines":{"total":3,"covered":3,"skipped":0,"pct":100},"functions":{"total":1,"covered":1,"skipped":0,"pct":100},"statements":{"total":4,"covered":4,"skipped":0,"pct":100},"branches":{"total":5,"covered":5,"skipped":0,"pct":100}}
,"C:\\Users\\steph\\work\\tw-joint-remediation-20260910\\trustweave-saas\\frontend\\src\\components\\TrustedIssuersPanel.tsx": {"lines":{"total":38,"covered":31,"skipped":0,"pct":81.57},"functions":{"total":20,"covered":15,"skipped":0,"pct":75},"statements":{"total":38,"covered":31,"skipped":0,"pct":81.57},"branches":{"total":30,"covered":26,"skipped":0,"pct":86.66}}
,"C:\\Users\\steph\\work\\tw-joint-remediation-20260910\\trustweave-saas\\frontend\\src\\components\\UsageMeter.tsx": {"lines":{"total":14,"covered":14,"skipped":0,"pct":100},"functions":{"total":6,"covered":5,"skipped":0,"pct":83.33},"statements":{"total":19,"covered":18,"skipped":0,"pct":94.73},"branches":{"total":12,"covered":7,"skipped":0,"pct":58.33}}
,"C:\\Users\\steph\\work\\tw-joint-remediation-20260910\\trustweave-saas\\frontend\\src\\components\\VerificationResultView.tsx": {"lines":{"total":0,"covered":0,"skipped":0,"pct":100},"functions":{"total":0,"covered":0,"skipped":0,"pct":100},"statements":{"total":0,"covered":0,"skipped":0,"pct":100},"branches":{"total":0,"covered":0,"skipped":0,"pct":100}}
,"C:\\Users\\steph\\work\\tw-joint-remediation-20260910\\trustweave-saas\\frontend\\src\\components\\admin\\GroupFormModal.tsx": {"lines":{"total":19,"covered":0,"skipped":0,"pct":0},"functions":{"total":7,"covered":0,"skipped":0,"pct":0},"statements":{"total":19,"covered":0,"skipped":0,"pct":0},"branches":{"total":23,"covered":0,"skipped":0,"pct":0}}
,"C:\\Users\\steph\\work\\tw-joint-remediation-20260910\\trustweave-saas\\frontend\\src\\components\\admin\\InviteColleagueCard.tsx": {"lines":{"total":0,"covered":0,"skipped":0,"pct":100},"functions":{"total":0,"covered":0,"skipped":0,"pct":100},"statements":{"total":0,"covered":0,"skipped":0,"pct":100},"branches":{"total":0,"covered":0,"skipped":0,"pct":100}}
,"C:\\Users\\steph\\work\\tw-joint-remediation-20260910\\trustweave-saas\\frontend\\src\\components\\admin\\RoleFormModal.tsx": {"lines":{"total":19,"covered":0,"skipped":0,"pct":0},"functions":{"total":7,"covered":0,"skipped":0,"pct":0},"statements":{"total":19,"covered":0,"skipped":0,"pct":0},"branches":{"total":23,"covered":0,"skipped":0,"pct":0}}
,"C:\\Users\\steph\\work\\tw-joint-remediation-20260910\\trustweave-saas\\frontend\\src\\components\\admin\\UserAssignmentsModal.tsx": {"lines":{"total":27,"covered":21,"skipped":0,"pct":77.77},"functions":{"total":14,"covered":8,"skipped":0,"pct":57.14},"statements":{"total":29,"covered":22,"skipped":0,"pct":75.86},"branches":{"total":49,"covered":25,"skipped":0,"pct":51.02}}
,"C:\\Users\\steph\\work\\tw-joint-remediation-20260910\\trustweave-saas\\frontend\\src\\components\\admin\\WebhookRecoveryPanel.tsx": {"lines":{"total":8,"covered":8,"skipped":0,"pct":100},"functions":{"total":8,"covered":8,"skipped":0,"pct":100},"statements":{"total":10,"covered":10,"skipped":0,"pct":100},"branches":{"total":14,"covered":14,"skipped":0,"pct":100}}
,"C:\\Users\\steph\\work\\tw-joint-remediation-20260910\\trustweave-saas\\frontend\\src\\components\\cards\\TrustSpaceCard.tsx": {"lines":{"total":0,"covered":0,"skipped":0,"pct":100},"functions":{"total":0,"covered":0,"skipped":0,"pct":100},"statements":{"total":0,"covered":0,"skipped":0,"pct":100},"branches":{"total":0,"covered":0,"skipped":0,"pct":100}}
,"C:\\Users\\steph\\work\\tw-joint-remediation-20260910\\trustweave-saas\\frontend\\src\\components\\ui\\EmptyState.tsx": {"lines":{"total":1,"covered":0,"skipped":0,"pct":0},"functions":{"total":1,"covered":0,"skipped":0,"pct":0},"statements":{"total":1,"covered":0,"skipped":0,"pct":0},"branches":{"total":6,"covered":0,"skipped":0,"pct":0}}
,"C:\\Users\\steph\\work\\tw-joint-remediation-20260910\\trustweave-saas\\frontend\\src\\components\\ui\\FieldError.tsx": {"lines":{"total":2,"covered":1,"skipped":0,"pct":50},"functions":{"total":1,"covered":1,"skipped":0,"pct":100},"statements":{"total":3,"covered":2,"skipped":0,"pct":66.66},"branches":{"total":2,"covered":1,"skipped":0,"pct":50}}
,"C:\\Users\\steph\\work\\tw-joint-remediation-20260910\\trustweave-saas\\frontend\\src\\components\\ui\\Modal.tsx": {"lines":{"total":42,"covered":29,"skipped":0,"pct":69.04},"functions":{"total":8,"covered":7,"skipped":0,"pct":87.5},"statements":{"total":52,"covered":37,"skipped":0,"pct":71.15},"branches":{"total":55,"covered":33,"skipped":0,"pct":60}}
,"C:\\Users\\steph\\work\\tw-joint-remediation-20260910\\trustweave-saas\\frontend\\src\\components\\ui\\Pagination.tsx": {"lines":{"total":4,"covered":0,"skipped":0,"pct":0},"functions":{"total":3,"covered":0,"skipped":0,"pct":0},"statements":{"total":5,"covered":0,"skipped":0,"pct":0},"branches":{"total":2,"covered":0,"skipped":0,"pct":0}}
,"C:\\Users\\steph\\work\\tw-joint-remediation-20260910\\trustweave-saas\\frontend\\src\\components\\ui\\Skeleton.tsx": {"lines":{"total":7,"covered":7,"skipped":0,"pct":100},"functions":{"total":4,"covered":4,"skipped":0,"pct":100},"statements":{"total":7,"covered":7,"skipped":0,"pct":100},"branches":{"total":5,"covered":4,"skipped":0,"pct":80}}
,"C:\\Users\\steph\\work\\tw-joint-remediation-20260910\\trustweave-saas\\frontend\\src\\components\\ui\\Toast.tsx": {"lines":{"total":25,"covered":21,"skipped":0,"pct":84},"functions":{"total":16,"covered":10,"skipped":0,"pct":62.5},"statements":{"total":30,"covered":23,"skipped":0,"pct":76.66},"branches":{"total":2,"covered":1,"skipped":0,"pct":50}}
,"C:\\Users\\steph\\work\\tw-joint-remediation-20260910\\trustweave-saas\\frontend\\src\\copy\\glossary.ts": {"lines":{"total":2,"covered":2,"skipped":0,"pct":100},"functions":{"total":1,"covered":1,"skipped":0,"pct":100},"statements":{"total":2,"covered":2,"skipped":0,"pct":100},"branches":{"total":0,"covered":0,"skipped":0,"pct":100}}
,"C:\\Users\\steph\\work\\tw-joint-remediation-20260910\\trustweave-saas\\frontend\\src\\copy\\labels.ts": {"lines":{"total":8,"covered":5,"skipped":0,"pct":62.5},"functions":{"total":5,"covered":2,"skipped":0,"pct":40},"statements":{"total":10,"covered":5,"skipped":0,"pct":50},"branches":{"total":16,"covered":7,"skipped":0,"pct":43.75}}
,"C:\\Users\\steph\\work\\tw-joint-remediation-20260910\\trustweave-saas\\frontend\\src\\hooks\\useRoles.ts": {"lines":{"total":0,"covered":0,"skipped":0,"pct":100},"functions":{"total":0,"covered":0,"skipped":0,"pct":100},"statements":{"total":0,"covered":0,"skipped":0,"pct":100},"branches":{"total":0,"covered":0,"skipped":0,"pct":100}}
,"C:\\Users\\steph\\work\\tw-joint-remediation-20260910\\trustweave-saas\\frontend\\src\\hooks\\useSearchPaginate.ts": {"lines":{"total":17,"covered":15,"skipped":0,"pct":88.23},"functions":{"total":7,"covered":5,"skipped":0,"pct":71.42},"statements":{"total":20,"covered":16,"skipped":0,"pct":80},"branches":{"total":7,"covered":3,"skipped":0,"pct":42.85}}
,"C:\\Users\\steph\\work\\tw-joint-remediation-20260910\\trustweave-saas\\frontend\\src\\lib\\buildTrustDomainGraph.ts": {"lines":{"total":24,"covered":22,"skipped":0,"pct":91.66},"functions":{"total":2,"covered":2,"skipped":0,"pct":100},"statements":{"total":24,"covered":22,"skipped":0,"pct":91.66},"branches":{"total":16,"covered":13,"skipped":0,"pct":81.25}}
,"C:\\Users\\steph\\work\\tw-joint-remediation-20260910\\trustweave-saas\\frontend\\src\\lib\\didQr.ts": {"lines":{"total":36,"covered":31,"skipped":0,"pct":86.11},"functions":{"total":5,"covered":5,"skipped":0,"pct":100},"statements":{"total":42,"covered":36,"skipped":0,"pct":85.71},"branches":{"total":36,"covered":29,"skipped":0,"pct":80.55}}
,"C:\\Users\\steph\\work\\tw-joint-remediation-20260910\\trustweave-saas\\frontend\\src\\lib\\holderQr.ts": {"lines":{"total":0,"covered":0,"skipped":0,"pct":100},"functions":{"total":0,"covered":0,"skipped":0,"pct":100},"statements":{"total":0,"covered":0,"skipped":0,"pct":100},"branches":{"total":0,"covered":0,"skipped":0,"pct":100}}
,"C:\\Users\\steph\\work\\tw-joint-remediation-20260910\\trustweave-saas\\frontend\\src\\lib\\layoutTrustDomainGraph.ts": {"lines":{"total":55,"covered":52,"skipped":0,"pct":94.54},"functions":{"total":19,"covered":16,"skipped":0,"pct":84.21},"statements":{"total":58,"covered":54,"skipped":0,"pct":93.1},"branches":{"total":28,"covered":19,"skipped":0,"pct":67.85}}
,"C:\\Users\\steph\\work\\tw-joint-remediation-20260910\\trustweave-saas\\frontend\\src\\lib\\trustGraphIssue.ts": {"lines":{"total":13,"covered":5,"skipped":0,"pct":38.46},"functions":{"total":4,"covered":2,"skipped":0,"pct":50},"statements":{"total":16,"covered":6,"skipped":0,"pct":37.5},"branches":{"total":15,"covered":7,"skipped":0,"pct":46.66}}
,"C:\\Users\\steph\\work\\tw-joint-remediation-20260910\\trustweave-saas\\frontend\\src\\lib\\useHtml5QrcodeScanner.ts": {"lines":{"total":30,"covered":0,"skipped":0,"pct":0},"functions":{"total":10,"covered":0,"skipped":0,"pct":0},"statements":{"total":32,"covered":0,"skipped":0,"pct":0},"branches":{"total":8,"covered":0,"skipped":0,"pct":0}}
,"C:\\Users\\steph\\work\\tw-joint-remediation-20260910\\trustweave-saas\\frontend\\src\\lib\\validation.ts": {"lines":{"total":7,"covered":0,"skipped":0,"pct":0},"functions":{"total":1,"covered":0,"skipped":0,"pct":0},"statements":{"total":9,"covered":0,"skipped":0,"pct":0},"branches":{"total":6,"covered":0,"skipped":0,"pct":0}}
,"C:\\Users\\steph\\work\\tw-joint-remediation-20260910\\trustweave-saas\\frontend\\src\\pages\\Admin.tsx": {"lines":{"total":81,"covered":15,"skipped":0,"pct":18.51},"functions":{"total":51,"covered":6,"skipped":0,"pct":11.76},"statements":{"total":85,"covered":17,"skipped":0,"pct":20},"branches":{"total":118,"covered":31,"skipped":0,"pct":26.27}}
,"C:\\Users\\steph\\work\\tw-joint-remediation-20260910\\trustweave-saas\\frontend\\src\\pages\\AuditLogs.tsx": {"lines":{"total":0,"covered":0,"skipped":0,"pct":100},"functions":{"total":0,"covered":0,"skipped":0,"pct":100},"statements":{"total":0,"covered":0,"skipped":0,"pct":100},"branches":{"total":0,"covered":0,"skipped":0,"pct":100}}
,"C:\\Users\\steph\\work\\tw-joint-remediation-20260910\\trustweave-saas\\frontend\\src\\pages\\Billing.tsx": {"lines":{"total":0,"covered":0,"skipped":0,"pct":100},"functions":{"total":0,"covered":0,"skipped":0,"pct":100},"statements":{"total":0,"covered":0,"skipped":0,"pct":100},"branches":{"total":0,"covered":0,"skipped":0,"pct":100}}
,"C:\\Users\\steph\\work\\tw-joint-remediation-20260910\\trustweave-saas\\frontend\\src\\pages\\Blockchains.tsx": {"lines":{"total":0,"covered":0,"skipped":0,"pct":100},"functions":{"total":0,"covered":0,"skipped":0,"pct":100},"statements":{"total":0,"covered":0,"skipped":0,"pct":100},"branches":{"total":0,"covered":0,"skipped":0,"pct":100}}
,"C:\\Users\\steph\\work\\tw-joint-remediation-20260910\\trustweave-saas\\frontend\\src\\pages\\CheckCredential.tsx": {"lines":{"total":57,"covered":38,"skipped":0,"pct":66.66},"functions":{"total":33,"covered":12,"skipped":0,"pct":36.36},"statements":{"total":68,"covered":42,"skipped":0,"pct":61.76},"branches":{"total":90,"covered":64,"skipped":0,"pct":71.11}}
,"C:\\Users\\steph\\work\\tw-joint-remediation-20260910\\trustweave-saas\\frontend\\src\\pages\\Claim.tsx": {"lines":{"total":11,"covered":11,"skipped":0,"pct":100},"functions":{"total":6,"covered":6,"skipped":0,"pct":100},"statements":{"total":13,"covered":13,"skipped":0,"pct":100},"branches":{"total":29,"covered":28,"skipped":0,"pct":96.55}}
,"C:\\Users\\steph\\work\\tw-joint-remediation-20260910\\trustweave-saas\\frontend\\src\\pages\\CredentialTypes.tsx": {"lines":{"total":151,"covered":79,"skipped":0,"pct":52.31},"functions":{"total":70,"covered":26,"skipped":0,"pct":37.14},"statements":{"total":171,"covered":87,"skipped":0,"pct":50.87},"branches":{"total":171,"covered":108,"skipped":0,"pct":63.15}}
,"C:\\Users\\steph\\work\\tw-joint-remediation-20260910\\trustweave-saas\\frontend\\src\\pages\\Credentials.tsx": {"lines":{"total":0,"covered":0,"skipped":0,"pct":100},"functions":{"total":0,"covered":0,"skipped":0,"pct":100},"statements":{"total":0,"covered":0,"skipped":0,"pct":100},"branches":{"total":0,"covered":0,"skipped":0,"pct":100}}
,"C:\\Users\\steph\\work\\tw-joint-remediation-20260910\\trustweave-saas\\frontend\\src\\pages\\Dashboard.tsx": {"lines":{"total":22,"covered":13,"skipped":0,"pct":59.09},"functions":{"total":14,"covered":6,"skipped":0,"pct":42.85},"statements":{"total":23,"covered":13,"skipped":0,"pct":56.52},"branches":{"total":39,"covered":24,"skipped":0,"pct":61.53}}
,"C:\\Users\\steph\\work\\tw-joint-remediation-20260910\\trustweave-saas\\frontend\\src\\pages\\Issuers.tsx": {"lines":{"total":96,"covered":31,"skipped":0,"pct":32.29},"functions":{"total":49,"covered":1,"skipped":0,"pct":2.04},"statements":{"total":115,"covered":31,"skipped":0,"pct":26.95},"branches":{"total":73,"covered":14,"skipped":0,"pct":19.17}}
,"C:\\Users\\steph\\work\\tw-joint-remediation-20260910\\trustweave-saas\\frontend\\src\\pages\\Landing.tsx": {"lines":{"total":1,"covered":1,"skipped":0,"pct":100},"functions":{"total":1,"covered":1,"skipped":0,"pct":100},"statements":{"total":1,"covered":1,"skipped":0,"pct":100},"branches":{"total":0,"covered":0,"skipped":0,"pct":100}}
,"C:\\Users\\steph\\work\\tw-joint-remediation-20260910\\trustweave-saas\\frontend\\src\\pages\\NotFound.tsx": {"lines":{"total":0,"covered":0,"skipped":0,"pct":100},"functions":{"total":0,"covered":0,"skipped":0,"pct":100},"statements":{"total":0,"covered":0,"skipped":0,"pct":100},"branches":{"total":0,"covered":0,"skipped":0,"pct":100}}
,"C:\\Users\\steph\\work\\tw-joint-remediation-20260910\\trustweave-saas\\frontend\\src\\pages\\Onboarding.tsx": {"lines":{"total":21,"covered":12,"skipped":0,"pct":57.14},"functions":{"total":14,"covered":6,"skipped":0,"pct":42.85},"statements":{"total":28,"covered":17,"skipped":0,"pct":60.71},"branches":{"total":25,"covered":10,"skipped":0,"pct":40}}
,"C:\\Users\\steph\\work\\tw-joint-remediation-20260910\\trustweave-saas\\frontend\\src\\pages\\PeopleAndAgents.tsx": {"lines":{"total":0,"covered":0,"skipped":0,"pct":100},"functions":{"total":0,"covered":0,"skipped":0,"pct":100},"statements":{"total":0,"covered":0,"skipped":0,"pct":100},"branches":{"total":0,"covered":0,"skipped":0,"pct":100}}
,"C:\\Users\\steph\\work\\tw-joint-remediation-20260910\\trustweave-saas\\frontend\\src\\pages\\PublicVerify.tsx": {"lines":{"total":0,"covered":0,"skipped":0,"pct":100},"functions":{"total":0,"covered":0,"skipped":0,"pct":100},"statements":{"total":0,"covered":0,"skipped":0,"pct":100},"branches":{"total":0,"covered":0,"skipped":0,"pct":100}}
,"C:\\Users\\steph\\work\\tw-joint-remediation-20260910\\trustweave-saas\\frontend\\src\\pages\\StarterKits.tsx": {"lines":{"total":0,"covered":0,"skipped":0,"pct":100},"functions":{"total":0,"covered":0,"skipped":0,"pct":100},"statements":{"total":0,"covered":0,"skipped":0,"pct":100},"branches":{"total":0,"covered":0,"skipped":0,"pct":100}}
,"C:\\Users\\steph\\work\\tw-joint-remediation-20260910\\trustweave-saas\\frontend\\src\\pages\\SubjectProfile.tsx": {"lines":{"total":0,"covered":0,"skipped":0,"pct":100},"functions":{"total":0,"covered":0,"skipped":0,"pct":100},"statements":{"total":0,"covered":0,"skipped":0,"pct":100},"branches":{"total":0,"covered":0,"skipped":0,"pct":100}}
,"C:\\Users\\steph\\work\\tw-joint-remediation-20260910\\trustweave-saas\\frontend\\src\\pages\\Transactions.tsx": {"lines":{"total":0,"covered":0,"skipped":0,"pct":100},"functions":{"total":0,"covered":0,"skipped":0,"pct":100},"statements":{"total":0,"covered":0,"skipped":0,"pct":100},"branches":{"total":0,"covered":0,"skipped":0,"pct":100}}
,"C:\\Users\\steph\\work\\tw-joint-remediation-20260910\\trustweave-saas\\frontend\\src\\pages\\TrustSpaceAnchoring.tsx": {"lines":{"total":32,"covered":23,"skipped":0,"pct":71.87},"functions":{"total":21,"covered":8,"skipped":0,"pct":38.09},"statements":{"total":43,"covered":28,"skipped":0,"pct":65.11},"branches":{"total":29,"covered":14,"skipped":0,"pct":48.27}}
,"C:\\Users\\steph\\work\\tw-joint-remediation-20260910\\trustweave-saas\\frontend\\src\\pages\\TrustSpaces.tsx": {"lines":{"total":35,"covered":12,"skipped":0,"pct":34.28},"functions":{"total":23,"covered":2,"skipped":0,"pct":8.69},"statements":{"total":37,"covered":12,"skipped":0,"pct":32.43},"branches":{"total":29,"covered":9,"skipped":0,"pct":31.03}}
,"C:\\Users\\steph\\work\\tw-joint-remediation-20260910\\trustweave-saas\\frontend\\src\\pages\\landing\\FAQ.tsx": {"lines":{"total":7,"covered":7,"skipped":0,"pct":100},"functions":{"total":3,"covered":3,"skipped":0,"pct":100},"statements":{"total":7,"covered":7,"skipped":0,"pct":100},"branches":{"total":4,"covered":4,"skipped":0,"pct":100}}
,"C:\\Users\\steph\\work\\tw-joint-remediation-20260910\\trustweave-saas\\frontend\\src\\pages\\landing\\FinalCta.tsx": {"lines":{"total":1,"covered":1,"skipped":0,"pct":100},"functions":{"total":1,"covered":1,"skipped":0,"pct":100},"statements":{"total":1,"covered":1,"skipped":0,"pct":100},"branches":{"total":0,"covered":0,"skipped":0,"pct":100}}
,"C:\\Users\\steph\\work\\tw-joint-remediation-20260910\\trustweave-saas\\frontend\\src\\pages\\landing\\Hero.tsx": {"lines":{"total":10,"covered":10,"skipped":0,"pct":100},"functions":{"total":3,"covered":3,"skipped":0,"pct":100},"statements":{"total":10,"covered":10,"skipped":0,"pct":100},"branches":{"total":10,"covered":5,"skipped":0,"pct":50}}
,"C:\\Users\\steph\\work\\tw-joint-remediation-20260910\\trustweave-saas\\frontend\\src\\pages\\landing\\HowItWorks.tsx": {"lines":{"total":3,"covered":3,"skipped":0,"pct":100},"functions":{"total":2,"covered":2,"skipped":0,"pct":100},"statements":{"total":3,"covered":3,"skipped":0,"pct":100},"branches":{"total":0,"covered":0,"skipped":0,"pct":100}}
,"C:\\Users\\steph\\work\\tw-joint-remediation-20260910\\trustweave-saas\\frontend\\src\\pages\\landing\\LandingFooter.tsx": {"lines":{"total":5,"covered":5,"skipped":0,"pct":100},"functions":{"total":3,"covered":3,"skipped":0,"pct":100},"statements":{"total":5,"covered":5,"skipped":0,"pct":100},"branches":{"total":2,"covered":2,"skipped":0,"pct":100}}
,"C:\\Users\\steph\\work\\tw-joint-remediation-20260910\\trustweave-saas\\frontend\\src\\pages\\landing\\LandingNav.tsx": {"lines":{"total":13,"covered":10,"skipped":0,"pct":76.92},"functions":{"total":9,"covered":5,"skipped":0,"pct":55.55},"statements":{"total":16,"covered":12,"skipped":0,"pct":75},"branches":{"total":6,"covered":3,"skipped":0,"pct":50}}
,"C:\\Users\\steph\\work\\tw-joint-remediation-20260910\\trustweave-saas\\frontend\\src\\pages\\landing\\Pricing.tsx": {"lines":{"total":2,"covered":2,"skipped":0,"pct":100},"functions":{"total":2,"covered":2,"skipped":0,"pct":100},"statements":{"total":2,"covered":2,"skipped":0,"pct":100},"branches":{"total":0,"covered":0,"skipped":0,"pct":100}}
,"C:\\Users\\steph\\work\\tw-joint-remediation-20260910\\trustweave-saas\\frontend\\src\\pages\\landing\\PricingTier.tsx": {"lines":{"total":5,"covered":5,"skipped":0,"pct":100},"functions":{"total":2,"covered":2,"skipped":0,"pct":100},"statements":{"total":5,"covered":5,"skipped":0,"pct":100},"branches":{"total":24,"covered":23,"skipped":0,"pct":95.83}}
,"C:\\Users\\steph\\work\\tw-joint-remediation-20260910\\trustweave-saas\\frontend\\src\\pages\\landing\\SandboxSpotlight.tsx": {"lines":{"total":2,"covered":2,"skipped":0,"pct":100},"functions":{"total":2,"covered":2,"skipped":0,"pct":100},"statements":{"total":2,"covered":2,"skipped":0,"pct":100},"branches":{"total":0,"covered":0,"skipped":0,"pct":100}}
,"C:\\Users\\steph\\work\\tw-joint-remediation-20260910\\trustweave-saas\\frontend\\src\\pages\\landing\\SocialProof.tsx": {"lines":{"total":4,"covered":4,"skipped":0,"pct":100},"functions":{"total":2,"covered":2,"skipped":0,"pct":100},"statements":{"total":5,"covered":5,"skipped":0,"pct":100},"branches":{"total":3,"covered":3,"skipped":0,"pct":100}}
,"C:\\Users\\steph\\work\\tw-joint-remediation-20260910\\trustweave-saas\\frontend\\src\\pages\\landing\\ValueProps.tsx": {"lines":{"total":6,"covered":6,"skipped":0,"pct":100},"functions":{"total":2,"covered":2,"skipped":0,"pct":100},"statements":{"total":6,"covered":6,"skipped":0,"pct":100},"branches":{"total":0,"covered":0,"skipped":0,"pct":100}}
,"C:\\Users\\steph\\work\\tw-joint-remediation-20260910\\trustweave-saas\\frontend\\src\\pages\\landing\\links.ts": {"lines":{"total":1,"covered":1,"skipped":0,"pct":100},"functions":{"total":0,"covered":0,"skipped":0,"pct":100},"statements":{"total":1,"covered":1,"skipped":0,"pct":100},"branches":{"total":0,"covered":0,"skipped":0,"pct":100}}
,"C:\\Users\\steph\\work\\tw-joint-remediation-20260910\\trustweave-saas\\frontend\\src\\pages\\onboarding\\FirstValue.tsx": {"lines":{"total":12,"covered":11,"skipped":0,"pct":91.66},"functions":{"total":2,"covered":2,"skipped":0,"pct":100},"statements":{"total":12,"covered":11,"skipped":0,"pct":91.66},"branches":{"total":18,"covered":14,"skipped":0,"pct":77.77}}
,"C:\\Users\\steph\\work\\tw-joint-remediation-20260910\\trustweave-saas\\frontend\\src\\pages\\onboarding\\ReviewApply.tsx": {"lines":{"total":16,"covered":14,"skipped":0,"pct":87.5},"functions":{"total":7,"covered":6,"skipped":0,"pct":85.71},"statements":{"total":19,"covered":17,"skipped":0,"pct":89.47},"branches":{"total":16,"covered":7,"skipped":0,"pct":43.75}}
,"C:\\Users\\steph\\work\\tw-joint-remediation-20260910\\trustweave-saas\\frontend\\src\\pages\\onboarding\\Step0Doors.tsx": {"lines":{"total":3,"covered":2,"skipped":0,"pct":66.66},"functions":{"total":3,"covered":2,"skipped":0,"pct":66.66},"statements":{"total":3,"covered":2,"skipped":0,"pct":66.66},"branches":{"total":0,"covered":0,"skipped":0,"pct":100}}
,"C:\\Users\\steph\\work\\tw-joint-remediation-20260910\\trustweave-saas\\frontend\\src\\pages\\onboarding\\TemplateGallery.tsx": {"lines":{"total":8,"covered":8,"skipped":0,"pct":100},"functions":{"total":6,"covered":6,"skipped":0,"pct":100},"statements":{"total":11,"covered":11,"skipped":0,"pct":100},"branches":{"total":0,"covered":0,"skipped":0,"pct":100}}
,"C:\\Users\\steph\\work\\tw-joint-remediation-20260910\\trustweave-saas\\frontend\\src\\pages\\onboarding\\Wizard.tsx": {"lines":{"total":16,"covered":15,"skipped":0,"pct":93.75},"functions":{"total":9,"covered":8,"skipped":0,"pct":88.88},"statements":{"total":23,"covered":21,"skipped":0,"pct":91.3},"branches":{"total":12,"covered":9,"skipped":0,"pct":75}}
,"C:\\Users\\steph\\work\\tw-joint-remediation-20260910\\trustweave-saas\\frontend\\src\\pages\\onboarding\\draft.ts": {"lines":{"total":3,"covered":3,"skipped":0,"pct":100},"functions":{"total":1,"covered":1,"skipped":0,"pct":100},"statements":{"total":3,"covered":3,"skipped":0,"pct":100},"branches":{"total":0,"covered":0,"skipped":0,"pct":100}}
,"C:\\Users\\steph\\work\\tw-joint-remediation-20260910\\trustweave-saas\\frontend\\src\\pages\\onboarding\\firstValueFlow.ts": {"lines":{"total":4,"covered":4,"skipped":0,"pct":100},"functions":{"total":2,"covered":2,"skipped":0,"pct":100},"statements":{"total":4,"covered":4,"skipped":0,"pct":100},"branches":{"total":0,"covered":0,"skipped":0,"pct":100}}
,"C:\\Users\\steph\\work\\tw-joint-remediation-20260910\\trustweave-saas\\frontend\\src\\pages\\onboarding\\provision.ts": {"lines":{"total":2,"covered":0,"skipped":0,"pct":0},"functions":{"total":2,"covered":0,"skipped":0,"pct":0},"statements":{"total":2,"covered":0,"skipped":0,"pct":0},"branches":{"total":0,"covered":0,"skipped":0,"pct":100}}
,"C:\\Users\\steph\\work\\tw-joint-remediation-20260910\\trustweave-saas\\frontend\\src\\pages\\onboarding\\steps\\StepConnectivity.tsx": {"lines":{"total":6,"covered":4,"skipped":0,"pct":66.66},"functions":{"total":5,"covered":3,"skipped":0,"pct":60},"statements":{"total":8,"covered":6,"skipped":0,"pct":75},"branches":{"total":2,"covered":1,"skipped":0,"pct":50}}
,"C:\\Users\\steph\\work\\tw-joint-remediation-20260910\\trustweave-saas\\frontend\\src\\pages\\onboarding\\steps\\StepCredentialTypes.tsx": {"lines":{"total":7,"covered":6,"skipped":0,"pct":85.71},"functions":{"total":5,"covered":4,"skipped":0,"pct":80},"statements":{"total":9,"covered":8,"skipped":0,"pct":88.88},"branches":{"total":4,"covered":4,"skipped":0,"pct":100}}
,"C:\\Users\\steph\\work\\tw-joint-remediation-20260910\\trustweave-saas\\frontend\\src\\pages\\onboarding\\steps\\StepIssuers.tsx": {"lines":{"total":20,"covered":0,"skipped":0,"pct":0},"functions":{"total":11,"covered":0,"skipped":0,"pct":0},"statements":{"total":24,"covered":0,"skipped":0,"pct":0},"branches":{"total":12,"covered":0,"skipped":0,"pct":0}}
,"C:\\Users\\steph\\work\\tw-joint-remediation-20260910\\trustweave-saas\\frontend\\src\\pages\\onboarding\\steps\\StepName.tsx": {"lines":{"total":5,"covered":4,"skipped":0,"pct":80},"functions":{"total":5,"covered":4,"skipped":0,"pct":80},"statements":{"total":7,"covered":6,"skipped":0,"pct":85.71},"branches":{"total":2,"covered":2,"skipped":0,"pct":100}}
,"C:\\Users\\steph\\work\\tw-joint-remediation-20260910\\trustweave-saas\\frontend\\src\\pages\\onboarding\\steps\\StepTrustModel.tsx": {"lines":{"total":5,"covered":4,"skipped":0,"pct":80},"functions":{"total":5,"covered":4,"skipped":0,"pct":80},"statements":{"total":7,"covered":6,"skipped":0,"pct":85.71},"branches":{"total":2,"covered":2,"skipped":0,"pct":100}}
,"C:\\Users\\steph\\work\\tw-joint-remediation-20260910\\trustweave-saas\\frontend\\src\\pages\\onboarding\\steps\\StepVerification.tsx": {"lines":{"total":5,"covered":0,"skipped":0,"pct":0},"functions":{"total":5,"covered":0,"skipped":0,"pct":0},"statements":{"total":7,"covered":0,"skipped":0,"pct":0},"branches":{"total":2,"covered":0,"skipped":0,"pct":0}}
,"C:\\Users\\steph\\work\\tw-joint-remediation-20260910\\trustweave-saas\\frontend\\src\\pages\\onboarding\\steps\\stepDefs.ts": {"lines":{"total":22,"covered":20,"skipped":0,"pct":90.9},"functions":{"total":19,"covered":17,"skipped":0,"pct":89.47},"statements":{"total":28,"covered":26,"skipped":0,"pct":92.85},"branches":{"total":4,"covered":3,"skipped":0,"pct":75}}
,"C:\\Users\\steph\\work\\tw-joint-remediation-20260910\\trustweave-saas\\frontend\\src\\schema\\claimStructure.ts": {"lines":{"total":35,"covered":35,"skipped":0,"pct":100},"functions":{"total":5,"covered":5,"skipped":0,"pct":100},"statements":{"total":39,"covered":37,"skipped":0,"pct":94.87},"branches":{"total":39,"covered":33,"skipped":0,"pct":84.61}}
,"C:\\Users\\steph\\work\\tw-joint-remediation-20260910\\trustweave-saas\\frontend\\src\\schema\\fieldModel.ts": {"lines":{"total":41,"covered":40,"skipped":0,"pct":97.56},"functions":{"total":19,"covered":19,"skipped":0,"pct":100},"statements":{"total":51,"covered":50,"skipped":0,"pct":98.03},"branches":{"total":82,"covered":75,"skipped":0,"pct":91.46}}
,"C:\\Users\\steph\\work\\tw-joint-remediation-20260910\\trustweave-saas\\frontend\\src\\schema\\importers.ts": {"lines":{"total":149,"covered":141,"skipped":0,"pct":94.63},"functions":{"total":23,"covered":20,"skipped":0,"pct":86.95},"statements":{"total":220,"covered":180,"skipped":0,"pct":81.81},"branches":{"total":251,"covered":182,"skipped":0,"pct":72.5}}
,"C:\\Users\\steph\\work\\tw-joint-remediation-20260910\\trustweave-saas\\frontend\\src\\schema\\validation.ts": {"lines":{"total":35,"covered":35,"skipped":0,"pct":100},"functions":{"total":13,"covered":13,"skipped":0,"pct":100},"statements":{"total":41,"covered":41,"skipped":0,"pct":100},"branches":{"total":34,"covered":32,"skipped":0,"pct":94.11}}
,"C:\\Users\\steph\\work\\tw-joint-remediation-20260910\\trustweave-saas\\frontend\\src\\store\\authStore.ts": {"lines":{"total":0,"covered":0,"skipped":0,"pct":100},"functions":{"total":0,"covered":0,"skipped":0,"pct":100},"statements":{"total":0,"covered":0,"skipped":0,"pct":100},"branches":{"total":0,"covered":0,"skipped":0,"pct":100}}
,"C:\\Users\\steph\\work\\tw-joint-remediation-20260910\\trustweave-saas\\frontend\\src\\store\\onboardingStore.ts": {"lines":{"total":17,"covered":10,"skipped":0,"pct":58.82},"functions":{"total":10,"covered":9,"skipped":0,"pct":90},"statements":{"total":19,"covered":11,"skipped":0,"pct":57.89},"branches":{"total":14,"covered":2,"skipped":0,"pct":14.28}}
,"C:\\Users\\steph\\work\\tw-joint-remediation-20260910\\trustweave-saas\\frontend\\src\\store\\trustSpaceStore.ts": {"lines":{"total":8,"covered":2,"skipped":0,"pct":25},"functions":{"total":11,"covered":2,"skipped":0,"pct":18.18},"statements":{"total":12,"covered":3,"skipped":0,"pct":25},"branches":{"total":6,"covered":0,"skipped":0,"pct":0}}
,"C:\\Users\\steph\\work\\tw-joint-remediation-20260910\\trustweave-saas\\frontend\\src\\store\\uiStore.ts": {"lines":{"total":0,"covered":0,"skipped":0,"pct":100},"functions":{"total":0,"covered":0,"skipped":0,"pct":100},"statements":{"total":0,"covered":0,"skipped":0,"pct":100},"branches":{"total":0,"covered":0,"skipped":0,"pct":100}}
,"C:\\Users\\steph\\work\\tw-joint-remediation-20260910\\trustweave-saas\\frontend\\src\\utils\\claimDisplay.ts": {"lines":{"total":85,"covered":68,"skipped":0,"pct":80},"functions":{"total":30,"covered":26,"skipped":0,"pct":86.66},"statements":{"total":110,"covered":78,"skipped":0,"pct":70.9},"branches":{"total":101,"covered":57,"skipped":0,"pct":56.43}}
,"C:\\Users\\steph\\work\\tw-joint-remediation-20260910\\trustweave-saas\\frontend\\src\\utils\\claimJwe.ts": {"lines":{"total":70,"covered":67,"skipped":0,"pct":95.71},"functions":{"total":13,"covered":13,"skipped":0,"pct":100},"statements":{"total":81,"covered":78,"skipped":0,"pct":96.29},"branches":{"total":34,"covered":32,"skipped":0,"pct":94.11}}
,"C:\\Users\\steph\\work\\tw-joint-remediation-20260910\\trustweave-saas\\frontend\\src\\utils\\credentialStatus.ts": {"lines":{"total":10,"covered":1,"skipped":0,"pct":10},"functions":{"total":4,"covered":0,"skipped":0,"pct":0},"statements":{"total":14,"covered":1,"skipped":0,"pct":7.14},"branches":{"total":14,"covered":0,"skipped":0,"pct":0}}
,"C:\\Users\\steph\\work\\tw-joint-remediation-20260910\\trustweave-saas\\frontend\\src\\utils\\credentialTypeFilters.ts": {"lines":{"total":23,"covered":22,"skipped":0,"pct":95.65},"functions":{"total":13,"covered":12,"skipped":0,"pct":92.3},"statements":{"total":25,"covered":24,"skipped":0,"pct":96},"branches":{"total":24,"covered":23,"skipped":0,"pct":95.83}}
,"C:\\Users\\steph\\work\\tw-joint-remediation-20260910\\trustweave-saas\\frontend\\src\\utils\\csv.ts": {"lines":{"total":38,"covered":38,"skipped":0,"pct":100},"functions":{"total":10,"covered":10,"skipped":0,"pct":100},"statements":{"total":73,"covered":73,"skipped":0,"pct":100},"branches":{"total":30,"covered":29,"skipped":0,"pct":96.66}}
,"C:\\Users\\steph\\work\\tw-joint-remediation-20260910\\trustweave-saas\\frontend\\src\\utils\\csvImportFormat.ts": {"lines":{"total":35,"covered":21,"skipped":0,"pct":60},"functions":{"total":10,"covered":10,"skipped":0,"pct":100},"statements":{"total":44,"covered":26,"skipped":0,"pct":59.09},"branches":{"total":70,"covered":33,"skipped":0,"pct":47.14}}
,"C:\\Users\\steph\\work\\tw-joint-remediation-20260910\\trustweave-saas\\frontend\\src\\utils\\demoPortrait.ts": {"lines":{"total":6,"covered":4,"skipped":0,"pct":66.66},"functions":{"total":4,"covered":2,"skipped":0,"pct":50},"statements":{"total":6,"covered":4,"skipped":0,"pct":66.66},"branches":{"total":1,"covered":0,"skipped":0,"pct":0}}
,"C:\\Users\\steph\\work\\tw-joint-remediation-20260910\\trustweave-saas\\frontend\\src\\utils\\trustAnchorIssuers.ts": {"lines":{"total":21,"covered":20,"skipped":0,"pct":95.23},"functions":{"total":11,"covered":11,"skipped":0,"pct":100},"statements":{"total":37,"covered":33,"skipped":0,"pct":89.18},"branches":{"total":32,"covered":27,"skipped":0,"pct":84.37}}
,"C:\\Users\\steph\\work\\tw-joint-remediation-20260910\\trustweave-saas\\frontend\\src\\utils\\credentialImport\\fieldRoles.ts": {"lines":{"total":16,"covered":15,"skipped":0,"pct":93.75},"functions":{"total":5,"covered":4,"skipped":0,"pct":80},"statements":{"total":23,"covered":19,"skipped":0,"pct":82.6},"branches":{"total":10,"covered":7,"skipped":0,"pct":70}}
,"C:\\Users\\steph\\work\\tw-joint-remediation-20260910\\trustweave-saas\\frontend\\src\\utils\\credentialImport\\flattenRecord.ts": {"lines":{"total":32,"covered":30,"skipped":0,"pct":93.75},"functions":{"total":6,"covered":5,"skipped":0,"pct":83.33},"statements":{"total":44,"covered":34,"skipped":0,"pct":77.27},"branches":{"total":49,"covered":36,"skipped":0,"pct":73.46}}
,"C:\\Users\\steph\\work\\tw-joint-remediation-20260910\\trustweave-saas\\frontend\\src\\utils\\credentialImport\\parseFile.ts": {"lines":{"total":67,"covered":39,"skipped":0,"pct":58.2},"functions":{"total":22,"covered":11,"skipped":0,"pct":50},"statements":{"total":93,"covered":43,"skipped":0,"pct":46.23},"branches":{"total":62,"covered":31,"skipped":0,"pct":50}}
,"C:\\Users\\steph\\work\\tw-joint-remediation-20260910\\trustweave-saas\\frontend\\src\\utils\\credentialImport\\prepareRows.ts": {"lines":{"total":58,"covered":45,"skipped":0,"pct":77.58},"functions":{"total":4,"covered":3,"skipped":0,"pct":75},"statements":{"total":77,"covered":53,"skipped":0,"pct":68.83},"branches":{"total":66,"covered":33,"skipped":0,"pct":50}}
,"C:\\Users\\steph\\work\\tw-joint-remediation-20260910\\trustweave-saas\\frontend\\src\\utils\\credentialImport\\samples.ts": {"lines":{"total":68,"covered":0,"skipped":0,"pct":0},"functions":{"total":15,"covered":0,"skipped":0,"pct":0},"statements":{"total":78,"covered":0,"skipped":0,"pct":0},"branches":{"total":58,"covered":0,"skipped":0,"pct":0}}
,"C:\\Users\\steph\\work\\tw-joint-remediation-20260910\\trustweave-saas\\frontend\\src\\utils\\credentialImport\\xlsx.worker.ts": {"lines":{"total":0,"covered":0,"skipped":0,"pct":100},"functions":{"total":0,"covered":0,"skipped":0,"pct":100},"statements":{"total":0,"covered":0,"skipped":0,"pct":100},"branches":{"total":0,"covered":0,"skipped":0,"pct":100}}
,"C:\\Users\\steph\\work\\tw-joint-remediation-20260910\\trustweave-saas\\frontend\\src\\utils\\credentialImport\\xlsxParser.ts": {"lines":{"total":0,"covered":0,"skipped":0,"pct":100},"functions":{"total":0,"covered":0,"skipped":0,"pct":100},"statements":{"total":0,"covered":0,"skipped":0,"pct":100},"branches":{"total":0,"covered":0,"skipped":0,"pct":100}}
}
