<?xml version="1.0" encoding="UTF-8"?>
<testsuite name="org.trustweave.credential.oidc4vp.exchange.Oidc4VpExchangeProtocolTest" tests="7" skipped="0" failures="0" errors="0" timestamp="2026-09-10T05:39:08.959Z" hostname="THEMATRIX" time="0.071">
  <properties/>
  <testcase name="test requestProof requires authorizationUrl in metadata()" classname="org.trustweave.credential.oidc4vp.exchange.Oidc4VpExchangeProtocolTest" time="0.033"/>
  <testcase name="test requestProof with valid authorizationUrl()" classname="org.trustweave.credential.oidc4vp.exchange.Oidc4VpExchangeProtocolTest" time="0.004"/>
  <testcase name="test issue throws InvalidOperation exception()" classname="org.trustweave.credential.oidc4vp.exchange.Oidc4VpExchangeProtocolTest" time="0.007"/>
  <testcase name="test protocol name is Oidc4Vp()" classname="org.trustweave.credential.oidc4vp.exchange.Oidc4VpExchangeProtocolTest" time="0.002"/>
  <testcase name="test capabilities include REQUEST_PROOF and PRESENT_PROOF()" classname="org.trustweave.credential.oidc4vp.exchange.Oidc4VpExchangeProtocolTest" time="0.002"/>
  <testcase name="test offer throws InvalidOperation exception()" classname="org.trustweave.credential.oidc4vp.exchange.Oidc4VpExchangeProtocolTest" time="0.008"/>
  <testcase name="test request throws InvalidOperation exception()" classname="org.trustweave.credential.oidc4vp.exchange.Oidc4VpExchangeProtocolTest" time="0.009"/>
  <system-out><![CDATA[]]></system-out>
  <system-err><![CDATA[]]></system-err>
</testsuite>
