<?xml version="1.0" encoding="UTF-8"?>
<testsuite name="org.trustweave.credential.oidc4vp.exception.Oidc4VpExceptionTest" tests="6" skipped="0" failures="0" errors="0" timestamp="2026-09-10T05:39:08.938Z" hostname="THEMATRIX" time="0.019">
  <properties/>
  <testcase name="test HttpRequestFailed exception()" classname="org.trustweave.credential.oidc4vp.exception.Oidc4VpExceptionTest" time="0.005"/>
  <testcase name="test AuthorizationRequestFetchFailed exception()" classname="org.trustweave.credential.oidc4vp.exception.Oidc4VpExceptionTest" time="0.002"/>
  <testcase name="test MetadataFetchFailed exception()" classname="org.trustweave.credential.oidc4vp.exception.Oidc4VpExceptionTest" time="0.001"/>
  <testcase name="test UrlParseFailed exception()" classname="org.trustweave.credential.oidc4vp.exception.Oidc4VpExceptionTest" time="0.001"/>
  <testcase name="test PresentationSubmissionFailed exception()" classname="org.trustweave.credential.oidc4vp.exception.Oidc4VpExceptionTest" time="0.002"/>
  <testcase name="test exceptions are TrustWeaveException instances()" classname="org.trustweave.credential.oidc4vp.exception.Oidc4VpExceptionTest" time="0.001"/>
  <system-out><![CDATA[]]></system-out>
  <system-err><![CDATA[]]></system-err>
</testsuite>
