<?xml version="1.0" encoding="UTF-8"?>
<testsuite name="com.geoknoesis.trustweave.saas.server.services.OrganizationMembershipTest" tests="4" skipped="0" failures="0" errors="0" timestamp="2026-09-11T02:54:20.804Z" hostname="THEMATRIX" time="0.014">
  <properties/>
  <testcase name="a group pointing at an organization that no longer exists does not strand the user()" classname="com.geoknoesis.trustweave.saas.server.services.OrganizationMembershipTest" time="0.004"/>
  <testcase name="a user who belongs to a group joins that group's organization()" classname="com.geoknoesis.trustweave.saas.server.services.OrganizationMembershipTest" time="0.002"/>
  <testcase name="a user holding a role in a trust space joins the organization that owns it()" classname="com.geoknoesis.trustweave.saas.server.services.OrganizationMembershipTest" time="0.002"/>
  <testcase name="ownership still wins over membership()" classname="com.geoknoesis.trustweave.saas.server.services.OrganizationMembershipTest" time="0.001"/>
  <system-out><![CDATA[22:54:20.809 INFO  [] c.g.t.s.s.s.OrganizationContextService - Creating default organization for user 11
22:54:20.812 DEBUG [] c.g.t.s.s.s.OrganizationContextService - User 11 belongs to organization 5 through a group
22:54:20.816 DEBUG [] c.g.t.s.s.s.OrganizationContextService - User 11 reaches organization 5 through a trust space role
22:54:20.819 DEBUG [] c.g.t.s.s.s.OrganizationContextService - User 11 owns organization 9
]]></system-out>
  <system-err><![CDATA[]]></system-err>
</testsuite>
