<?xml version="1.0" encoding="UTF-8"?>
<testsuite name="com.geoknoesis.trustweave.saas.server.kms.KmsHostWiringTest" tests="3" skipped="0" failures="0" errors="0" timestamp="2026-09-11T02:53:29.884Z" hostname="THEMATRIX" time="0.235">
  <properties/>
  <testcase name="unknown bound options fail startup without including their values()" classname="com.geoknoesis.trustweave.saas.server.kms.KmsHostWiringTest" time="0.053"/>
  <testcase name="bound Vault endpoint namespace and mount reach the real SDK driver()" classname="com.geoknoesis.trustweave.saas.server.kms.KmsHostWiringTest" time="0.151"/>
  <testcase name="mixed deployed and local profiles fail during actual Spring host construction()" classname="com.geoknoesis.trustweave.saas.server.kms.KmsHostWiringTest" time="0.031"/>
  <system-out><![CDATA[22:53:29.923 WARN  [] o.s.c.a.AnnotationConfigApplicationContext - Exception encountered during context initialization - cancelling refresh attempt: org.springframework.beans.factory.BeanCreationException: Error creating bean with name 'trustWeave' defined in com.geoknoesis.trustweave.saas.server.config.TrustWeaveConfig: Failed to instantiate [org.trustweave.trust.TrustWeave]: Factory method 'trustWeave' threw exception with message: Unsupported KMS option
22:53:29.957 INFO  [] c.g.t.s.s.c.TrustWeaveConfig$$SpringCGLIB$$0 - Initializing TrustWeave facade (kms provider='vault', algorithm='Ed25519')
22:53:29.987 INFO  [] c.g.t.s.s.c.TrustWeaveConfig$$SpringCGLIB$$0 - Registered did:key and did:web against the platform KMS
22:53:29.987 INFO  [] c.g.t.s.s.c.TrustWeaveConfig$$SpringCGLIB$$0 - TrustWeave initialized successfully
22:53:30.087 INFO  [] c.g.t.s.s.c.TrustWeaveConfig$$SpringCGLIB$$0 - Closing TrustWeave instance...
22:53:30.088 INFO  [] c.g.t.s.s.c.TrustWeaveConfig$$SpringCGLIB$$0 - TrustWeave closed
22:53:30.100 WARN  [] o.s.c.a.AnnotationConfigApplicationContext - Exception encountered during context initialization - cancelling refresh attempt: org.springframework.beans.factory.BeanCreationException: Error creating bean with name 'trustWeave' defined in com.geoknoesis.trustweave.saas.server.config.TrustWeaveConfig: Failed to instantiate [org.trustweave.trust.TrustWeave]: Factory method 'trustWeave' threw exception with message: trustweave.kms.provider='inmemory': the in-memory KMS cannot be used outside dev/test. Issuer private keys would be held only in JVM heap, so a restart would permanently disable every issuing identity and orphan every credential they signed. Set trustweave.kms.provider to a persistent provider. Names are those the KMS plugins register under, which are not always the vendor name: 'vault' (HashiCorp), 'aws', 'azure', 'google-cloud-kms', 'pkcs11'.
22:53:30.110 WARN  [] o.s.c.a.AnnotationConfigApplicationContext - Exception encountered during context initialization - cancelling refresh attempt: org.springframework.beans.factory.BeanCreationException: Error creating bean with name 'trustWeave' defined in com.geoknoesis.trustweave.saas.server.config.TrustWeaveConfig: Failed to instantiate [org.trustweave.trust.TrustWeave]: Factory method 'trustWeave' threw exception with message: trustweave.kms.provider='inmemory': the in-memory KMS cannot be used outside dev/test. Issuer private keys would be held only in JVM heap, so a restart would permanently disable every issuing identity and orphan every credential they signed. Set trustweave.kms.provider to a persistent provider. Names are those the KMS plugins register under, which are not always the vendor name: 'vault' (HashiCorp), 'aws', 'azure', 'google-cloud-kms', 'pkcs11'.
22:53:30.119 WARN  [] o.s.c.a.AnnotationConfigApplicationContext - Exception encountered during context initialization - cancelling refresh attempt: org.springframework.beans.factory.BeanCreationException: Error creating bean with name 'trustWeave' defined in com.geoknoesis.trustweave.saas.server.config.TrustWeaveConfig: Failed to instantiate [org.trustweave.trust.TrustWeave]: Factory method 'trustWeave' threw exception with message: trustweave.kms.provider='inmemory': the in-memory KMS cannot be used outside dev/test. Issuer private keys would be held only in JVM heap, so a restart would permanently disable every issuing identity and orphan every credential they signed. Set trustweave.kms.provider to a persistent provider. Names are those the KMS plugins register under, which are not always the vendor name: 'vault' (HashiCorp), 'aws', 'azure', 'google-cloud-kms', 'pkcs11'.
]]></system-out>
  <system-err><![CDATA[]]></system-err>
</testsuite>
