<?xml version="1.0" encoding="UTF-8"?>
<testsuite name="com.geoknoesis.trustweave.saas.server.services.credentialtype.BuiltInCredentialTypeCatalogTest" tests="5" skipped="0" failures="0" errors="0" timestamp="2026-09-11T02:54:24.747Z" hostname="THEMATRIX" time="0.022">
  <properties/>
  <testcase name="each catalog entry has a published-ready field schema()" classname="com.geoknoesis.trustweave.saas.server.services.credentialtype.BuiltInCredentialTypeCatalogTest" time="0.002"/>
  <testcase name="starter packs reference catalog type keys()" classname="com.geoknoesis.trustweave.saas.server.services.credentialtype.BuiltInCredentialTypeCatalogTest" time="0.011"/>
  <testcase name="catalog covers education employment identity organization healthcare and supply chain()" classname="com.geoknoesis.trustweave.saas.server.services.credentialtype.BuiltInCredentialTypeCatalogTest" time="0.001"/>
  <testcase name="catalog defines twenty-one well-known credential vocabularies()" classname="com.geoknoesis.trustweave.saas.server.services.credentialtype.BuiltInCredentialTypeCatalogTest" time="0.004"/>
  <testcase name="common access card credential includes nested object fields()" classname="com.geoknoesis.trustweave.saas.server.services.credentialtype.BuiltInCredentialTypeCatalogTest" time="0.0"/>
  <system-out><![CDATA[]]></system-out>
  <system-err><![CDATA[]]></system-err>
</testsuite>
