<?xml version="1.0" encoding="UTF-8"?>
<testsuite name="com.geoknoesis.trustweave.saas.server.services.credentialtype.CredentialTypeServiceTest" tests="14" skipped="0" failures="0" errors="0" timestamp="2026-09-11T02:54:24.796Z" hostname="THEMATRIX" time="0.459">
  <properties/>
  <testcase name="editDraft rejects a published version()" classname="com.geoknoesis.trustweave.saas.server.services.credentialtype.CredentialTypeServiceTest" time="0.405"/>
  <testcase name="editDraft rejects a built-in type()" classname="com.geoknoesis.trustweave.saas.server.services.credentialtype.CredentialTypeServiceTest" time="0.006"/>
  <testcase name="create makes an org-owned type with a v1 DRAFT version()" classname="com.geoknoesis.trustweave.saas.server.services.credentialtype.CredentialTypeServiceTest" time="0.008"/>
  <testcase name="clone appends a numeric suffix when the type key already exists()" classname="com.geoknoesis.trustweave.saas.server.services.credentialtype.CredentialTypeServiceTest" time="0.003"/>
  <testcase name="create rejects a duplicate typeKey in the same org()" classname="com.geoknoesis.trustweave.saas.server.services.credentialtype.CredentialTypeServiceTest" time="0.005"/>
  <testcase name="publish freezes a draft()" classname="com.geoknoesis.trustweave.saas.server.services.credentialtype.CredentialTypeServiceTest" time="0.002"/>
  <testcase name="findIssuableVersionId returns null when nothing published()" classname="com.geoknoesis.trustweave.saas.server.services.credentialtype.CredentialTypeServiceTest" time="0.003"/>
  <testcase name="clone copies source fields into a new org-owned draft()" classname="com.geoknoesis.trustweave.saas.server.services.credentialtype.CredentialTypeServiceTest" time="0.007"/>
  <testcase name="deprecate marks a version DEPRECATED()" classname="com.geoknoesis.trustweave.saas.server.services.credentialtype.CredentialTypeServiceTest" time="0.003"/>
  <testcase name="listForOrg returns built-in plus org types()" classname="com.geoknoesis.trustweave.saas.server.services.credentialtype.CredentialTypeServiceTest" time="0.002"/>
  <testcase name="editDraft updates a draft version's fields()" classname="com.geoknoesis.trustweave.saas.server.services.credentialtype.CredentialTypeServiceTest" time="0.004"/>
  <testcase name="findIssuableVersionId prefers org type's latest published version()" classname="com.geoknoesis.trustweave.saas.server.services.credentialtype.CredentialTypeServiceTest" time="0.002"/>
  <testcase name="listSummaries marks built-in types as always issuable()" classname="com.geoknoesis.trustweave.saas.server.services.credentialtype.CredentialTypeServiceTest" time="0.002"/>
  <testcase name="newVersion copies forward published fields as a new draft()" classname="com.geoknoesis.trustweave.saas.server.services.credentialtype.CredentialTypeServiceTest" time="0.002"/>
  <system-out><![CDATA[]]></system-out>
  <system-err><![CDATA[]]></system-err>
</testsuite>
