<?xml version="1.0" encoding="UTF-8"?>
<testsuite name="com.geoknoesis.trustweave.saas.server.controller.TrustSpaceControllerIntegrationTest$GetNetwork" tests="4" skipped="0" failures="0" errors="0" timestamp="2026-09-11T02:52:30.945Z" hostname="THEMATRIX" time="5.948">
  <properties/>
  <testcase name="returns 200 with full network details()" classname="com.geoknoesis.trustweave.saas.server.controller.TrustSpaceControllerIntegrationTest$GetNetwork" time="1.466"/>
  <testcase name="returns 404 when network does not exist()" classname="com.geoknoesis.trustweave.saas.server.controller.TrustSpaceControllerIntegrationTest$GetNetwork" time="1.58"/>
  <testcase name="returns 404 when network belongs to another org()" classname="com.geoknoesis.trustweave.saas.server.controller.TrustSpaceControllerIntegrationTest$GetNetwork" time="1.617"/>
  <testcase name="returns 401 when no token is provided()" classname="com.geoknoesis.trustweave.saas.server.controller.TrustSpaceControllerIntegrationTest$GetNetwork" time="1.269"/>
  <system-out><![CDATA[22:52:30.947 DEBUG [] o.s.b.t.c.SpringBootTestContextBootstrapper - Neither @ContextConfiguration nor @ContextHierarchy found for test class [GetNetwork]: using SpringBootContextLoader
22:52:30.949 DEBUG [] o.s.b.t.c.SpringBootTestContextBootstrapper - Using ContextCustomizerFactory implementations for test class [GetNetwork]: [OnFailureConditionReportContextCustomizerFactory, OverrideAutoConfigurationContextCustomizerFactory, ObservabilityContextCustomizerFactory, TypeExcludeFiltersContextCustomizerFactory, PropertyMappingContextCustomizerFactory, WebDriverContextCustomizerFactory, ImportsContextCustomizerFactory, ExcludeFilterContextCustomizerFactory, HttpGraphQlTesterContextCustomizerFactory, DuplicateJsonObjectContextCustomizerFactory, MockitoContextCustomizerFactory, TestRestTemplateContextCustomizerFactory, WebTestClientContextCustomizerFactory, DisableReactorResourceFactoryGlobalResourcesContextCustomizerFactory, BeanOverrideContextCustomizerFactory, MockServerContainerContextCustomizerFactory, DynamicPropertiesContextCustomizerFactory]
22:52:30.952 DEBUG [] o.s.b.t.c.SpringBootTestContextBootstrapper - Using ContextCustomizers for test class [GetNetwork]: [OnFailureConditionReportContextCustomizer, DisableObservabilityContextCustomizer, PropertyMappingContextCustomizer, WebDriverContextCustomizer, ImportsContextCustomizer, ExcludeFilterContextCustomizer, DuplicateJsonObjectContextCustomizer, MockitoContextCustomizer, TestRestTemplateContextCustomizer, DisableReactorResourceFactoryGlobalResourcesContextCustomizerCustomizer, DynamicPropertiesContextCustomizer]
22:52:30.953 INFO  [] o.s.b.t.c.SpringBootTestContextBootstrapper - Found @SpringBootConfiguration com.geoknoesis.trustweave.saas.server.Application for test class com.geoknoesis.trustweave.saas.server.controller.TrustSpaceControllerIntegrationTest$GetNetwork
22:52:30.956 DEBUG [] o.s.b.t.c.SpringBootTestContextBootstrapper - Using TestExecutionListeners for test class [GetNetwork]: [ServletTestExecutionListener, DirtiesContextBeforeModesTestExecutionListener, ApplicationEventsTestExecutionListener, MockitoTestExecutionListener, BeanOverrideTestExecutionListener, DependencyInjectionTestExecutionListener, MicrometerObservationRegistryTestExecutionListener, DirtiesContextTestExecutionListener, CommonCachesTestExecutionListener, TransactionalTestExecutionListener, SqlScriptsTestExecutionListener, WithSecurityContextTestExecutionListener, EventPublishingTestExecutionListener, ReactorContextTestExecutionListener, RestDocsTestExecutionListener, MockRestServiceServerResetTestExecutionListener, MockMvcPrintOnlyOnFailureTestExecutionListener, WebDriverTestExecutionListener, MockWebServiceServerTestExecutionListener, ResetMocksTestExecutionListener, MockitoResetTestExecutionListener]
22:52:32.359 DEBUG [] org.hibernate.SQL - select u1_0.id,u1_0.created_at,u1_0.email,u1_0.keycloak_user_id,u1_0.name from users u1_0 where u1_0.keycloak_user_id=?
22:52:32.365 DEBUG [] org.hibernate.SQL - insert into users (created_at,email,keycloak_user_id,name) values (?,?,?,?)
22:52:32.370 DEBUG [] org.hibernate.SQL - select o1_0.id,o1_0.accountly_subscriber_id,o1_0.accountly_subscription_id,o1_0.blockchain_network_settings,o1_0.created_at,o1_0.entitlement_snapshot,o1_0.accountly_killbill_account_id,o1_0.name,o1_0.owner_id,o1_0.preferred_blockchain_network_id,o1_0.settings,o1_0.snapshot_refreshed_at,o1_0.stripe_customer_id,o1_0.stripe_subscription_id,o1_0.tier,o1_0.transaction_cost_tracking_enabled,o1_0.version from organizations o1_0 where o1_0.owner_id=?
22:52:32.373 DEBUG [] org.hibernate.SQL - insert into organizations (accountly_subscriber_id,accountly_subscription_id,blockchain_network_settings,created_at,entitlement_snapshot,accountly_killbill_account_id,name,owner_id,preferred_blockchain_network_id,settings,snapshot_refreshed_at,stripe_customer_id,stripe_subscription_id,tier,transaction_cost_tracking_enabled,version) values (?,?,?,?,?,?,?,?,?,?,?,?,?,?,?,?)
22:52:32.381 DEBUG [] org.hibernate.SQL - insert into trust_spaces (blockchain_network_id,created_at,description,environment,name,organization_id,settings,trust_model,verification_level) values (?,?,?,?,?,?,?,?,?)
22:52:32.387 DEBUG [a1eddbc2-67d4-4ca6-b822-2f037e3460e6] o.s.security.web.FilterChainProxy - Securing GET /api/trust-spaces/21
22:52:32.390 DEBUG [a1eddbc2-67d4-4ca6-b822-2f037e3460e6] o.s.s.o.s.r.a.JwtAuthenticationProvider - Authenticated token
22:52:32.390 DEBUG [a1eddbc2-67d4-4ca6-b822-2f037e3460e6] o.s.s.o.s.r.w.a.BearerTokenAuthenticationFilter - Set SecurityContextHolder to JwtAuthenticationToken [Principal=org.springframework.security.oauth2.jwt.Jwt@5d7f59f1, Credentials=[PROTECTED], Authenticated=true, Details=WebAuthenticationDetails [RemoteIpAddress=127.0.0.1, SessionId=null], Granted Authorities=[ROLE_default-roles-test-realm, ROLE_offline_access, ROLE_uma_authorization]]
22:52:32.391 DEBUG [a1eddbc2-67d4-4ca6-b822-2f037e3460e6] o.s.security.web.FilterChainProxy - Secured GET /api/trust-spaces/21
22:52:32.392 DEBUG [a1eddbc2-67d4-4ca6-b822-2f037e3460e6] o.s.w.s.m.m.a.RequestMappingHandlerMapping - Mapped to com.geoknoesis.trustweave.saas.server.controller.TrustSpaceController#getDomain(long)
22:52:32.394 DEBUG [a1eddbc2-67d4-4ca6-b822-2f037e3460e6] org.hibernate.SQL - select u1_0.id,u1_0.created_at,u1_0.email,u1_0.keycloak_user_id,u1_0.name from users u1_0 where u1_0.keycloak_user_id=?
22:52:32.400 DEBUG [a1eddbc2-67d4-4ca6-b822-2f037e3460e6] org.hibernate.SQL - select o1_0.id,o1_0.accountly_subscriber_id,o1_0.accountly_subscription_id,o1_0.blockchain_network_settings,o1_0.created_at,o1_0.entitlement_snapshot,o1_0.accountly_killbill_account_id,o1_0.name,o1_0.owner_id,o1_0.preferred_blockchain_network_id,o1_0.settings,o1_0.snapshot_refreshed_at,o1_0.stripe_customer_id,o1_0.stripe_subscription_id,o1_0.tier,o1_0.transaction_cost_tracking_enabled,o1_0.version from organizations o1_0 where o1_0.owner_id=?
22:52:32.404 DEBUG [a1eddbc2-67d4-4ca6-b822-2f037e3460e6] org.hibernate.SQL - select ugm1_0.id,ugm1_0.group_id,ugm1_0.user_id from user_group_memberships ugm1_0 where ugm1_0.user_id=?
22:52:32.408 DEBUG [a1eddbc2-67d4-4ca6-b822-2f037e3460e6] org.hibernate.SQL - select ts1_0.id,ts1_0.blockchain_network_id,ts1_0.created_at,ts1_0.description,ts1_0.environment,ts1_0.name,ts1_0.organization_id,ts1_0.settings,ts1_0.trust_model,ts1_0.verification_level from trust_spaces ts1_0 where ts1_0.organization_id=? and ts1_0.id=?
22:52:32.413 DEBUG [a1eddbc2-67d4-4ca6-b822-2f037e3460e6] o.s.w.s.m.m.a.HttpEntityMethodProcessor - Using 'application/json', given [*/*] and supported [application/json, application/*+json, application/cbor]
22:52:32.413 DEBUG [a1eddbc2-67d4-4ca6-b822-2f037e3460e6] o.s.w.s.m.m.a.HttpEntityMethodProcessor - Writing [TrustSpaceResponse(id=21, organizationId=38, name=Detailed Network, description=Full description, en (truncated)...]
22:52:32.617 DEBUG [] o.s.jdbc.core.JdbcTemplate - Executing prepared SQL update
22:52:32.617 DEBUG [] o.s.jdbc.core.JdbcTemplate - Executing prepared SQL statement [INSERT INTO shedlock(name, lock_until, locked_at, locked_by) VALUES(?, timezone('utc', CURRENT_TIMESTAMP) + cast(? as interval), timezone('utc', CURRENT_TIMESTAMP), ?) ON CONFLICT (name) DO UPDATE SET lock_until = timezone('utc', CURRENT_TIMESTAMP) + cast(? as interval), locked_at = timezone('utc', CURRENT_TIMESTAMP), locked_by = ? WHERE shedlock.name = ? AND shedlock.lock_until <= timezone('utc', CURRENT_TIMESTAMP)]
22:52:32.629 ERROR [] n.j.s.p.j.JdbcTemplateStorageAccessor - Unexpected exception
org.springframework.jdbc.BadSqlGrammarException: PreparedStatementCallback; bad SQL grammar [INSERT INTO shedlock(name, lock_until, locked_at, locked_by) VALUES(?, timezone('utc', CURRENT_TIMESTAMP) + cast(? as interval), timezone('utc', CURRENT_TIMESTAMP), ?) ON CONFLICT (name) DO UPDATE SET lock_until = timezone('utc', CURRENT_TIMESTAMP) + cast(? as interval), locked_at = timezone('utc', CURRENT_TIMESTAMP), locked_by = ? WHERE shedlock.name = ? AND shedlock.lock_until <= timezone('utc', CURRENT_TIMESTAMP)]
	at org.springframework.jdbc.support.SQLStateSQLExceptionTranslator.doTranslate(SQLStateSQLExceptionTranslator.java:134)
	at org.springframework.jdbc.support.AbstractFallbackSQLExceptionTranslator.translate(AbstractFallbackSQLExceptionTranslator.java:107)
	at org.springframework.jdbc.support.AbstractFallbackSQLExceptionTranslator.translate(AbstractFallbackSQLExceptionTranslator.java:116)
	at org.springframework.jdbc.core.JdbcTemplate.translateException(JdbcTemplate.java:1556)
	at org.springframework.jdbc.core.JdbcTemplate.execute(JdbcTemplate.java:677)
	at org.springframework.jdbc.core.JdbcTemplate.update(JdbcTemplate.java:972)
	at org.springframework.jdbc.core.JdbcTemplate.update(JdbcTemplate.java:993)
	at org.springframework.jdbc.core.namedparam.NamedParameterJdbcTemplate.update(NamedParameterJdbcTemplate.java:337)
	at org.springframework.jdbc.core.namedparam.NamedParameterJdbcTemplate.update(NamedParameterJdbcTemplate.java:342)
	at net.javacrumbs.shedlock.provider.jdbctemplate.JdbcTemplateStorageAccessor.lambda$execute$0(JdbcTemplateStorageAccessor.java:122)
	at org.springframework.transaction.support.TransactionTemplate.execute(TransactionTemplate.java:140)
	at net.javacrumbs.shedlock.provider.jdbctemplate.JdbcTemplateStorageAccessor.execute(JdbcTemplateStorageAccessor.java:122)
	at net.javacrumbs.shedlock.provider.jdbctemplate.JdbcTemplateStorageAccessor.insertRecord(JdbcTemplateStorageAccessor.java:64)
	at net.javacrumbs.shedlock.support.StorageBasedLockProvider.doLock(StorageBasedLockProvider.java:72)
	at net.javacrumbs.shedlock.support.StorageBasedLockProvider.lock(StorageBasedLockProvider.java:55)
	at net.javacrumbs.shedlock.core.DefaultLockingTaskExecutor.executeWithLock(DefaultLockingTaskExecutor.java:63)
	at net.javacrumbs.shedlock.spring.aop.MethodProxyScheduledLockAdvisor$LockingInterceptor.invoke(MethodProxyScheduledLockAdvisor.java:84)
	at org.springframework.aop.framework.ReflectiveMethodInvocation.proceed(ReflectiveMethodInvocation.java:184)
	at org.springframework.aop.framework.CglibAopProxy$DynamicAdvisedInterceptor.intercept(CglibAopProxy.java:728)
	at com.geoknoesis.trustweave.saas.server.webhook.WebhookRecoveryMonitor$$SpringCGLIB$$0.poll(<generated>)
	at java.base/jdk.internal.reflect.DirectMethodHandleAccessor.invoke(DirectMethodHandleAccessor.java:103)
	at java.base/java.lang.reflect.Method.invoke(Method.java:580)
	at org.springframework.scheduling.support.ScheduledMethodRunnable.runInternal(ScheduledMethodRunnable.java:130)
	at org.springframework.scheduling.support.ScheduledMethodRunnable.lambda$run$2(ScheduledMethodRunnable.java:124)
	at io.micrometer.observation.Observation.observe(Observation.java:498)
	at org.springframework.scheduling.support.ScheduledMethodRunnable.run(ScheduledMethodRunnable.java:124)
	at org.springframework.scheduling.config.Task$OutcomeTrackingRunnable.run(Task.java:87)
	at org.springframework.scheduling.support.DelegatingErrorHandlingRunnable.run(DelegatingErrorHandlingRunnable.java:54)
	at java.base/java.util.concurrent.Executors$RunnableAdapter.call(Executors.java:572)
	at java.base/java.util.concurrent.FutureTask.runAndReset(FutureTask.java:358)
	at java.base/java.util.concurrent.ScheduledThreadPoolExecutor$ScheduledFutureTask.run(ScheduledThreadPoolExecutor.java:305)
	at java.base/java.util.concurrent.ThreadPoolExecutor.runWorker(ThreadPoolExecutor.java:1144)
	at java.base/java.util.concurrent.ThreadPoolExecutor$Worker.run(ThreadPoolExecutor.java:642)
	at java.base/java.lang.Thread.run(Thread.java:1583)
Caused by: org.postgresql.util.PSQLException: ERROR: relation "shedlock" does not exist
  Position: 13
	at org.postgresql.core.v3.QueryExecutorImpl.receiveErrorResponse(QueryExecutorImpl.java:2736)
	at org.postgresql.core.v3.QueryExecutorImpl.processResults(QueryExecutorImpl.java:2421)
	at org.postgresql.core.v3.QueryExecutorImpl.execute(QueryExecutorImpl.java:372)
	at org.postgresql.jdbc.PgStatement.executeInternal(PgStatement.java:525)
	at org.postgresql.jdbc.PgStatement.execute(PgStatement.java:435)
	at org.postgresql.jdbc.PgPreparedStatement.executeWithFlags(PgPreparedStatement.java:196)
	at org.postgresql.jdbc.PgPreparedStatement.executeUpdate(PgPreparedStatement.java:157)
	at com.zaxxer.hikari.pool.ProxyPreparedStatement.executeUpdate(ProxyPreparedStatement.java:61)
	at com.zaxxer.hikari.pool.HikariProxyPreparedStatement.executeUpdate(HikariProxyPreparedStatement.java)
	at org.springframework.jdbc.core.JdbcTemplate.lambda$update$2(JdbcTemplate.java:977)
	at org.springframework.jdbc.core.JdbcTemplate.execute(JdbcTemplate.java:658)
	... 29 common frames omitted
22:52:32.631 DEBUG [] o.s.jdbc.core.JdbcTemplate - Executing prepared SQL update
22:52:32.631 DEBUG [] o.s.jdbc.core.JdbcTemplate - Executing prepared SQL statement [UPDATE shedlock SET lock_until = timezone('utc', CURRENT_TIMESTAMP) + cast(? as interval), locked_at = timezone('utc', CURRENT_TIMESTAMP), locked_by = ? WHERE shedlock.name = ? AND shedlock.lock_until <= timezone('utc', CURRENT_TIMESTAMP)]
22:52:32.655 ERROR [] o.s.s.s.TaskUtils$LoggingErrorHandler - Unexpected error occurred in scheduled task
org.springframework.jdbc.BadSqlGrammarException: PreparedStatementCallback; bad SQL grammar [UPDATE shedlock SET lock_until = timezone('utc', CURRENT_TIMESTAMP) + cast(? as interval), locked_at = timezone('utc', CURRENT_TIMESTAMP), locked_by = ? WHERE shedlock.name = ? AND shedlock.lock_until <= timezone('utc', CURRENT_TIMESTAMP)]
	at org.springframework.jdbc.support.SQLStateSQLExceptionTranslator.doTranslate(SQLStateSQLExceptionTranslator.java:134)
	at org.springframework.jdbc.support.AbstractFallbackSQLExceptionTranslator.translate(AbstractFallbackSQLExceptionTranslator.java:107)
	at org.springframework.jdbc.support.AbstractFallbackSQLExceptionTranslator.translate(AbstractFallbackSQLExceptionTranslator.java:116)
	at org.springframework.jdbc.core.JdbcTemplate.translateException(JdbcTemplate.java:1556)
	at org.springframework.jdbc.core.JdbcTemplate.execute(JdbcTemplate.java:677)
	at org.springframework.jdbc.core.JdbcTemplate.update(JdbcTemplate.java:972)
	at org.springframework.jdbc.core.JdbcTemplate.update(JdbcTemplate.java:993)
	at org.springframework.jdbc.core.namedparam.NamedParameterJdbcTemplate.update(NamedParameterJdbcTemplate.java:337)
	at org.springframework.jdbc.core.namedparam.NamedParameterJdbcTemplate.update(NamedParameterJdbcTemplate.java:342)
	at net.javacrumbs.shedlock.provider.jdbctemplate.JdbcTemplateStorageAccessor.lambda$execute$0(JdbcTemplateStorageAccessor.java:122)
	at org.springframework.transaction.support.TransactionTemplate.execute(TransactionTemplate.java:140)
	at net.javacrumbs.shedlock.provider.jdbctemplate.JdbcTemplateStorageAccessor.execute(JdbcTemplateStorageAccessor.java:122)
	at net.javacrumbs.shedlock.provider.jdbctemplate.JdbcTemplateStorageAccessor.updateRecord(JdbcTemplateStorageAccessor.java:81)
	at net.javacrumbs.shedlock.support.StorageBasedLockProvider.doLock(StorageBasedLockProvider.java:85)
	at net.javacrumbs.shedlock.support.StorageBasedLockProvider.lock(StorageBasedLockProvider.java:55)
	at net.javacrumbs.shedlock.core.DefaultLockingTaskExecutor.executeWithLock(DefaultLockingTaskExecutor.java:63)
	at net.javacrumbs.shedlock.spring.aop.MethodProxyScheduledLockAdvisor$LockingInterceptor.invoke(MethodProxyScheduledLockAdvisor.java:84)
	at org.springframework.aop.framework.ReflectiveMethodInvocation.proceed(ReflectiveMethodInvocation.java:184)
	at org.springframework.aop.framework.CglibAopProxy$DynamicAdvisedInterceptor.intercept(CglibAopProxy.java:728)
	at com.geoknoesis.trustweave.saas.server.webhook.WebhookRecoveryMonitor$$SpringCGLIB$$0.poll(<generated>)
	at java.base/jdk.internal.reflect.DirectMethodHandleAccessor.invoke(DirectMethodHandleAccessor.java:103)
	at java.base/java.lang.reflect.Method.invoke(Method.java:580)
	at org.springframework.scheduling.support.ScheduledMethodRunnable.runInternal(ScheduledMethodRunnable.java:130)
	at org.springframework.scheduling.support.ScheduledMethodRunnable.lambda$run$2(ScheduledMethodRunnable.java:124)
	at io.micrometer.observation.Observation.observe(Observation.java:498)
	at org.springframework.scheduling.support.ScheduledMethodRunnable.run(ScheduledMethodRunnable.java:124)
	at org.springframework.scheduling.config.Task$OutcomeTrackingRunnable.run(Task.java:87)
	at org.springframework.scheduling.support.DelegatingErrorHandlingRunnable.run(DelegatingErrorHandlingRunnable.java:54)
	at java.base/java.util.concurrent.Executors$RunnableAdapter.call(Executors.java:572)
	at java.base/java.util.concurrent.FutureTask.runAndReset(FutureTask.java:358)
	at java.base/java.util.concurrent.ScheduledThreadPoolExecutor$ScheduledFutureTask.run(ScheduledThreadPoolExecutor.java:305)
	at java.base/java.util.concurrent.ThreadPoolExecutor.runWorker(ThreadPoolExecutor.java:1144)
	at java.base/java.util.concurrent.ThreadPoolExecutor$Worker.run(ThreadPoolExecutor.java:642)
	at java.base/java.lang.Thread.run(Thread.java:1583)
Caused by: org.postgresql.util.PSQLException: ERROR: relation "shedlock" does not exist
  Position: 8
	at org.postgresql.core.v3.QueryExecutorImpl.receiveErrorResponse(QueryExecutorImpl.java:2736)
	at org.postgresql.core.v3.QueryExecutorImpl.processResults(QueryExecutorImpl.java:2421)
	at org.postgresql.core.v3.QueryExecutorImpl.execute(QueryExecutorImpl.java:372)
	at org.postgresql.jdbc.PgStatement.executeInternal(PgStatement.java:525)
	at org.postgresql.jdbc.PgStatement.execute(PgStatement.java:435)
	at org.postgresql.jdbc.PgPreparedStatement.executeWithFlags(PgPreparedStatement.java:196)
	at org.postgresql.jdbc.PgPreparedStatement.executeUpdate(PgPreparedStatement.java:157)
	at com.zaxxer.hikari.pool.ProxyPreparedStatement.executeUpdate(ProxyPreparedStatement.java:61)
	at com.zaxxer.hikari.pool.HikariProxyPreparedStatement.executeUpdate(HikariProxyPreparedStatement.java)
	at org.springframework.jdbc.core.JdbcTemplate.lambda$update$2(JdbcTemplate.java:977)
	at org.springframework.jdbc.core.JdbcTemplate.execute(JdbcTemplate.java:658)
	... 29 common frames omitted
22:52:32.687 DEBUG [] o.s.jdbc.core.JdbcTemplate - Executing SQL query [SELECT count(*) FILTER (WHERE attempts < 10) AS pending,
    count(*) FILTER (WHERE attempts >= 10) AS poison,
    count(*) FILTER (WHERE leased_until > statement_timestamp()) AS leased,
    COALESCE(GREATEST(0, EXTRACT(EPOCH FROM statement_timestamp() - min(created_at))), 0)::bigint AS oldest
FROM usage_outbox WHERE status <> 'SENT']
22:52:33.013 DEBUG [] o.s.jdbc.core.JdbcTemplate - Executing prepared SQL update
22:52:33.013 DEBUG [] o.s.jdbc.core.JdbcTemplate - Executing prepared SQL statement [INSERT INTO shedlock(name, lock_until, locked_at, locked_by) VALUES(?, timezone('utc', CURRENT_TIMESTAMP) + cast(? as interval), timezone('utc', CURRENT_TIMESTAMP), ?) ON CONFLICT (name) DO UPDATE SET lock_until = timezone('utc', CURRENT_TIMESTAMP) + cast(? as interval), locked_at = timezone('utc', CURRENT_TIMESTAMP), locked_by = ? WHERE shedlock.name = ? AND shedlock.lock_until <= timezone('utc', CURRENT_TIMESTAMP)]
22:52:33.029 ERROR [] n.j.s.p.j.JdbcTemplateStorageAccessor - Unexpected exception
org.springframework.jdbc.BadSqlGrammarException: PreparedStatementCallback; bad SQL grammar [INSERT INTO shedlock(name, lock_until, locked_at, locked_by) VALUES(?, timezone('utc', CURRENT_TIMESTAMP) + cast(? as interval), timezone('utc', CURRENT_TIMESTAMP), ?) ON CONFLICT (name) DO UPDATE SET lock_until = timezone('utc', CURRENT_TIMESTAMP) + cast(? as interval), locked_at = timezone('utc', CURRENT_TIMESTAMP), locked_by = ? WHERE shedlock.name = ? AND shedlock.lock_until <= timezone('utc', CURRENT_TIMESTAMP)]
	at org.springframework.jdbc.support.SQLStateSQLExceptionTranslator.doTranslate(SQLStateSQLExceptionTranslator.java:134)
	at org.springframework.jdbc.support.AbstractFallbackSQLExceptionTranslator.translate(AbstractFallbackSQLExceptionTranslator.java:107)
	at org.springframework.jdbc.support.AbstractFallbackSQLExceptionTranslator.translate(AbstractFallbackSQLExceptionTranslator.java:116)
	at org.springframework.jdbc.core.JdbcTemplate.translateException(JdbcTemplate.java:1556)
	at org.springframework.jdbc.core.JdbcTemplate.execute(JdbcTemplate.java:677)
	at org.springframework.jdbc.core.JdbcTemplate.update(JdbcTemplate.java:972)
	at org.springframework.jdbc.core.JdbcTemplate.update(JdbcTemplate.java:993)
	at org.springframework.jdbc.core.namedparam.NamedParameterJdbcTemplate.update(NamedParameterJdbcTemplate.java:337)
	at org.springframework.jdbc.core.namedparam.NamedParameterJdbcTemplate.update(NamedParameterJdbcTemplate.java:342)
	at net.javacrumbs.shedlock.provider.jdbctemplate.JdbcTemplateStorageAccessor.lambda$execute$0(JdbcTemplateStorageAccessor.java:122)
	at org.springframework.transaction.support.TransactionTemplate.execute(TransactionTemplate.java:140)
	at net.javacrumbs.shedlock.provider.jdbctemplate.JdbcTemplateStorageAccessor.execute(JdbcTemplateStorageAccessor.java:122)
	at net.javacrumbs.shedlock.provider.jdbctemplate.JdbcTemplateStorageAccessor.insertRecord(JdbcTemplateStorageAccessor.java:64)
	at net.javacrumbs.shedlock.support.StorageBasedLockProvider.doLock(StorageBasedLockProvider.java:72)
	at net.javacrumbs.shedlock.support.StorageBasedLockProvider.lock(StorageBasedLockProvider.java:55)
	at net.javacrumbs.shedlock.core.DefaultLockingTaskExecutor.executeWithLock(DefaultLockingTaskExecutor.java:63)
	at net.javacrumbs.shedlock.spring.aop.MethodProxyScheduledLockAdvisor$LockingInterceptor.invoke(MethodProxyScheduledLockAdvisor.java:84)
	at org.springframework.aop.framework.ReflectiveMethodInvocation.proceed(ReflectiveMethodInvocation.java:184)
	at org.springframework.aop.framework.CglibAopProxy$DynamicAdvisedInterceptor.intercept(CglibAopProxy.java:728)
	at com.geoknoesis.trustweave.saas.server.billing.accountly.UsageReporter$$SpringCGLIB$$0.scheduledDrain(<generated>)
	at java.base/jdk.internal.reflect.DirectMethodHandleAccessor.invoke(DirectMethodHandleAccessor.java:103)
	at java.base/java.lang.reflect.Method.invoke(Method.java:580)
	at org.springframework.scheduling.support.ScheduledMethodRunnable.runInternal(ScheduledMethodRunnable.java:130)
	at org.springframework.scheduling.support.ScheduledMethodRunnable.lambda$run$2(ScheduledMethodRunnable.java:124)
	at io.micrometer.observation.Observation.observe(Observation.java:498)
	at org.springframework.scheduling.support.ScheduledMethodRunnable.run(ScheduledMethodRunnable.java:124)
	at org.springframework.scheduling.config.Task$OutcomeTrackingRunnable.run(Task.java:87)
	at org.springframework.scheduling.support.DelegatingErrorHandlingRunnable.run(DelegatingErrorHandlingRunnable.java:54)
	at java.base/java.util.concurrent.Executors$RunnableAdapter.call(Executors.java:572)
	at java.base/java.util.concurrent.FutureTask.runAndReset(FutureTask.java:358)
	at java.base/java.util.concurrent.ScheduledThreadPoolExecutor$ScheduledFutureTask.run(ScheduledThreadPoolExecutor.java:305)
	at java.base/java.util.concurrent.ThreadPoolExecutor.runWorker(ThreadPoolExecutor.java:1144)
	at java.base/java.util.concurrent.ThreadPoolExecutor$Worker.run(ThreadPoolExecutor.java:642)
	at java.base/java.lang.Thread.run(Thread.java:1583)
Caused by: org.postgresql.util.PSQLException: ERROR: relation "shedlock" does not exist
  Position: 13
	at org.postgresql.core.v3.QueryExecutorImpl.receiveErrorResponse(QueryExecutorImpl.java:2736)
	at org.postgresql.core.v3.QueryExecutorImpl.processResults(QueryExecutorImpl.java:2421)
	at org.postgresql.core.v3.QueryExecutorImpl.execute(QueryExecutorImpl.java:372)
	at org.postgresql.jdbc.PgStatement.executeInternal(PgStatement.java:525)
	at org.postgresql.jdbc.PgStatement.execute(PgStatement.java:435)
	at org.postgresql.jdbc.PgPreparedStatement.executeWithFlags(PgPreparedStatement.java:196)
	at org.postgresql.jdbc.PgPreparedStatement.executeUpdate(PgPreparedStatement.java:157)
	at com.zaxxer.hikari.pool.ProxyPreparedStatement.executeUpdate(ProxyPreparedStatement.java:61)
	at com.zaxxer.hikari.pool.HikariProxyPreparedStatement.executeUpdate(HikariProxyPreparedStatement.java)
	at org.springframework.jdbc.core.JdbcTemplate.lambda$update$2(JdbcTemplate.java:977)
	at org.springframework.jdbc.core.JdbcTemplate.execute(JdbcTemplate.java:658)
	... 29 common frames omitted
22:52:33.030 DEBUG [] o.s.jdbc.core.JdbcTemplate - Executing prepared SQL update
22:52:33.030 DEBUG [] o.s.jdbc.core.JdbcTemplate - Executing prepared SQL statement [UPDATE shedlock SET lock_until = timezone('utc', CURRENT_TIMESTAMP) + cast(? as interval), locked_at = timezone('utc', CURRENT_TIMESTAMP), locked_by = ? WHERE shedlock.name = ? AND shedlock.lock_until <= timezone('utc', CURRENT_TIMESTAMP)]
22:52:33.037 ERROR [] o.s.s.s.TaskUtils$LoggingErrorHandler - Unexpected error occurred in scheduled task
org.springframework.jdbc.BadSqlGrammarException: PreparedStatementCallback; bad SQL grammar [UPDATE shedlock SET lock_until = timezone('utc', CURRENT_TIMESTAMP) + cast(? as interval), locked_at = timezone('utc', CURRENT_TIMESTAMP), locked_by = ? WHERE shedlock.name = ? AND shedlock.lock_until <= timezone('utc', CURRENT_TIMESTAMP)]
	at org.springframework.jdbc.support.SQLStateSQLExceptionTranslator.doTranslate(SQLStateSQLExceptionTranslator.java:134)
	at org.springframework.jdbc.support.AbstractFallbackSQLExceptionTranslator.translate(AbstractFallbackSQLExceptionTranslator.java:107)
	at org.springframework.jdbc.support.AbstractFallbackSQLExceptionTranslator.translate(AbstractFallbackSQLExceptionTranslator.java:116)
	at org.springframework.jdbc.core.JdbcTemplate.translateException(JdbcTemplate.java:1556)
	at org.springframework.jdbc.core.JdbcTemplate.execute(JdbcTemplate.java:677)
	at org.springframework.jdbc.core.JdbcTemplate.update(JdbcTemplate.java:972)
	at org.springframework.jdbc.core.JdbcTemplate.update(JdbcTemplate.java:993)
	at org.springframework.jdbc.core.namedparam.NamedParameterJdbcTemplate.update(NamedParameterJdbcTemplate.java:337)
	at org.springframework.jdbc.core.namedparam.NamedParameterJdbcTemplate.update(NamedParameterJdbcTemplate.java:342)
	at net.javacrumbs.shedlock.provider.jdbctemplate.JdbcTemplateStorageAccessor.lambda$execute$0(JdbcTemplateStorageAccessor.java:122)
	at org.springframework.transaction.support.TransactionTemplate.execute(TransactionTemplate.java:140)
	at net.javacrumbs.shedlock.provider.jdbctemplate.JdbcTemplateStorageAccessor.execute(JdbcTemplateStorageAccessor.java:122)
	at net.javacrumbs.shedlock.provider.jdbctemplate.JdbcTemplateStorageAccessor.updateRecord(JdbcTemplateStorageAccessor.java:81)
	at net.javacrumbs.shedlock.support.StorageBasedLockProvider.doLock(StorageBasedLockProvider.java:85)
	at net.javacrumbs.shedlock.support.StorageBasedLockProvider.lock(StorageBasedLockProvider.java:55)
	at net.javacrumbs.shedlock.core.DefaultLockingTaskExecutor.executeWithLock(DefaultLockingTaskExecutor.java:63)
	at net.javacrumbs.shedlock.spring.aop.MethodProxyScheduledLockAdvisor$LockingInterceptor.invoke(MethodProxyScheduledLockAdvisor.java:84)
	at org.springframework.aop.framework.ReflectiveMethodInvocation.proceed(ReflectiveMethodInvocation.java:184)
	at org.springframework.aop.framework.CglibAopProxy$DynamicAdvisedInterceptor.intercept(CglibAopProxy.java:728)
	at com.geoknoesis.trustweave.saas.server.billing.accountly.UsageReporter$$SpringCGLIB$$0.scheduledDrain(<generated>)
	at java.base/jdk.internal.reflect.DirectMethodHandleAccessor.invoke(DirectMethodHandleAccessor.java:103)
	at java.base/java.lang.reflect.Method.invoke(Method.java:580)
	at org.springframework.scheduling.support.ScheduledMethodRunnable.runInternal(ScheduledMethodRunnable.java:130)
	at org.springframework.scheduling.support.ScheduledMethodRunnable.lambda$run$2(ScheduledMethodRunnable.java:124)
	at io.micrometer.observation.Observation.observe(Observation.java:498)
	at org.springframework.scheduling.support.ScheduledMethodRunnable.run(ScheduledMethodRunnable.java:124)
	at org.springframework.scheduling.config.Task$OutcomeTrackingRunnable.run(Task.java:87)
	at org.springframework.scheduling.support.DelegatingErrorHandlingRunnable.run(DelegatingErrorHandlingRunnable.java:54)
	at java.base/java.util.concurrent.Executors$RunnableAdapter.call(Executors.java:572)
	at java.base/java.util.concurrent.FutureTask.runAndReset(FutureTask.java:358)
	at java.base/java.util.concurrent.ScheduledThreadPoolExecutor$ScheduledFutureTask.run(ScheduledThreadPoolExecutor.java:305)
	at java.base/java.util.concurrent.ThreadPoolExecutor.runWorker(ThreadPoolExecutor.java:1144)
	at java.base/java.util.concurrent.ThreadPoolExecutor$Worker.run(ThreadPoolExecutor.java:642)
	at java.base/java.lang.Thread.run(Thread.java:1583)
Caused by: org.postgresql.util.PSQLException: ERROR: relation "shedlock" does not exist
  Position: 8
	at org.postgresql.core.v3.QueryExecutorImpl.receiveErrorResponse(QueryExecutorImpl.java:2736)
	at org.postgresql.core.v3.QueryExecutorImpl.processResults(QueryExecutorImpl.java:2421)
	at org.postgresql.core.v3.QueryExecutorImpl.execute(QueryExecutorImpl.java:372)
	at org.postgresql.jdbc.PgStatement.executeInternal(PgStatement.java:525)
	at org.postgresql.jdbc.PgStatement.execute(PgStatement.java:435)
	at org.postgresql.jdbc.PgPreparedStatement.executeWithFlags(PgPreparedStatement.java:196)
	at org.postgresql.jdbc.PgPreparedStatement.executeUpdate(PgPreparedStatement.java:157)
	at com.zaxxer.hikari.pool.ProxyPreparedStatement.executeUpdate(ProxyPreparedStatement.java:61)
	at com.zaxxer.hikari.pool.HikariProxyPreparedStatement.executeUpdate(HikariProxyPreparedStatement.java)
	at org.springframework.jdbc.core.JdbcTemplate.lambda$update$2(JdbcTemplate.java:977)
	at org.springframework.jdbc.core.JdbcTemplate.execute(JdbcTemplate.java:658)
	... 29 common frames omitted
22:52:33.473 DEBUG [] o.s.jdbc.core.JdbcTemplate - Executing SQL query [SELECT count(*) FILTER (WHERE attempts < 10) AS pending,
    count(*) FILTER (WHERE attempts >= 10) AS poison,
    count(*) FILTER (WHERE leased_until > statement_timestamp()) AS leased,
    COALESCE(GREATEST(0, EXTRACT(EPOCH FROM statement_timestamp() - min(created_at))), 0)::bigint AS oldest
FROM usage_outbox WHERE status <> 'SENT']
22:52:33.520 DEBUG [] o.s.jdbc.core.JdbcTemplate - Executing prepared SQL update
22:52:33.520 DEBUG [] o.s.jdbc.core.JdbcTemplate - Executing prepared SQL statement [INSERT INTO shedlock(name, lock_until, locked_at, locked_by) VALUES(?, timezone('utc', CURRENT_TIMESTAMP) + cast(? as interval), timezone('utc', CURRENT_TIMESTAMP), ?) ON CONFLICT (name) DO UPDATE SET lock_until = timezone('utc', CURRENT_TIMESTAMP) + cast(? as interval), locked_at = timezone('utc', CURRENT_TIMESTAMP), locked_by = ? WHERE shedlock.name = ? AND shedlock.lock_until <= timezone('utc', CURRENT_TIMESTAMP)]
22:52:33.524 ERROR [] n.j.s.p.j.JdbcTemplateStorageAccessor - Unexpected exception
org.springframework.jdbc.BadSqlGrammarException: PreparedStatementCallback; bad SQL grammar [INSERT INTO shedlock(name, lock_until, locked_at, locked_by) VALUES(?, timezone('utc', CURRENT_TIMESTAMP) + cast(? as interval), timezone('utc', CURRENT_TIMESTAMP), ?) ON CONFLICT (name) DO UPDATE SET lock_until = timezone('utc', CURRENT_TIMESTAMP) + cast(? as interval), locked_at = timezone('utc', CURRENT_TIMESTAMP), locked_by = ? WHERE shedlock.name = ? AND shedlock.lock_until <= timezone('utc', CURRENT_TIMESTAMP)]
	at org.springframework.jdbc.support.SQLStateSQLExceptionTranslator.doTranslate(SQLStateSQLExceptionTranslator.java:134)
	at org.springframework.jdbc.support.AbstractFallbackSQLExceptionTranslator.translate(AbstractFallbackSQLExceptionTranslator.java:107)
	at org.springframework.jdbc.support.AbstractFallbackSQLExceptionTranslator.translate(AbstractFallbackSQLExceptionTranslator.java:116)
	at org.springframework.jdbc.core.JdbcTemplate.translateException(JdbcTemplate.java:1556)
	at org.springframework.jdbc.core.JdbcTemplate.execute(JdbcTemplate.java:677)
	at org.springframework.jdbc.core.JdbcTemplate.update(JdbcTemplate.java:972)
	at org.springframework.jdbc.core.JdbcTemplate.update(JdbcTemplate.java:993)
	at org.springframework.jdbc.core.namedparam.NamedParameterJdbcTemplate.update(NamedParameterJdbcTemplate.java:337)
	at org.springframework.jdbc.core.namedparam.NamedParameterJdbcTemplate.update(NamedParameterJdbcTemplate.java:342)
	at net.javacrumbs.shedlock.provider.jdbctemplate.JdbcTemplateStorageAccessor.lambda$execute$0(JdbcTemplateStorageAccessor.java:122)
	at org.springframework.transaction.support.TransactionTemplate.execute(TransactionTemplate.java:140)
	at net.javacrumbs.shedlock.provider.jdbctemplate.JdbcTemplateStorageAccessor.execute(JdbcTemplateStorageAccessor.java:122)
	at net.javacrumbs.shedlock.provider.jdbctemplate.JdbcTemplateStorageAccessor.insertRecord(JdbcTemplateStorageAccessor.java:64)
	at net.javacrumbs.shedlock.support.StorageBasedLockProvider.doLock(StorageBasedLockProvider.java:72)
	at net.javacrumbs.shedlock.support.StorageBasedLockProvider.lock(StorageBasedLockProvider.java:55)
	at net.javacrumbs.shedlock.core.DefaultLockingTaskExecutor.executeWithLock(DefaultLockingTaskExecutor.java:63)
	at net.javacrumbs.shedlock.spring.aop.MethodProxyScheduledLockAdvisor$LockingInterceptor.invoke(MethodProxyScheduledLockAdvisor.java:84)
	at org.springframework.aop.framework.ReflectiveMethodInvocation.proceed(ReflectiveMethodInvocation.java:184)
	at org.springframework.aop.framework.CglibAopProxy$DynamicAdvisedInterceptor.intercept(CglibAopProxy.java:728)
	at com.geoknoesis.trustweave.saas.server.webhook.WebhookRecoveryMonitor$$SpringCGLIB$$0.poll(<generated>)
	at java.base/jdk.internal.reflect.DirectMethodHandleAccessor.invoke(DirectMethodHandleAccessor.java:103)
	at java.base/java.lang.reflect.Method.invoke(Method.java:580)
	at org.springframework.scheduling.support.ScheduledMethodRunnable.runInternal(ScheduledMethodRunnable.java:130)
	at org.springframework.scheduling.support.ScheduledMethodRunnable.lambda$run$2(ScheduledMethodRunnable.java:124)
	at io.micrometer.observation.Observation.observe(Observation.java:498)
	at org.springframework.scheduling.support.ScheduledMethodRunnable.run(ScheduledMethodRunnable.java:124)
	at org.springframework.scheduling.config.Task$OutcomeTrackingRunnable.run(Task.java:87)
	at org.springframework.scheduling.support.DelegatingErrorHandlingRunnable.run(DelegatingErrorHandlingRunnable.java:54)
	at java.base/java.util.concurrent.Executors$RunnableAdapter.call(Executors.java:572)
	at java.base/java.util.concurrent.FutureTask.runAndReset(FutureTask.java:358)
	at java.base/java.util.concurrent.ScheduledThreadPoolExecutor$ScheduledFutureTask.run(ScheduledThreadPoolExecutor.java:305)
	at java.base/java.util.concurrent.ThreadPoolExecutor.runWorker(ThreadPoolExecutor.java:1144)
	at java.base/java.util.concurrent.ThreadPoolExecutor$Worker.run(ThreadPoolExecutor.java:642)
	at java.base/java.lang.Thread.run(Thread.java:1583)
Caused by: org.postgresql.util.PSQLException: ERROR: relation "shedlock" does not exist
  Position: 13
	at org.postgresql.core.v3.QueryExecutorImpl.receiveErrorResponse(QueryExecutorImpl.java:2736)
	at org.postgresql.core.v3.QueryExecutorImpl.processResults(QueryExecutorImpl.java:2421)
	at org.postgresql.core.v3.QueryExecutorImpl.execute(QueryExecutorImpl.java:372)
	at org.postgresql.jdbc.PgStatement.executeInternal(PgStatement.java:525)
	at org.postgresql.jdbc.PgStatement.execute(PgStatement.java:435)
	at org.postgresql.jdbc.PgPreparedStatement.executeWithFlags(PgPreparedStatement.java:196)
	at org.postgresql.jdbc.PgPreparedStatement.executeUpdate(PgPreparedStatement.java:157)
	at com.zaxxer.hikari.pool.ProxyPreparedStatement.executeUpdate(ProxyPreparedStatement.java:61)
	at com.zaxxer.hikari.pool.HikariProxyPreparedStatement.executeUpdate(HikariProxyPreparedStatement.java)
	at org.springframework.jdbc.core.JdbcTemplate.lambda$update$2(JdbcTemplate.java:977)
	at org.springframework.jdbc.core.JdbcTemplate.execute(JdbcTemplate.java:658)
	... 29 common frames omitted
22:52:33.525 DEBUG [] o.s.jdbc.core.JdbcTemplate - Executing prepared SQL update
22:52:33.526 DEBUG [] o.s.jdbc.core.JdbcTemplate - Executing prepared SQL statement [UPDATE shedlock SET lock_until = timezone('utc', CURRENT_TIMESTAMP) + cast(? as interval), locked_at = timezone('utc', CURRENT_TIMESTAMP), locked_by = ? WHERE shedlock.name = ? AND shedlock.lock_until <= timezone('utc', CURRENT_TIMESTAMP)]
22:52:33.547 ERROR [] o.s.s.s.TaskUtils$LoggingErrorHandler - Unexpected error occurred in scheduled task
org.springframework.jdbc.BadSqlGrammarException: PreparedStatementCallback; bad SQL grammar [UPDATE shedlock SET lock_until = timezone('utc', CURRENT_TIMESTAMP) + cast(? as interval), locked_at = timezone('utc', CURRENT_TIMESTAMP), locked_by = ? WHERE shedlock.name = ? AND shedlock.lock_until <= timezone('utc', CURRENT_TIMESTAMP)]
	at org.springframework.jdbc.support.SQLStateSQLExceptionTranslator.doTranslate(SQLStateSQLExceptionTranslator.java:134)
	at org.springframework.jdbc.support.AbstractFallbackSQLExceptionTranslator.translate(AbstractFallbackSQLExceptionTranslator.java:107)
	at org.springframework.jdbc.support.AbstractFallbackSQLExceptionTranslator.translate(AbstractFallbackSQLExceptionTranslator.java:116)
	at org.springframework.jdbc.core.JdbcTemplate.translateException(JdbcTemplate.java:1556)
	at org.springframework.jdbc.core.JdbcTemplate.execute(JdbcTemplate.java:677)
	at org.springframework.jdbc.core.JdbcTemplate.update(JdbcTemplate.java:972)
	at org.springframework.jdbc.core.JdbcTemplate.update(JdbcTemplate.java:993)
	at org.springframework.jdbc.core.namedparam.NamedParameterJdbcTemplate.update(NamedParameterJdbcTemplate.java:337)
	at org.springframework.jdbc.core.namedparam.NamedParameterJdbcTemplate.update(NamedParameterJdbcTemplate.java:342)
	at net.javacrumbs.shedlock.provider.jdbctemplate.JdbcTemplateStorageAccessor.lambda$execute$0(JdbcTemplateStorageAccessor.java:122)
	at org.springframework.transaction.support.TransactionTemplate.execute(TransactionTemplate.java:140)
	at net.javacrumbs.shedlock.provider.jdbctemplate.JdbcTemplateStorageAccessor.execute(JdbcTemplateStorageAccessor.java:122)
	at net.javacrumbs.shedlock.provider.jdbctemplate.JdbcTemplateStorageAccessor.updateRecord(JdbcTemplateStorageAccessor.java:81)
	at net.javacrumbs.shedlock.support.StorageBasedLockProvider.doLock(StorageBasedLockProvider.java:85)
	at net.javacrumbs.shedlock.support.StorageBasedLockProvider.lock(StorageBasedLockProvider.java:55)
	at net.javacrumbs.shedlock.core.DefaultLockingTaskExecutor.executeWithLock(DefaultLockingTaskExecutor.java:63)
	at net.javacrumbs.shedlock.spring.aop.MethodProxyScheduledLockAdvisor$LockingInterceptor.invoke(MethodProxyScheduledLockAdvisor.java:84)
	at org.springframework.aop.framework.ReflectiveMethodInvocation.proceed(ReflectiveMethodInvocation.java:184)
	at org.springframework.aop.framework.CglibAopProxy$DynamicAdvisedInterceptor.intercept(CglibAopProxy.java:728)
	at com.geoknoesis.trustweave.saas.server.webhook.WebhookRecoveryMonitor$$SpringCGLIB$$0.poll(<generated>)
	at java.base/jdk.internal.reflect.DirectMethodHandleAccessor.invoke(DirectMethodHandleAccessor.java:103)
	at java.base/java.lang.reflect.Method.invoke(Method.java:580)
	at org.springframework.scheduling.support.ScheduledMethodRunnable.runInternal(ScheduledMethodRunnable.java:130)
	at org.springframework.scheduling.support.ScheduledMethodRunnable.lambda$run$2(ScheduledMethodRunnable.java:124)
	at io.micrometer.observation.Observation.observe(Observation.java:498)
	at org.springframework.scheduling.support.ScheduledMethodRunnable.run(ScheduledMethodRunnable.java:124)
	at org.springframework.scheduling.config.Task$OutcomeTrackingRunnable.run(Task.java:87)
	at org.springframework.scheduling.support.DelegatingErrorHandlingRunnable.run(DelegatingErrorHandlingRunnable.java:54)
	at java.base/java.util.concurrent.Executors$RunnableAdapter.call(Executors.java:572)
	at java.base/java.util.concurrent.FutureTask.runAndReset(FutureTask.java:358)
	at java.base/java.util.concurrent.ScheduledThreadPoolExecutor$ScheduledFutureTask.run(ScheduledThreadPoolExecutor.java:305)
	at java.base/java.util.concurrent.ThreadPoolExecutor.runWorker(ThreadPoolExecutor.java:1144)
	at java.base/java.util.concurrent.ThreadPoolExecutor$Worker.run(ThreadPoolExecutor.java:642)
	at java.base/java.lang.Thread.run(Thread.java:1583)
Caused by: org.postgresql.util.PSQLException: ERROR: relation "shedlock" does not exist
  Position: 8
	at org.postgresql.core.v3.QueryExecutorImpl.receiveErrorResponse(QueryExecutorImpl.java:2736)
	at org.postgresql.core.v3.QueryExecutorImpl.processResults(QueryExecutorImpl.java:2421)
	at org.postgresql.core.v3.QueryExecutorImpl.execute(QueryExecutorImpl.java:372)
	at org.postgresql.jdbc.PgStatement.executeInternal(PgStatement.java:525)
	at org.postgresql.jdbc.PgStatement.execute(PgStatement.java:435)
	at org.postgresql.jdbc.PgPreparedStatement.executeWithFlags(PgPreparedStatement.java:196)
	at org.postgresql.jdbc.PgPreparedStatement.executeUpdate(PgPreparedStatement.java:157)
	at com.zaxxer.hikari.pool.ProxyPreparedStatement.executeUpdate(ProxyPreparedStatement.java:61)
	at com.zaxxer.hikari.pool.HikariProxyPreparedStatement.executeUpdate(HikariProxyPreparedStatement.java)
	at org.springframework.jdbc.core.JdbcTemplate.lambda$update$2(JdbcTemplate.java:977)
	at org.springframework.jdbc.core.JdbcTemplate.execute(JdbcTemplate.java:658)
	... 29 common frames omitted
22:52:33.547 DEBUG [] o.s.jdbc.core.JdbcTemplate - Executing prepared SQL update
22:52:33.547 DEBUG [] o.s.jdbc.core.JdbcTemplate - Executing prepared SQL statement [INSERT INTO shedlock(name, lock_until, locked_at, locked_by) VALUES(?, timezone('utc', CURRENT_TIMESTAMP) + cast(? as interval), timezone('utc', CURRENT_TIMESTAMP), ?) ON CONFLICT (name) DO UPDATE SET lock_until = timezone('utc', CURRENT_TIMESTAMP) + cast(? as interval), locked_at = timezone('utc', CURRENT_TIMESTAMP), locked_by = ? WHERE shedlock.name = ? AND shedlock.lock_until <= timezone('utc', CURRENT_TIMESTAMP)]
22:52:33.575 ERROR [] n.j.s.p.j.JdbcTemplateStorageAccessor - Unexpected exception
org.springframework.jdbc.BadSqlGrammarException: PreparedStatementCallback; bad SQL grammar [INSERT INTO shedlock(name, lock_until, locked_at, locked_by) VALUES(?, timezone('utc', CURRENT_TIMESTAMP) + cast(? as interval), timezone('utc', CURRENT_TIMESTAMP), ?) ON CONFLICT (name) DO UPDATE SET lock_until = timezone('utc', CURRENT_TIMESTAMP) + cast(? as interval), locked_at = timezone('utc', CURRENT_TIMESTAMP), locked_by = ? WHERE shedlock.name = ? AND shedlock.lock_until <= timezone('utc', CURRENT_TIMESTAMP)]
	at org.springframework.jdbc.support.SQLStateSQLExceptionTranslator.doTranslate(SQLStateSQLExceptionTranslator.java:134)
	at org.springframework.jdbc.support.AbstractFallbackSQLExceptionTranslator.translate(AbstractFallbackSQLExceptionTranslator.java:107)
	at org.springframework.jdbc.support.AbstractFallbackSQLExceptionTranslator.translate(AbstractFallbackSQLExceptionTranslator.java:116)
	at org.springframework.jdbc.core.JdbcTemplate.translateException(JdbcTemplate.java:1556)
	at org.springframework.jdbc.core.JdbcTemplate.execute(JdbcTemplate.java:677)
	at org.springframework.jdbc.core.JdbcTemplate.update(JdbcTemplate.java:972)
	at org.springframework.jdbc.core.JdbcTemplate.update(JdbcTemplate.java:993)
	at org.springframework.jdbc.core.namedparam.NamedParameterJdbcTemplate.update(NamedParameterJdbcTemplate.java:337)
	at org.springframework.jdbc.core.namedparam.NamedParameterJdbcTemplate.update(NamedParameterJdbcTemplate.java:342)
	at net.javacrumbs.shedlock.provider.jdbctemplate.JdbcTemplateStorageAccessor.lambda$execute$0(JdbcTemplateStorageAccessor.java:122)
	at org.springframework.transaction.support.TransactionTemplate.execute(TransactionTemplate.java:140)
	at net.javacrumbs.shedlock.provider.jdbctemplate.JdbcTemplateStorageAccessor.execute(JdbcTemplateStorageAccessor.java:122)
	at net.javacrumbs.shedlock.provider.jdbctemplate.JdbcTemplateStorageAccessor.insertRecord(JdbcTemplateStorageAccessor.java:64)
	at net.javacrumbs.shedlock.support.StorageBasedLockProvider.doLock(StorageBasedLockProvider.java:72)
	at net.javacrumbs.shedlock.support.StorageBasedLockProvider.lock(StorageBasedLockProvider.java:55)
	at net.javacrumbs.shedlock.core.DefaultLockingTaskExecutor.executeWithLock(DefaultLockingTaskExecutor.java:63)
	at net.javacrumbs.shedlock.spring.aop.MethodProxyScheduledLockAdvisor$LockingInterceptor.invoke(MethodProxyScheduledLockAdvisor.java:84)
	at org.springframework.aop.framework.ReflectiveMethodInvocation.proceed(ReflectiveMethodInvocation.java:184)
	at org.springframework.aop.framework.CglibAopProxy$DynamicAdvisedInterceptor.intercept(CglibAopProxy.java:728)
	at com.geoknoesis.trustweave.saas.server.billing.accountly.UsageReporter$$SpringCGLIB$$0.scheduledDrain(<generated>)
	at java.base/jdk.internal.reflect.DirectMethodHandleAccessor.invoke(DirectMethodHandleAccessor.java:103)
	at java.base/java.lang.reflect.Method.invoke(Method.java:580)
	at org.springframework.scheduling.support.ScheduledMethodRunnable.runInternal(ScheduledMethodRunnable.java:130)
	at org.springframework.scheduling.support.ScheduledMethodRunnable.lambda$run$2(ScheduledMethodRunnable.java:124)
	at io.micrometer.observation.Observation.observe(Observation.java:498)
	at org.springframework.scheduling.support.ScheduledMethodRunnable.run(ScheduledMethodRunnable.java:124)
	at org.springframework.scheduling.config.Task$OutcomeTrackingRunnable.run(Task.java:87)
	at org.springframework.scheduling.support.DelegatingErrorHandlingRunnable.run(DelegatingErrorHandlingRunnable.java:54)
	at java.base/java.util.concurrent.Executors$RunnableAdapter.call(Executors.java:572)
	at java.base/java.util.concurrent.FutureTask.runAndReset(FutureTask.java:358)
	at java.base/java.util.concurrent.ScheduledThreadPoolExecutor$ScheduledFutureTask.run(ScheduledThreadPoolExecutor.java:305)
	at java.base/java.util.concurrent.ThreadPoolExecutor.runWorker(ThreadPoolExecutor.java:1144)
	at java.base/java.util.concurrent.ThreadPoolExecutor$Worker.run(ThreadPoolExecutor.java:642)
	at java.base/java.lang.Thread.run(Thread.java:1583)
Caused by: org.postgresql.util.PSQLException: ERROR: relation "shedlock" does not exist
  Position: 13
	at org.postgresql.core.v3.QueryExecutorImpl.receiveErrorResponse(QueryExecutorImpl.java:2736)
	at org.postgresql.core.v3.QueryExecutorImpl.processResults(QueryExecutorImpl.java:2421)
	at org.postgresql.core.v3.QueryExecutorImpl.execute(QueryExecutorImpl.java:372)
	at org.postgresql.jdbc.PgStatement.executeInternal(PgStatement.java:525)
	at org.postgresql.jdbc.PgStatement.execute(PgStatement.java:435)
	at org.postgresql.jdbc.PgPreparedStatement.executeWithFlags(PgPreparedStatement.java:196)
	at org.postgresql.jdbc.PgPreparedStatement.executeUpdate(PgPreparedStatement.java:157)
	at com.zaxxer.hikari.pool.ProxyPreparedStatement.executeUpdate(ProxyPreparedStatement.java:61)
	at com.zaxxer.hikari.pool.HikariProxyPreparedStatement.executeUpdate(HikariProxyPreparedStatement.java)
	at org.springframework.jdbc.core.JdbcTemplate.lambda$update$2(JdbcTemplate.java:977)
	at org.springframework.jdbc.core.JdbcTemplate.execute(JdbcTemplate.java:658)
	... 29 common frames omitted
22:52:33.576 DEBUG [] o.s.jdbc.core.JdbcTemplate - Executing prepared SQL update
22:52:33.576 DEBUG [] o.s.jdbc.core.JdbcTemplate - Executing prepared SQL statement [UPDATE shedlock SET lock_until = timezone('utc', CURRENT_TIMESTAMP) + cast(? as interval), locked_at = timezone('utc', CURRENT_TIMESTAMP), locked_by = ? WHERE shedlock.name = ? AND shedlock.lock_until <= timezone('utc', CURRENT_TIMESTAMP)]
22:52:33.607 ERROR [] o.s.s.s.TaskUtils$LoggingErrorHandler - Unexpected error occurred in scheduled task
org.springframework.jdbc.BadSqlGrammarException: PreparedStatementCallback; bad SQL grammar [UPDATE shedlock SET lock_until = timezone('utc', CURRENT_TIMESTAMP) + cast(? as interval), locked_at = timezone('utc', CURRENT_TIMESTAMP), locked_by = ? WHERE shedlock.name = ? AND shedlock.lock_until <= timezone('utc', CURRENT_TIMESTAMP)]
	at org.springframework.jdbc.support.SQLStateSQLExceptionTranslator.doTranslate(SQLStateSQLExceptionTranslator.java:134)
	at org.springframework.jdbc.support.AbstractFallbackSQLExceptionTranslator.translate(AbstractFallbackSQLExceptionTranslator.java:107)
	at org.springframework.jdbc.support.AbstractFallbackSQLExceptionTranslator.translate(AbstractFallbackSQLExceptionTranslator.java:116)
	at org.springframework.jdbc.core.JdbcTemplate.translateException(JdbcTemplate.java:1556)
	at org.springframework.jdbc.core.JdbcTemplate.execute(JdbcTemplate.java:677)
	at org.springframework.jdbc.core.JdbcTemplate.update(JdbcTemplate.java:972)
	at org.springframework.jdbc.core.JdbcTemplate.update(JdbcTemplate.java:993)
	at org.springframework.jdbc.core.namedparam.NamedParameterJdbcTemplate.update(NamedParameterJdbcTemplate.java:337)
	at org.springframework.jdbc.core.namedparam.NamedParameterJdbcTemplate.update(NamedParameterJdbcTemplate.java:342)
	at net.javacrumbs.shedlock.provider.jdbctemplate.JdbcTemplateStorageAccessor.lambda$execute$0(JdbcTemplateStorageAccessor.java:122)
	at org.springframework.transaction.support.TransactionTemplate.execute(TransactionTemplate.java:140)
	at net.javacrumbs.shedlock.provider.jdbctemplate.JdbcTemplateStorageAccessor.execute(JdbcTemplateStorageAccessor.java:122)
	at net.javacrumbs.shedlock.provider.jdbctemplate.JdbcTemplateStorageAccessor.updateRecord(JdbcTemplateStorageAccessor.java:81)
	at net.javacrumbs.shedlock.support.StorageBasedLockProvider.doLock(StorageBasedLockProvider.java:85)
	at net.javacrumbs.shedlock.support.StorageBasedLockProvider.lock(StorageBasedLockProvider.java:55)
	at net.javacrumbs.shedlock.core.DefaultLockingTaskExecutor.executeWithLock(DefaultLockingTaskExecutor.java:63)
	at net.javacrumbs.shedlock.spring.aop.MethodProxyScheduledLockAdvisor$LockingInterceptor.invoke(MethodProxyScheduledLockAdvisor.java:84)
	at org.springframework.aop.framework.ReflectiveMethodInvocation.proceed(ReflectiveMethodInvocation.java:184)
	at org.springframework.aop.framework.CglibAopProxy$DynamicAdvisedInterceptor.intercept(CglibAopProxy.java:728)
	at com.geoknoesis.trustweave.saas.server.billing.accountly.UsageReporter$$SpringCGLIB$$0.scheduledDrain(<generated>)
	at java.base/jdk.internal.reflect.DirectMethodHandleAccessor.invoke(DirectMethodHandleAccessor.java:103)
	at java.base/java.lang.reflect.Method.invoke(Method.java:580)
	at org.springframework.scheduling.support.ScheduledMethodRunnable.runInternal(ScheduledMethodRunnable.java:130)
	at org.springframework.scheduling.support.ScheduledMethodRunnable.lambda$run$2(ScheduledMethodRunnable.java:124)
	at io.micrometer.observation.Observation.observe(Observation.java:498)
	at org.springframework.scheduling.support.ScheduledMethodRunnable.run(ScheduledMethodRunnable.java:124)
	at org.springframework.scheduling.config.Task$OutcomeTrackingRunnable.run(Task.java:87)
	at org.springframework.scheduling.support.DelegatingErrorHandlingRunnable.run(DelegatingErrorHandlingRunnable.java:54)
	at java.base/java.util.concurrent.Executors$RunnableAdapter.call(Executors.java:572)
	at java.base/java.util.concurrent.FutureTask.runAndReset(FutureTask.java:358)
	at java.base/java.util.concurrent.ScheduledThreadPoolExecutor$ScheduledFutureTask.run(ScheduledThreadPoolExecutor.java:305)
	at java.base/java.util.concurrent.ThreadPoolExecutor.runWorker(ThreadPoolExecutor.java:1144)
	at java.base/java.util.concurrent.ThreadPoolExecutor$Worker.run(ThreadPoolExecutor.java:642)
	at java.base/java.lang.Thread.run(Thread.java:1583)
Caused by: org.postgresql.util.PSQLException: ERROR: relation "shedlock" does not exist
  Position: 8
	at org.postgresql.core.v3.QueryExecutorImpl.receiveErrorResponse(QueryExecutorImpl.java:2736)
	at org.postgresql.core.v3.QueryExecutorImpl.processResults(QueryExecutorImpl.java:2421)
	at org.postgresql.core.v3.QueryExecutorImpl.execute(QueryExecutorImpl.java:372)
	at org.postgresql.jdbc.PgStatement.executeInternal(PgStatement.java:525)
	at org.postgresql.jdbc.PgStatement.execute(PgStatement.java:435)
	at org.postgresql.jdbc.PgPreparedStatement.executeWithFlags(PgPreparedStatement.java:196)
	at org.postgresql.jdbc.PgPreparedStatement.executeUpdate(PgPreparedStatement.java:157)
	at com.zaxxer.hikari.pool.ProxyPreparedStatement.executeUpdate(ProxyPreparedStatement.java:61)
	at com.zaxxer.hikari.pool.HikariProxyPreparedStatement.executeUpdate(HikariProxyPreparedStatement.java)
	at org.springframework.jdbc.core.JdbcTemplate.lambda$update$2(JdbcTemplate.java:977)
	at org.springframework.jdbc.core.JdbcTemplate.execute(JdbcTemplate.java:658)
	... 29 common frames omitted
22:52:33.716 DEBUG [] org.hibernate.SQL - select u1_0.id,u1_0.created_at,u1_0.email,u1_0.keycloak_user_id,u1_0.name from users u1_0 where u1_0.keycloak_user_id=?
22:52:33.736 DEBUG [] org.hibernate.SQL - insert into users (created_at,email,keycloak_user_id,name) values (?,?,?,?)
22:52:33.754 DEBUG [] org.hibernate.SQL - select o1_0.id,o1_0.accountly_subscriber_id,o1_0.accountly_subscription_id,o1_0.blockchain_network_settings,o1_0.created_at,o1_0.entitlement_snapshot,o1_0.accountly_killbill_account_id,o1_0.name,o1_0.owner_id,o1_0.preferred_blockchain_network_id,o1_0.settings,o1_0.snapshot_refreshed_at,o1_0.stripe_customer_id,o1_0.stripe_subscription_id,o1_0.tier,o1_0.transaction_cost_tracking_enabled,o1_0.version from organizations o1_0 where o1_0.owner_id=?
22:52:33.757 DEBUG [] org.hibernate.SQL - insert into organizations (accountly_subscriber_id,accountly_subscription_id,blockchain_network_settings,created_at,entitlement_snapshot,accountly_killbill_account_id,name,owner_id,preferred_blockchain_network_id,settings,snapshot_refreshed_at,stripe_customer_id,stripe_subscription_id,tier,transaction_cost_tracking_enabled,version) values (?,?,?,?,?,?,?,?,?,?,?,?,?,?,?,?)
22:52:33.764 DEBUG [be8f758b-1601-40ed-848f-199d758fb1ae] o.s.security.web.FilterChainProxy - Securing GET /api/trust-spaces/999999
22:52:33.766 DEBUG [be8f758b-1601-40ed-848f-199d758fb1ae] o.s.s.o.s.r.a.JwtAuthenticationProvider - Authenticated token
22:52:33.766 DEBUG [be8f758b-1601-40ed-848f-199d758fb1ae] o.s.s.o.s.r.w.a.BearerTokenAuthenticationFilter - Set SecurityContextHolder to JwtAuthenticationToken [Principal=org.springframework.security.oauth2.jwt.Jwt@aaabffb5, Credentials=[PROTECTED], Authenticated=true, Details=WebAuthenticationDetails [RemoteIpAddress=127.0.0.1, SessionId=null], Granted Authorities=[ROLE_default-roles-test-realm, ROLE_offline_access, ROLE_uma_authorization]]
22:52:33.767 DEBUG [be8f758b-1601-40ed-848f-199d758fb1ae] o.s.security.web.FilterChainProxy - Secured GET /api/trust-spaces/999999
22:52:33.768 DEBUG [be8f758b-1601-40ed-848f-199d758fb1ae] o.s.w.s.m.m.a.RequestMappingHandlerMapping - Mapped to com.geoknoesis.trustweave.saas.server.controller.TrustSpaceController#getDomain(long)
22:52:33.783 DEBUG [be8f758b-1601-40ed-848f-199d758fb1ae] org.hibernate.SQL - select u1_0.id,u1_0.created_at,u1_0.email,u1_0.keycloak_user_id,u1_0.name from users u1_0 where u1_0.keycloak_user_id=?
22:52:33.873 DEBUG [be8f758b-1601-40ed-848f-199d758fb1ae] org.hibernate.SQL - select ts1_0.id,ts1_0.blockchain_network_id,ts1_0.created_at,ts1_0.description,ts1_0.environment,ts1_0.name,ts1_0.organization_id,ts1_0.settings,ts1_0.trust_model,ts1_0.verification_level from trust_spaces ts1_0 where ts1_0.id=?
22:52:33.932 DEBUG [be8f758b-1601-40ed-848f-199d758fb1ae] o.s.w.s.m.m.a.ExceptionHandlerExceptionResolver - Using @ExceptionHandler com.geoknoesis.trustweave.saas.server.exception.GlobalExceptionHandler#handleResourceNotFound(ResourceNotFoundException)
22:52:33.934 DEBUG [be8f758b-1601-40ed-848f-199d758fb1ae] o.s.w.s.m.m.a.HttpEntityMethodProcessor - Using 'application/json', given [*/*] and supported [application/json, application/*+json, application/cbor]
22:52:33.934 DEBUG [be8f758b-1601-40ed-848f-199d758fb1ae] o.s.w.s.m.m.a.HttpEntityMethodProcessor - Writing [ErrorResponse(message=TrustSpace not found, status=404, timestamp=2026-09-11T02:52:33.932911600Z)]
22:52:33.935 DEBUG [be8f758b-1601-40ed-848f-199d758fb1ae] o.s.w.s.m.m.a.ExceptionHandlerExceptionResolver - Resolved [com.geoknoesis.trustweave.saas.server.exception.ResourceNotFoundException: TrustSpace not found]
22:52:35.449 DEBUG [] org.hibernate.SQL - select u1_0.id,u1_0.created_at,u1_0.email,u1_0.keycloak_user_id,u1_0.name from users u1_0 where u1_0.keycloak_user_id=?
22:52:35.467 DEBUG [] org.hibernate.SQL - insert into users (created_at,email,keycloak_user_id,name) values (?,?,?,?)
22:52:35.479 DEBUG [] org.hibernate.SQL - select o1_0.id,o1_0.accountly_subscriber_id,o1_0.accountly_subscription_id,o1_0.blockchain_network_settings,o1_0.created_at,o1_0.entitlement_snapshot,o1_0.accountly_killbill_account_id,o1_0.name,o1_0.owner_id,o1_0.preferred_blockchain_network_id,o1_0.settings,o1_0.snapshot_refreshed_at,o1_0.stripe_customer_id,o1_0.stripe_subscription_id,o1_0.tier,o1_0.transaction_cost_tracking_enabled,o1_0.version from organizations o1_0 where o1_0.owner_id=?
22:52:35.491 DEBUG [] org.hibernate.SQL - insert into organizations (accountly_subscriber_id,accountly_subscription_id,blockchain_network_settings,created_at,entitlement_snapshot,accountly_killbill_account_id,name,owner_id,preferred_blockchain_network_id,settings,snapshot_refreshed_at,stripe_customer_id,stripe_subscription_id,tier,transaction_cost_tracking_enabled,version) values (?,?,?,?,?,?,?,?,?,?,?,?,?,?,?,?)
22:52:35.499 DEBUG [] org.hibernate.SQL - insert into organizations (accountly_subscriber_id,accountly_subscription_id,blockchain_network_settings,created_at,entitlement_snapshot,accountly_killbill_account_id,name,owner_id,preferred_blockchain_network_id,settings,snapshot_refreshed_at,stripe_customer_id,stripe_subscription_id,tier,transaction_cost_tracking_enabled,version) values (?,?,?,?,?,?,?,?,?,?,?,?,?,?,?,?)
22:52:35.504 DEBUG [] org.hibernate.SQL - insert into trust_spaces (blockchain_network_id,created_at,description,environment,name,organization_id,settings,trust_model,verification_level) values (?,?,?,?,?,?,?,?,?)
22:52:35.525 DEBUG [2744705e-3bf7-4779-9cc8-552261ee747e] o.s.security.web.FilterChainProxy - Securing GET /api/trust-spaces/22
22:52:35.527 DEBUG [2744705e-3bf7-4779-9cc8-552261ee747e] o.s.s.o.s.r.a.JwtAuthenticationProvider - Authenticated token
22:52:35.528 DEBUG [2744705e-3bf7-4779-9cc8-552261ee747e] o.s.s.o.s.r.w.a.BearerTokenAuthenticationFilter - Set SecurityContextHolder to JwtAuthenticationToken [Principal=org.springframework.security.oauth2.jwt.Jwt@f91a70a9, Credentials=[PROTECTED], Authenticated=true, Details=WebAuthenticationDetails [RemoteIpAddress=127.0.0.1, SessionId=null], Granted Authorities=[ROLE_default-roles-test-realm, ROLE_offline_access, ROLE_uma_authorization]]
22:52:35.529 DEBUG [2744705e-3bf7-4779-9cc8-552261ee747e] o.s.security.web.FilterChainProxy - Secured GET /api/trust-spaces/22
22:52:35.529 DEBUG [2744705e-3bf7-4779-9cc8-552261ee747e] o.s.w.s.m.m.a.RequestMappingHandlerMapping - Mapped to com.geoknoesis.trustweave.saas.server.controller.TrustSpaceController#getDomain(long)
22:52:35.532 DEBUG [2744705e-3bf7-4779-9cc8-552261ee747e] org.hibernate.SQL - select u1_0.id,u1_0.created_at,u1_0.email,u1_0.keycloak_user_id,u1_0.name from users u1_0 where u1_0.keycloak_user_id=?
22:52:35.552 DEBUG [2744705e-3bf7-4779-9cc8-552261ee747e] org.hibernate.SQL - select o1_0.id,o1_0.accountly_subscriber_id,o1_0.accountly_subscription_id,o1_0.blockchain_network_settings,o1_0.created_at,o1_0.entitlement_snapshot,o1_0.accountly_killbill_account_id,o1_0.name,o1_0.owner_id,o1_0.preferred_blockchain_network_id,o1_0.settings,o1_0.snapshot_refreshed_at,o1_0.stripe_customer_id,o1_0.stripe_subscription_id,o1_0.tier,o1_0.transaction_cost_tracking_enabled,o1_0.version from organizations o1_0 where o1_0.owner_id=?
22:52:35.563 DEBUG [2744705e-3bf7-4779-9cc8-552261ee747e] org.hibernate.SQL - select ugm1_0.id,ugm1_0.group_id,ugm1_0.user_id from user_group_memberships ugm1_0 where ugm1_0.user_id=?
22:52:35.591 DEBUG [2744705e-3bf7-4779-9cc8-552261ee747e] org.hibernate.SQL - select ura1_0.id,ura1_0.created_at,ura1_0.role_id,ura1_0.trust_space_id,ura1_0.user_id from user_role_assignments ura1_0 where ura1_0.user_id=?
22:52:35.609 DEBUG [2744705e-3bf7-4779-9cc8-552261ee747e] o.s.w.s.m.m.a.ExceptionHandlerExceptionResolver - Using @ExceptionHandler com.geoknoesis.trustweave.saas.server.exception.GlobalExceptionHandler#handleResourceNotFound(ResourceNotFoundException)
22:52:35.609 DEBUG [2744705e-3bf7-4779-9cc8-552261ee747e] o.s.w.s.m.m.a.HttpEntityMethodProcessor - Using 'application/json', given [*/*] and supported [application/json, application/*+json, application/cbor]
22:52:35.610 DEBUG [2744705e-3bf7-4779-9cc8-552261ee747e] o.s.w.s.m.m.a.HttpEntityMethodProcessor - Writing [ErrorResponse(message=TrustSpace not found, status=404, timestamp=2026-09-11T02:52:35.609405100Z)]
22:52:35.610 DEBUG [2744705e-3bf7-4779-9cc8-552261ee747e] o.s.w.s.m.m.a.ExceptionHandlerExceptionResolver - Resolved [com.geoknoesis.trustweave.saas.server.exception.ResourceNotFoundException: TrustSpace not found]
22:52:36.842 DEBUG [] org.hibernate.SQL - select u1_0.id,u1_0.created_at,u1_0.email,u1_0.keycloak_user_id,u1_0.name from users u1_0 where u1_0.keycloak_user_id=?
22:52:36.845 DEBUG [] org.hibernate.SQL - insert into users (created_at,email,keycloak_user_id,name) values (?,?,?,?)
22:52:36.849 DEBUG [] org.hibernate.SQL - select o1_0.id,o1_0.accountly_subscriber_id,o1_0.accountly_subscription_id,o1_0.blockchain_network_settings,o1_0.created_at,o1_0.entitlement_snapshot,o1_0.accountly_killbill_account_id,o1_0.name,o1_0.owner_id,o1_0.preferred_blockchain_network_id,o1_0.settings,o1_0.snapshot_refreshed_at,o1_0.stripe_customer_id,o1_0.stripe_subscription_id,o1_0.tier,o1_0.transaction_cost_tracking_enabled,o1_0.version from organizations o1_0 where o1_0.owner_id=?
22:52:36.852 DEBUG [] org.hibernate.SQL - insert into organizations (accountly_subscriber_id,accountly_subscription_id,blockchain_network_settings,created_at,entitlement_snapshot,accountly_killbill_account_id,name,owner_id,preferred_blockchain_network_id,settings,snapshot_refreshed_at,stripe_customer_id,stripe_subscription_id,tier,transaction_cost_tracking_enabled,version) values (?,?,?,?,?,?,?,?,?,?,?,?,?,?,?,?)
22:52:36.856 DEBUG [] org.hibernate.SQL - insert into trust_spaces (blockchain_network_id,created_at,description,environment,name,organization_id,settings,trust_model,verification_level) values (?,?,?,?,?,?,?,?,?)
22:52:36.872 DEBUG [71728dfe-333f-46e0-b3bd-706da19fea2e] o.s.security.web.FilterChainProxy - Securing GET /api/trust-spaces/23
22:52:36.873 DEBUG [71728dfe-333f-46e0-b3bd-706da19fea2e] o.s.s.w.a.AnonymousAuthenticationFilter - Set SecurityContextHolder to anonymous SecurityContext
]]></system-out>
  <system-err><![CDATA[]]></system-err>
</testsuite>
