<?xml version="1.0" encoding="UTF-8"?>
<testsuite name="com.geoknoesis.trustweave.saas.server.controller.UserControllerIntegrationTest" tests="4" skipped="0" failures="0" errors="0" timestamp="2026-09-11T02:52:50.046Z" hostname="THEMATRIX" time="6.008">
  <properties/>
  <testcase name="getAllUsers should return all users()" classname="com.geoknoesis.trustweave.saas.server.controller.UserControllerIntegrationTest" time="1.822"/>
  <testcase name="getCurrentUser should return current user()" classname="com.geoknoesis.trustweave.saas.server.controller.UserControllerIntegrationTest" time="1.266"/>
  <testcase name="getUserById should return user when found()" classname="com.geoknoesis.trustweave.saas.server.controller.UserControllerIntegrationTest" time="1.482"/>
  <testcase name="getUserById should return 404 when not found()" classname="com.geoknoesis.trustweave.saas.server.controller.UserControllerIntegrationTest" time="1.425"/>
  <system-out><![CDATA[22:52:50.047 DEBUG [] o.s.b.t.c.SpringBootTestContextBootstrapper - Neither @ContextConfiguration nor @ContextHierarchy found for test class [UserControllerIntegrationTest]: using SpringBootContextLoader
22:52:50.049 DEBUG [] o.s.b.t.c.SpringBootTestContextBootstrapper - Using ContextCustomizerFactory implementations for test class [UserControllerIntegrationTest]: [OnFailureConditionReportContextCustomizerFactory, OverrideAutoConfigurationContextCustomizerFactory, ObservabilityContextCustomizerFactory, TypeExcludeFiltersContextCustomizerFactory, PropertyMappingContextCustomizerFactory, WebDriverContextCustomizerFactory, ImportsContextCustomizerFactory, ExcludeFilterContextCustomizerFactory, HttpGraphQlTesterContextCustomizerFactory, DuplicateJsonObjectContextCustomizerFactory, MockitoContextCustomizerFactory, TestRestTemplateContextCustomizerFactory, WebTestClientContextCustomizerFactory, DisableReactorResourceFactoryGlobalResourcesContextCustomizerFactory, BeanOverrideContextCustomizerFactory, MockServerContainerContextCustomizerFactory, DynamicPropertiesContextCustomizerFactory]
22:52:50.051 DEBUG [] o.s.b.t.c.SpringBootTestContextBootstrapper - Using ContextCustomizers for test class [UserControllerIntegrationTest]: [OnFailureConditionReportContextCustomizer, DisableObservabilityContextCustomizer, PropertyMappingContextCustomizer, WebDriverContextCustomizer, ImportsContextCustomizer, ExcludeFilterContextCustomizer, DuplicateJsonObjectContextCustomizer, MockitoContextCustomizer, TestRestTemplateContextCustomizer, DisableReactorResourceFactoryGlobalResourcesContextCustomizerCustomizer, DynamicPropertiesContextCustomizer]
22:52:50.053 INFO  [] o.s.b.t.c.SpringBootTestContextBootstrapper - Found @SpringBootConfiguration com.geoknoesis.trustweave.saas.server.Application for test class com.geoknoesis.trustweave.saas.server.controller.UserControllerIntegrationTest
22:52:50.054 DEBUG [] o.s.b.t.c.SpringBootTestContextBootstrapper - Using TestExecutionListeners for test class [UserControllerIntegrationTest]: [ServletTestExecutionListener, DirtiesContextBeforeModesTestExecutionListener, ApplicationEventsTestExecutionListener, MockitoTestExecutionListener, BeanOverrideTestExecutionListener, DependencyInjectionTestExecutionListener, MicrometerObservationRegistryTestExecutionListener, DirtiesContextTestExecutionListener, CommonCachesTestExecutionListener, TransactionalTestExecutionListener, SqlScriptsTestExecutionListener, WithSecurityContextTestExecutionListener, EventPublishingTestExecutionListener, ReactorContextTestExecutionListener, RestDocsTestExecutionListener, MockRestServiceServerResetTestExecutionListener, MockMvcPrintOnlyOnFailureTestExecutionListener, WebDriverTestExecutionListener, MockWebServiceServerTestExecutionListener, ResetMocksTestExecutionListener, MockitoResetTestExecutionListener]
22:52:51.692 DEBUG [] org.hibernate.SQL - select u1_0.id,u1_0.created_at,u1_0.email,u1_0.keycloak_user_id,u1_0.name from users u1_0 where u1_0.keycloak_user_id=?
22:52:51.703 DEBUG [] org.hibernate.SQL - insert into users (created_at,email,keycloak_user_id,name) values (?,?,?,?)
22:52:51.711 DEBUG [] org.hibernate.SQL - insert into users (created_at,email,keycloak_user_id,name) values (?,?,?,?)
22:52:51.730 DEBUG [347036dd-dc6d-439b-8daa-112824e228b9] o.s.security.web.FilterChainProxy - Securing GET /api/users
22:52:51.731 DEBUG [347036dd-dc6d-439b-8daa-112824e228b9] o.s.s.o.s.r.a.JwtAuthenticationProvider - Authenticated token
22:52:51.732 DEBUG [347036dd-dc6d-439b-8daa-112824e228b9] o.s.s.o.s.r.w.a.BearerTokenAuthenticationFilter - Set SecurityContextHolder to JwtAuthenticationToken [Principal=org.springframework.security.oauth2.jwt.Jwt@482645a9, Credentials=[PROTECTED], Authenticated=true, Details=WebAuthenticationDetails [RemoteIpAddress=127.0.0.1, SessionId=null], Granted Authorities=[ROLE_default-roles-test-realm, ROLE_offline_access, ROLE_admin, ROLE_uma_authorization]]
22:52:51.733 DEBUG [347036dd-dc6d-439b-8daa-112824e228b9] o.s.security.web.FilterChainProxy - Secured GET /api/users
22:52:51.733 DEBUG [347036dd-dc6d-439b-8daa-112824e228b9] o.s.w.s.m.m.a.RequestMappingHandlerMapping - Mapped to com.geoknoesis.trustweave.saas.server.controller.UserController#getAllUsers()
22:52:51.735 DEBUG [347036dd-dc6d-439b-8daa-112824e228b9] org.hibernate.SQL - select u1_0.id,u1_0.created_at,u1_0.email,u1_0.keycloak_user_id,u1_0.name from users u1_0 where u1_0.keycloak_user_id=?
22:52:51.746 DEBUG [347036dd-dc6d-439b-8daa-112824e228b9] org.hibernate.SQL - select o1_0.id,o1_0.accountly_subscriber_id,o1_0.accountly_subscription_id,o1_0.blockchain_network_settings,o1_0.created_at,o1_0.entitlement_snapshot,o1_0.accountly_killbill_account_id,o1_0.name,o1_0.owner_id,o1_0.preferred_blockchain_network_id,o1_0.settings,o1_0.snapshot_refreshed_at,o1_0.stripe_customer_id,o1_0.stripe_subscription_id,o1_0.tier,o1_0.transaction_cost_tracking_enabled,o1_0.version from organizations o1_0 where o1_0.owner_id=?
22:52:51.755 DEBUG [347036dd-dc6d-439b-8daa-112824e228b9] org.hibernate.SQL - select ugm1_0.id,ugm1_0.group_id,ugm1_0.user_id from user_group_memberships ugm1_0 where ugm1_0.user_id=?
22:52:51.776 DEBUG [347036dd-dc6d-439b-8daa-112824e228b9] org.hibernate.SQL - select ura1_0.id,ura1_0.created_at,ura1_0.role_id,ura1_0.trust_space_id,ura1_0.user_id from user_role_assignments ura1_0 where ura1_0.user_id=?
22:52:51.781 INFO  [347036dd-dc6d-439b-8daa-112824e228b9] c.g.t.s.s.s.OrganizationContextService - Creating default organization for user 58
22:52:51.782 DEBUG [347036dd-dc6d-439b-8daa-112824e228b9] org.hibernate.SQL - insert into organizations (accountly_subscriber_id,accountly_subscription_id,blockchain_network_settings,created_at,entitlement_snapshot,accountly_killbill_account_id,name,owner_id,preferred_blockchain_network_id,settings,snapshot_refreshed_at,stripe_customer_id,stripe_subscription_id,tier,transaction_cost_tracking_enabled,version) values (?,?,?,?,?,?,?,?,?,?,?,?,?,?,?,?)
22:52:51.792 DEBUG [347036dd-dc6d-439b-8daa-112824e228b9] org.hibernate.SQL - select u1_0.id,u1_0.created_at,u1_0.email,u1_0.keycloak_user_id,u1_0.name from users u1_0 where u1_0.keycloak_user_id=?
22:52:51.802 DEBUG [347036dd-dc6d-439b-8daa-112824e228b9] org.hibernate.SQL - select o1_0.id,o1_0.accountly_subscriber_id,o1_0.accountly_subscription_id,o1_0.blockchain_network_settings,o1_0.created_at,o1_0.entitlement_snapshot,o1_0.accountly_killbill_account_id,o1_0.name,o1_0.owner_id,o1_0.preferred_blockchain_network_id,o1_0.settings,o1_0.snapshot_refreshed_at,o1_0.stripe_customer_id,o1_0.stripe_subscription_id,o1_0.tier,o1_0.transaction_cost_tracking_enabled,o1_0.version from organizations o1_0 where o1_0.owner_id=?
22:52:51.814 DEBUG [347036dd-dc6d-439b-8daa-112824e228b9] org.hibernate.SQL - select ugm1_0.id,ugm1_0.group_id,ugm1_0.user_id from user_group_memberships ugm1_0 where ugm1_0.user_id=?
22:52:51.829 DEBUG [347036dd-dc6d-439b-8daa-112824e228b9] org.hibernate.SQL - select u1_0.id,u1_0.created_at,u1_0.email,u1_0.keycloak_user_id,u1_0.name from users u1_0 where (exists(select o1_0.id from organizations o1_0 where o1_0.id=? and o1_0.owner_id=u1_0.id) or exists(select ugm1_0.id from user_group_memberships ugm1_0,user_groups ug1_0 where ugm1_0.user_id=u1_0.id and ugm1_0.group_id=ug1_0.id and ug1_0.organization_id=?)) and (?='' or position(lower(?) in lower(u1_0.email))>0 or position(lower(?) in lower(u1_0.name))>0) order by u1_0.id
22:52:51.867 DEBUG [347036dd-dc6d-439b-8daa-112824e228b9] o.s.w.s.m.m.a.HttpEntityMethodProcessor - Using 'application/json', given [*/*] and supported [application/json, application/*+json, application/cbor]
22:52:51.867 DEBUG [347036dd-dc6d-439b-8daa-112824e228b9] o.s.w.s.m.m.a.HttpEntityMethodProcessor - Writing [[UserDto(id=58, keycloakUserId=d2a120e9-4d80-4eb4-a4ef-e0766f60a1df, email=admin@example.com, name=T (truncated)...]
22:52:53.098 DEBUG [] org.hibernate.SQL - select u1_0.id,u1_0.created_at,u1_0.email,u1_0.keycloak_user_id,u1_0.name from users u1_0 where u1_0.keycloak_user_id=?
22:52:53.101 DEBUG [] org.hibernate.SQL - insert into users (created_at,email,keycloak_user_id,name) values (?,?,?,?)
22:52:53.109 DEBUG [5f51e2da-98c5-4ed9-a50d-11f12dad646e] o.s.security.web.FilterChainProxy - Securing GET /api/users/me
22:52:53.111 DEBUG [5f51e2da-98c5-4ed9-a50d-11f12dad646e] o.s.s.o.s.r.a.JwtAuthenticationProvider - Authenticated token
22:52:53.111 DEBUG [5f51e2da-98c5-4ed9-a50d-11f12dad646e] o.s.s.o.s.r.w.a.BearerTokenAuthenticationFilter - Set SecurityContextHolder to JwtAuthenticationToken [Principal=org.springframework.security.oauth2.jwt.Jwt@bc2b7614, Credentials=[PROTECTED], Authenticated=true, Details=WebAuthenticationDetails [RemoteIpAddress=127.0.0.1, SessionId=null], Granted Authorities=[ROLE_default-roles-test-realm, ROLE_offline_access, ROLE_admin, ROLE_uma_authorization]]
22:52:53.113 DEBUG [5f51e2da-98c5-4ed9-a50d-11f12dad646e] o.s.security.web.FilterChainProxy - Secured GET /api/users/me
22:52:53.113 DEBUG [5f51e2da-98c5-4ed9-a50d-11f12dad646e] o.s.w.s.m.m.a.RequestMappingHandlerMapping - Mapped to com.geoknoesis.trustweave.saas.server.controller.UserController#getCurrentUser()
22:52:53.115 DEBUG [5f51e2da-98c5-4ed9-a50d-11f12dad646e] org.hibernate.SQL - select u1_0.id,u1_0.created_at,u1_0.email,u1_0.keycloak_user_id,u1_0.name from users u1_0 where u1_0.keycloak_user_id=?
22:52:53.135 DEBUG [5f51e2da-98c5-4ed9-a50d-11f12dad646e] o.s.w.s.m.m.a.HttpEntityMethodProcessor - Using 'application/json', given [*/*] and supported [application/json, application/*+json, application/cbor]
22:52:53.135 DEBUG [5f51e2da-98c5-4ed9-a50d-11f12dad646e] o.s.w.s.m.m.a.HttpEntityMethodProcessor - Writing [UserDto(id=60, keycloakUserId=d2a120e9-4d80-4eb4-a4ef-e0766f60a1df, email=admin@example.com, name=Te (truncated)...]
22:52:54.549 DEBUG [] org.hibernate.SQL - select u1_0.id,u1_0.created_at,u1_0.email,u1_0.keycloak_user_id,u1_0.name from users u1_0 where u1_0.keycloak_user_id=?
22:52:54.570 DEBUG [] org.hibernate.SQL - insert into users (created_at,email,keycloak_user_id,name) values (?,?,?,?)
22:52:54.582 DEBUG [b992f1d2-83fb-4769-8ac2-824bc067c9f3] o.s.security.web.FilterChainProxy - Securing GET /api/users/61
22:52:54.585 DEBUG [b992f1d2-83fb-4769-8ac2-824bc067c9f3] o.s.s.o.s.r.a.JwtAuthenticationProvider - Authenticated token
22:52:54.585 DEBUG [b992f1d2-83fb-4769-8ac2-824bc067c9f3] o.s.s.o.s.r.w.a.BearerTokenAuthenticationFilter - Set SecurityContextHolder to JwtAuthenticationToken [Principal=org.springframework.security.oauth2.jwt.Jwt@94c78095, Credentials=[PROTECTED], Authenticated=true, Details=WebAuthenticationDetails [RemoteIpAddress=127.0.0.1, SessionId=null], Granted Authorities=[ROLE_default-roles-test-realm, ROLE_offline_access, ROLE_admin, ROLE_uma_authorization]]
22:52:54.586 DEBUG [b992f1d2-83fb-4769-8ac2-824bc067c9f3] o.s.security.web.FilterChainProxy - Secured GET /api/users/61
22:52:54.586 DEBUG [b992f1d2-83fb-4769-8ac2-824bc067c9f3] o.s.w.s.m.m.a.RequestMappingHandlerMapping - Mapped to com.geoknoesis.trustweave.saas.server.controller.UserController#getUserById(long)
22:52:54.588 DEBUG [b992f1d2-83fb-4769-8ac2-824bc067c9f3] org.hibernate.SQL - select u1_0.id,u1_0.created_at,u1_0.email,u1_0.keycloak_user_id,u1_0.name from users u1_0 where u1_0.keycloak_user_id=?
22:52:54.613 DEBUG [b992f1d2-83fb-4769-8ac2-824bc067c9f3] o.s.w.s.m.m.a.HttpEntityMethodProcessor - Using 'application/json', given [*/*] and supported [application/json, application/*+json, application/cbor]
22:52:54.614 DEBUG [b992f1d2-83fb-4769-8ac2-824bc067c9f3] o.s.w.s.m.m.a.HttpEntityMethodProcessor - Writing [UserDto(id=61, keycloakUserId=d2a120e9-4d80-4eb4-a4ef-e0766f60a1df, email=admin@example.com, name=Te (truncated)...]
22:52:55.970 DEBUG [] org.hibernate.SQL - select u1_0.id,u1_0.created_at,u1_0.email,u1_0.keycloak_user_id,u1_0.name from users u1_0 where u1_0.keycloak_user_id=?
22:52:55.977 DEBUG [] org.hibernate.SQL - insert into users (created_at,email,keycloak_user_id,name) values (?,?,?,?)
22:52:55.988 DEBUG [0882d855-b611-4268-8678-7a21d2ee3e22] o.s.security.web.FilterChainProxy - Securing GET /api/users/999
22:52:55.990 DEBUG [0882d855-b611-4268-8678-7a21d2ee3e22] o.s.s.o.s.r.a.JwtAuthenticationProvider - Authenticated token
22:52:55.990 DEBUG [0882d855-b611-4268-8678-7a21d2ee3e22] o.s.s.o.s.r.w.a.BearerTokenAuthenticationFilter - Set SecurityContextHolder to JwtAuthenticationToken [Principal=org.springframework.security.oauth2.jwt.Jwt@4b6586ff, Credentials=[PROTECTED], Authenticated=true, Details=WebAuthenticationDetails [RemoteIpAddress=127.0.0.1, SessionId=null], Granted Authorities=[ROLE_default-roles-test-realm, ROLE_offline_access, ROLE_admin, ROLE_uma_authorization]]
22:52:55.991 DEBUG [0882d855-b611-4268-8678-7a21d2ee3e22] o.s.security.web.FilterChainProxy - Secured GET /api/users/999
22:52:55.992 DEBUG [0882d855-b611-4268-8678-7a21d2ee3e22] o.s.w.s.m.m.a.RequestMappingHandlerMapping - Mapped to com.geoknoesis.trustweave.saas.server.controller.UserController#getUserById(long)
22:52:55.993 DEBUG [0882d855-b611-4268-8678-7a21d2ee3e22] org.hibernate.SQL - select u1_0.id,u1_0.created_at,u1_0.email,u1_0.keycloak_user_id,u1_0.name from users u1_0 where u1_0.keycloak_user_id=?
22:52:55.996 DEBUG [0882d855-b611-4268-8678-7a21d2ee3e22] org.hibernate.SQL - select u1_0.id,u1_0.created_at,u1_0.email,u1_0.keycloak_user_id,u1_0.name from users u1_0 where u1_0.keycloak_user_id=?
22:52:55.999 DEBUG [0882d855-b611-4268-8678-7a21d2ee3e22] org.hibernate.SQL - select o1_0.id,o1_0.accountly_subscriber_id,o1_0.accountly_subscription_id,o1_0.blockchain_network_settings,o1_0.created_at,o1_0.entitlement_snapshot,o1_0.accountly_killbill_account_id,o1_0.name,o1_0.owner_id,o1_0.preferred_blockchain_network_id,o1_0.settings,o1_0.snapshot_refreshed_at,o1_0.stripe_customer_id,o1_0.stripe_subscription_id,o1_0.tier,o1_0.transaction_cost_tracking_enabled,o1_0.version from organizations o1_0 where o1_0.owner_id=?
22:52:56.005 DEBUG [0882d855-b611-4268-8678-7a21d2ee3e22] org.hibernate.SQL - select ugm1_0.id,ugm1_0.group_id,ugm1_0.user_id from user_group_memberships ugm1_0 where ugm1_0.user_id=?
22:52:56.013 DEBUG [0882d855-b611-4268-8678-7a21d2ee3e22] org.hibernate.SQL - select ura1_0.id,ura1_0.created_at,ura1_0.role_id,ura1_0.trust_space_id,ura1_0.user_id from user_role_assignments ura1_0 where ura1_0.user_id=?
22:52:56.015 INFO  [0882d855-b611-4268-8678-7a21d2ee3e22] c.g.t.s.s.s.OrganizationContextService - Creating default organization for user 62
22:52:56.016 DEBUG [0882d855-b611-4268-8678-7a21d2ee3e22] org.hibernate.SQL - insert into organizations (accountly_subscriber_id,accountly_subscription_id,blockchain_network_settings,created_at,entitlement_snapshot,accountly_killbill_account_id,name,owner_id,preferred_blockchain_network_id,settings,snapshot_refreshed_at,stripe_customer_id,stripe_subscription_id,tier,transaction_cost_tracking_enabled,version) values (?,?,?,?,?,?,?,?,?,?,?,?,?,?,?,?)
22:52:56.029 DEBUG [0882d855-b611-4268-8678-7a21d2ee3e22] org.hibernate.SQL - select u1_0.id,u1_0.created_at,u1_0.email,u1_0.keycloak_user_id,u1_0.name from users u1_0 where u1_0.keycloak_user_id=?
22:52:56.032 DEBUG [0882d855-b611-4268-8678-7a21d2ee3e22] org.hibernate.SQL - select o1_0.id,o1_0.accountly_subscriber_id,o1_0.accountly_subscription_id,o1_0.blockchain_network_settings,o1_0.created_at,o1_0.entitlement_snapshot,o1_0.accountly_killbill_account_id,o1_0.name,o1_0.owner_id,o1_0.preferred_blockchain_network_id,o1_0.settings,o1_0.snapshot_refreshed_at,o1_0.stripe_customer_id,o1_0.stripe_subscription_id,o1_0.tier,o1_0.transaction_cost_tracking_enabled,o1_0.version from organizations o1_0 where o1_0.owner_id=?
22:52:56.035 DEBUG [0882d855-b611-4268-8678-7a21d2ee3e22] org.hibernate.SQL - select ugm1_0.id,ugm1_0.group_id,ugm1_0.user_id from user_group_memberships ugm1_0 where ugm1_0.user_id=?
22:52:56.037 DEBUG [0882d855-b611-4268-8678-7a21d2ee3e22] org.hibernate.SQL - select u1_0.id,u1_0.created_at,u1_0.email,u1_0.keycloak_user_id,u1_0.name from users u1_0 where (exists(select o1_0.id from organizations o1_0 where o1_0.id=? and o1_0.owner_id=u1_0.id) or exists(select ugm1_0.id from user_group_memberships ugm1_0,user_groups ug1_0 where ugm1_0.user_id=u1_0.id and ugm1_0.group_id=ug1_0.id and ug1_0.organization_id=?)) and (?='' or position(lower(?) in lower(u1_0.email))>0 or position(lower(?) in lower(u1_0.name))>0) order by u1_0.id
22:52:56.041 DEBUG [0882d855-b611-4268-8678-7a21d2ee3e22] o.s.w.s.m.m.a.ExceptionHandlerExceptionResolver - Using @ExceptionHandler com.geoknoesis.trustweave.saas.server.exception.GlobalExceptionHandler#handleResourceNotFound(ResourceNotFoundException)
22:52:56.042 DEBUG [0882d855-b611-4268-8678-7a21d2ee3e22] o.s.w.s.m.m.a.HttpEntityMethodProcessor - Using 'application/json', given [*/*] and supported [application/json, application/*+json, application/cbor]
22:52:56.042 DEBUG [0882d855-b611-4268-8678-7a21d2ee3e22] o.s.w.s.m.m.a.HttpEntityMethodProcessor - Writing [ErrorResponse(message=User not found, status=404, timestamp=2026-09-11T02:52:56.041871400Z)]
22:52:56.043 DEBUG [0882d855-b611-4268-8678-7a21d2ee3e22] o.s.w.s.m.m.a.ExceptionHandlerExceptionResolver - Resolved [com.geoknoesis.trustweave.saas.server.exception.ResourceNotFoundException: User not found]
]]></system-out>
  <system-err><![CDATA[]]></system-err>
</testsuite>
