<?xml version="1.0" encoding="UTF-8"?>
<testsuite name="org.trustweave.examples.news.NewsIndustryExampleTest" tests="1" skipped="0" failures="0" errors="0" timestamp="2026-09-10T05:46:20.087Z" hostname="THEMATRIX" time="0.075">
  <properties/>
  <testcase name="scenario checks complete successfully()" classname="org.trustweave.examples.news.NewsIndustryExampleTest" time="0.074"/>
  <system-out><![CDATA[news-industry: original verified; JSON round-trip verified; tampering rejected
]]></system-out>
  <system-err><![CDATA[]]></system-err>
</testsuite>
